.12:29:31.698 [restartedMain] [user="" token=""] INFO  c.kawarides.DeliverykawaApplication - Starting DeliverykawaApplication on DESKTOP-CM1UI3C with PID 9884 (C:\Users\nikil\workspace\deliverykawa\target\classes started by nikil in C:\Users\nikil\workspace\deliverykawa) 
.12:29:31.704 [restartedMain] [user="" token=""] INFO  c.kawarides.DeliverykawaApplication - No active profile set, falling back to default profiles: default 
.12:29:31.871 [restartedMain] [user="" token=""] INFO  o.s.b.c.e.AnnotationConfigEmbeddedWebApplicationContext - Refreshing org.springframework.boot.context.embedded.AnnotationConfigEmbeddedWebApplicationContext@15d26ac8: startup date [Sun Jul 16 12:29:31 PDT 2017]; root of context hierarchy 
.12:29:32.357 [background-preinit] [user="" token=""] INFO  o.h.validator.internal.util.Version - HV000001: Hibernate Validator 5.3.5.Final 
.12:29:34.786 [restartedMain] [user="" token=""] INFO  o.s.b.c.e.t.TomcatEmbeddedServletContainer - Tomcat initialized with port(s): 8080 (http) 
.12:29:34.812 [restartedMain] [user="" token=""] INFO  o.a.catalina.core.StandardService - Starting service Tomcat 
.12:29:34.813 [restartedMain] [user="" token=""] INFO  o.a.catalina.core.StandardEngine - Starting Servlet Engine: Apache Tomcat/8.5.14 
.12:29:35.206 [localhost-startStop-1] [user="" token=""] INFO  org.apache.jasper.servlet.TldScanner - At least one JAR was scanned for TLDs yet contained no TLDs. Enable debug logging for this logger for a complete list of JARs that were scanned but no TLDs were found in them. Skipping unneeded JARs during scanning can improve startup time and JSP compilation time. 
.12:29:35.210 [localhost-startStop-1] [user="" token=""] INFO  o.a.c.c.C.[.[.[/kawadelivery] - Initializing Spring embedded WebApplicationContext 
.12:29:35.211 [localhost-startStop-1] [user="" token=""] INFO  o.s.web.context.ContextLoader - Root WebApplicationContext: initialization completed in 3340 ms 
.12:29:35.526 [localhost-startStop-1] [user="" token=""] INFO  o.s.b.w.s.FilterRegistrationBean - Mapping filter: 'characterEncodingFilter' to: [/*] 
.12:29:35.527 [localhost-startStop-1] [user="" token=""] INFO  o.s.b.w.s.FilterRegistrationBean - Mapping filter: 'hiddenHttpMethodFilter' to: [/*] 
.12:29:35.527 [localhost-startStop-1] [user="" token=""] INFO  o.s.b.w.s.FilterRegistrationBean - Mapping filter: 'httpPutFormContentFilter' to: [/*] 
.12:29:35.527 [localhost-startStop-1] [user="" token=""] INFO  o.s.b.w.s.FilterRegistrationBean - Mapping filter: 'requestContextFilter' to: [/*] 
.12:29:35.528 [localhost-startStop-1] [user="" token=""] INFO  o.s.b.w.s.DelegatingFilterProxyRegistrationBean - Mapping filter: 'springSecurityFilterChain' to: [/*] 
.12:29:35.529 [localhost-startStop-1] [user="" token=""] INFO  o.s.b.w.s.ServletRegistrationBean - Mapping servlet: 'dispatcherServlet' to [/] 
.12:29:36.884 [restartedMain] [user="" token=""] INFO  o.s.o.j.LocalContainerEntityManagerFactoryBean - Building JPA container EntityManagerFactory for persistence unit 'default' 
.12:29:36.909 [restartedMain] [user="" token=""] INFO  o.h.jpa.internal.util.LogHelper - HHH000204: Processing PersistenceUnitInfo [
	name: default
	...] 
.12:29:37.018 [restartedMain] [user="" token=""] INFO  org.hibernate.Version - HHH000412: Hibernate Core {5.0.12.Final} 
.12:29:37.020 [restartedMain] [user="" token=""] INFO  org.hibernate.cfg.Environment - HHH000206: hibernate.properties not found 
.12:29:37.023 [restartedMain] [user="" token=""] INFO  org.hibernate.cfg.Environment - HHH000021: Bytecode provider name : javassist 
.12:29:37.083 [restartedMain] [user="" token=""] INFO  o.h.annotations.common.Version - HCANN000001: Hibernate Commons Annotations {5.0.1.Final} 
.12:29:37.300 [restartedMain] [user="" token=""] INFO  org.hibernate.dialect.Dialect - HHH000400: Using dialect: org.hibernate.dialect.MySQL5Dialect 
.12:29:37.905 [restartedMain] [user="" token=""] INFO  o.h.tool.hbm2ddl.SchemaUpdate - HHH000228: Running hbm2ddl schema update 
.12:29:39.957 [restartedMain] [user="" token=""] INFO  o.s.o.j.LocalContainerEntityManagerFactoryBean - Initialized JPA EntityManagerFactory for persistence unit 'default' 
.12:29:40.884 [restartedMain] [user="" token=""] INFO  o.h.h.i.QueryTranslatorFactoryInitiator - HHH000397: Using ASTQueryTranslatorFactory 
.12:29:41.833 [restartedMain] [user="" token=""] INFO  o.s.aop.framework.CglibAopProxy - Final method [protected final org.springframework.context.ApplicationContext org.springframework.security.config.annotation.web.configuration.WebSecurityConfigurerAdapter.getApplicationContext()] cannot get proxied via CGLIB: Calls to this method will NOT be routed to the target instance and might lead to NPEs against uninitialized fields in the proxy instance. 
.12:29:41.834 [restartedMain] [user="" token=""] INFO  o.s.aop.framework.CglibAopProxy - Final method [protected final org.springframework.security.config.annotation.web.builders.HttpSecurity org.springframework.security.config.annotation.web.configuration.WebSecurityConfigurerAdapter.getHttp() throws java.lang.Exception] cannot get proxied via CGLIB: Calls to this method will NOT be routed to the target instance and might lead to NPEs against uninitialized fields in the proxy instance. 
.12:29:42.184 [restartedMain] [user="" token=""] INFO  c.k.admin.aspect.LoggerAspect - SecurityConfiguration$$EnhancerBySpringCGLIB$$c3a310bc : configure 
.12:29:42.186 [restartedMain] [user="" token=""] INFO  o.s.s.web.DefaultSecurityFilterChain - Creating filter chain: Ant [pattern='/resources/**'], [] 
.12:29:42.408 [restartedMain] [user="" token=""] INFO  o.s.s.web.DefaultSecurityFilterChain - Creating filter chain: org.springframework.security.web.util.matcher.AnyRequestMatcher@1, [org.springframework.security.web.context.request.async.WebAsyncManagerIntegrationFilter@71f31d57, org.springframework.security.web.context.SecurityContextPersistenceFilter@292de04b, org.springframework.security.web.header.HeaderWriterFilter@24b1ada1, org.springframework.security.web.authentication.logout.LogoutFilter@68f599d2, org.springframework.security.web.authentication.UsernamePasswordAuthenticationFilter@2c3a6e8c, org.springframework.security.web.authentication.www.BasicAuthenticationFilter@32280ff8, org.springframework.security.web.savedrequest.RequestCacheAwareFilter@39c89aa8, org.springframework.security.web.servletapi.SecurityContextHolderAwareRequestFilter@d651f37, org.springframework.security.web.authentication.AnonymousAuthenticationFilter@561e0711, org.springframework.security.web.session.SessionManagementFilter@64a75dae, org.springframework.security.web.access.ExceptionTranslationFilter@69d3b34f, org.springframework.security.web.access.intercept.FilterSecurityInterceptor@6dc27b44] 
.12:29:42.663 [restartedMain] [user="" token=""] INFO  o.s.w.s.m.m.a.RequestMappingHandlerAdapter - Looking for @ControllerAdvice: org.springframework.boot.context.embedded.AnnotationConfigEmbeddedWebApplicationContext@15d26ac8: startup date [Sun Jul 16 12:29:31 PDT 2017]; root of context hierarchy 
.12:29:42.767 [restartedMain] [user="" token=""] INFO  o.s.w.s.m.m.a.RequestMappingHandlerMapping - Mapped "{[/category/list]}" onto public java.util.List<com.kawarides.admin.model.Categories> com.kawarides.admin.controller.api.CategoriesController.listCategory() 
.12:29:42.768 [restartedMain] [user="" token=""] INFO  o.s.w.s.m.m.a.RequestMappingHandlerMapping - Mapped "{[/category/add]}" onto public com.kawarides.admin.model.Categories com.kawarides.admin.controller.api.CategoriesController.addCateogory(com.kawarides.admin.model.Categories) 
.12:29:42.768 [restartedMain] [user="" token=""] INFO  o.s.w.s.m.m.a.RequestMappingHandlerMapping - Mapped "{[/category/list/{catId}]}" onto public com.kawarides.admin.model.Categories com.kawarides.admin.controller.api.CategoriesController.findOne(java.lang.Long) 
.12:29:42.768 [restartedMain] [user="" token=""] INFO  o.s.w.s.m.m.a.RequestMappingHandlerMapping - Mapped "{[/order/add]}" onto public com.kawarides.admin.model.CustomerOrder com.kawarides.admin.controller.api.CustomerOrderController.addcustomerOrder(com.kawarides.admin.model.CustomerOrder) 
.12:29:42.769 [restartedMain] [user="" token=""] INFO  o.s.w.s.m.m.a.RequestMappingHandlerMapping - Mapped "{[/user/list]}" onto public java.util.List<com.kawarides.admin.model.User> com.kawarides.admin.controller.api.UserController.userList() 
.12:29:42.770 [restartedMain] [user="" token=""] INFO  o.s.w.s.m.m.a.RequestMappingHandlerMapping - Mapped "{[/user/add]}" onto public com.kawarides.admin.model.User com.kawarides.admin.controller.api.UserController.addUser(com.kawarides.admin.model.User) 
.12:29:42.770 [restartedMain] [user="" token=""] INFO  o.s.w.s.m.m.a.RequestMappingHandlerMapping - Mapped "{[/user/delete/{userId}]}" onto public java.lang.String com.kawarides.admin.controller.api.UserController.deleteUser(java.lang.Long) 
.12:29:42.770 [restartedMain] [user="" token=""] INFO  o.s.w.s.m.m.a.RequestMappingHandlerMapping - Mapped "{[/user/list/{userId}]}" onto public com.kawarides.admin.model.User com.kawarides.admin.controller.api.UserController.findOne(java.lang.Long) 
.12:29:42.774 [restartedMain] [user="" token=""] INFO  o.s.w.s.m.m.a.RequestMappingHandlerMapping - Mapped "{[/brandsview/list],methods=[GET]}" onto public java.lang.String com.kawarides.admin.controller.view.BrandViewController.brandList(org.springframework.ui.Model) 
.12:29:42.775 [restartedMain] [user="" token=""] INFO  o.s.w.s.m.m.a.RequestMappingHandlerMapping - Mapped "{[/brandsview/form],methods=[GET]}" onto public java.lang.String com.kawarides.admin.controller.view.BrandViewController.insertform(com.kawarides.admin.model.Brands,org.springframework.ui.Model) 
.12:29:42.775 [restartedMain] [user="" token=""] INFO  o.s.w.s.m.m.a.RequestMappingHandlerMapping - Mapped "{[/brandsview/updateform/{id}],methods=[GET]}" onto public java.lang.String com.kawarides.admin.controller.view.BrandViewController.updateBrand(java.lang.Long,org.springframework.ui.Model,com.kawarides.admin.model.Brands) 
.12:29:42.775 [restartedMain] [user="" token=""] INFO  o.s.w.s.m.m.a.RequestMappingHandlerMapping - Mapped "{[/brandsview/deletebrand/{id}]}" onto public java.lang.String com.kawarides.admin.controller.view.BrandViewController.deleteBrand(java.lang.Long) 
.12:29:42.775 [restartedMain] [user="" token=""] INFO  o.s.w.s.m.m.a.RequestMappingHandlerMapping - Mapped "{[/brandsview/save],methods=[POST]}" onto public java.lang.String com.kawarides.admin.controller.view.BrandViewController.saveBrand(com.kawarides.admin.model.Brands) 
.12:29:42.777 [restartedMain] [user="" token=""] INFO  o.s.w.s.m.m.a.RequestMappingHandlerMapping - Mapped "{[/categoryview/form],methods=[GET]}" onto public java.lang.String com.kawarides.admin.controller.view.CategoryViewController.insertform(com.kawarides.admin.model.Categories,org.springframework.ui.Model) 
.12:29:42.777 [restartedMain] [user="" token=""] INFO  o.s.w.s.m.m.a.RequestMappingHandlerMapping - Mapped "{[/categoryview/list],methods=[GET]}" onto public java.lang.String com.kawarides.admin.controller.view.CategoryViewController.categoryList(org.springframework.ui.Model) 
.12:29:42.777 [restartedMain] [user="" token=""] INFO  o.s.w.s.m.m.a.RequestMappingHandlerMapping - Mapped "{[/categoryview/updateform/{id}],methods=[GET]}" onto public java.lang.String com.kawarides.admin.controller.view.CategoryViewController.updateCategory(java.lang.Long,org.springframework.ui.Model,com.kawarides.admin.model.Categories) 
.12:29:42.777 [restartedMain] [user="" token=""] INFO  o.s.w.s.m.m.a.RequestMappingHandlerMapping - Mapped "{[/categoryview/deletecategory/{id}]}" onto public java.lang.String com.kawarides.admin.controller.view.CategoryViewController.deleteCategory(java.lang.Long) 
.12:29:42.777 [restartedMain] [user="" token=""] INFO  o.s.w.s.m.m.a.RequestMappingHandlerMapping - Mapped "{[/categoryview/save],methods=[POST]}" onto public java.lang.String com.kawarides.admin.controller.view.CategoryViewController.saveCategory(com.kawarides.admin.model.Categories) 
.12:29:42.778 [restartedMain] [user="" token=""] INFO  o.s.w.s.m.m.a.RequestMappingHandlerMapping - Mapped "{[/orderview/list]}" onto public java.lang.String com.kawarides.admin.controller.view.CustomerOrderViewController.customerOrderList(org.springframework.ui.Model,java.lang.Long) 
.12:29:42.779 [restartedMain] [user="" token=""] INFO  o.s.w.s.m.m.a.RequestMappingHandlerMapping - Mapped "{[/customers/list],methods=[GET]}" onto public java.lang.String com.kawarides.admin.controller.view.CustomersViewController.customersList(org.springframework.ui.Model) 
.12:29:42.779 [restartedMain] [user="" token=""] INFO  o.s.w.s.m.m.a.RequestMappingHandlerMapping - Mapped "{[/customers/deletecustomer/{customerId}]}" onto public java.lang.String com.kawarides.admin.controller.view.CustomersViewController.deleteCustomer(java.lang.Long) 
.12:29:42.779 [restartedMain] [user="" token=""] INFO  o.s.w.s.m.m.a.RequestMappingHandlerMapping - Mapped "{[/default/login],methods=[GET]}" onto public java.lang.String com.kawarides.admin.controller.view.DashboardController.login(org.springframework.ui.Model,java.lang.String,java.lang.String) 
.12:29:42.781 [restartedMain] [user="" token=""] INFO  o.s.w.s.m.m.a.RequestMappingHandlerMapping - Mapped "{[/productview/form],methods=[GET]}" onto public java.lang.String com.kawarides.admin.controller.view.ProductController.insertform(com.kawarides.admin.model.Products,org.springframework.ui.Model) 
.12:29:42.781 [restartedMain] [user="" token=""] INFO  o.s.w.s.m.m.a.RequestMappingHandlerMapping - Mapped "{[/productview/updateform/{productId}],methods=[GET]}" onto public java.lang.String com.kawarides.admin.controller.view.ProductController.updateCategory(java.lang.Long,org.springframework.ui.Model,com.kawarides.admin.model.Products) 
.12:29:42.781 [restartedMain] [user="" token=""] INFO  o.s.w.s.m.m.a.RequestMappingHandlerMapping - Mapped "{[/productview/list],methods=[GET]}" onto private java.lang.String com.kawarides.admin.controller.view.ProductController.productList(org.springframework.ui.Model) 
.12:29:42.781 [restartedMain] [user="" token=""] INFO  o.s.w.s.m.m.a.RequestMappingHandlerMapping - Mapped "{[/productview/save],methods=[POST]}" onto public java.lang.String com.kawarides.admin.controller.view.ProductController.saveProducts(com.kawarides.admin.model.Products,org.springframework.web.multipart.MultipartFile,org.springframework.web.servlet.mvc.support.RedirectAttributes) 
.12:29:42.782 [restartedMain] [user="" token=""] INFO  o.s.w.s.m.m.a.RequestMappingHandlerMapping - Mapped "{[/productview/deleteproduct/{productId}]}" onto public java.lang.String com.kawarides.admin.controller.view.ProductController.deleteProduct(java.lang.Long) 
.12:29:42.783 [restartedMain] [user="" token=""] INFO  o.s.w.s.m.m.a.RequestMappingHandlerMapping - Mapped "{[/userview/list],methods=[GET]}" onto public java.lang.String com.kawarides.admin.controller.view.UserViewController.userList(org.springframework.ui.Model) 
.12:29:42.784 [restartedMain] [user="" token=""] INFO  o.s.w.s.m.m.a.RequestMappingHandlerMapping - Mapped "{[/userview/deleteuser/{userId}]}" onto public java.lang.String com.kawarides.admin.controller.view.UserViewController.deleteUser(java.lang.Long) 
.12:29:42.784 [restartedMain] [user="" token=""] INFO  o.s.w.s.m.m.a.RequestMappingHandlerMapping - Mapped "{[/userview/form],methods=[GET]}" onto public java.lang.String com.kawarides.admin.controller.view.UserViewController.insertform(com.kawarides.admin.model.User,org.springframework.ui.Model) 
.12:29:42.784 [restartedMain] [user="" token=""] INFO  o.s.w.s.m.m.a.RequestMappingHandlerMapping - Mapped "{[/userview/updateform/{userId}],methods=[GET]}" onto public java.lang.String com.kawarides.admin.controller.view.UserViewController.updateUser(java.lang.Long,org.springframework.ui.Model,com.kawarides.admin.model.User) 
.12:29:42.784 [restartedMain] [user="" token=""] INFO  o.s.w.s.m.m.a.RequestMappingHandlerMapping - Mapped "{[/userview/save],methods=[POST]}" onto public java.lang.String com.kawarides.admin.controller.view.UserViewController.saveUser(com.kawarides.admin.model.User) 
.12:29:42.786 [restartedMain] [user="" token=""] INFO  o.s.w.s.m.m.a.RequestMappingHandlerMapping - Mapped "{[/api/category/list]}" onto public java.util.List<com.kawarides.admin.model.Categories> com.kawarides.app.controller.api.CategoriesclientController.listCategory() 
.12:29:42.787 [restartedMain] [user="" token=""] INFO  o.s.w.s.m.m.a.RequestMappingHandlerMapping - Mapped "{[/api/category/add]}" onto public com.kawarides.admin.model.Categories com.kawarides.app.controller.api.CategoriesclientController.addCateogory(com.kawarides.admin.model.Categories) 
.12:29:42.787 [restartedMain] [user="" token=""] INFO  o.s.w.s.m.m.a.RequestMappingHandlerMapping - Mapped "{[/api/category/list/{catId}]}" onto public com.kawarides.admin.model.Categories com.kawarides.app.controller.api.CategoriesclientController.findOne(java.lang.Long) 
.12:29:42.790 [restartedMain] [user="" token=""] INFO  o.s.w.s.m.m.a.RequestMappingHandlerMapping - Mapped "{[/api/product/form],methods=[GET]}" onto public java.lang.String com.kawarides.app.controller.api.ProductsclientController.insertform(com.kawarides.admin.model.Products,org.springframework.ui.Model) 
.12:29:42.790 [restartedMain] [user="" token=""] INFO  o.s.w.s.m.m.a.RequestMappingHandlerMapping - Mapped "{[/api/product/list],methods=[GET]}" onto private java.lang.String com.kawarides.app.controller.api.ProductsclientController.productList(org.springframework.ui.Model) 
.12:29:42.792 [restartedMain] [user="" token=""] INFO  o.s.w.s.m.m.a.RequestMappingHandlerMapping - Mapped "{[/error]}" onto public org.springframework.http.ResponseEntity<java.util.Map<java.lang.String, java.lang.Object>> org.springframework.boot.autoconfigure.web.BasicErrorController.error(javax.servlet.http.HttpServletRequest) 
.12:29:42.792 [restartedMain] [user="" token=""] INFO  o.s.w.s.m.m.a.RequestMappingHandlerMapping - Mapped "{[/error],produces=[text/html]}" onto public org.springframework.web.servlet.ModelAndView org.springframework.boot.autoconfigure.web.BasicErrorController.errorHtml(javax.servlet.http.HttpServletRequest,javax.servlet.http.HttpServletResponse) 
.12:29:42.875 [restartedMain] [user="" token=""] INFO  o.s.w.s.h.SimpleUrlHandlerMapping - Mapped URL path [/webjars/**] onto handler of type [class org.springframework.web.servlet.resource.ResourceHttpRequestHandler] 
.12:29:42.875 [restartedMain] [user="" token=""] INFO  o.s.w.s.h.SimpleUrlHandlerMapping - Mapped URL path [/**] onto handler of type [class org.springframework.web.servlet.resource.ResourceHttpRequestHandler] 
.12:29:42.989 [restartedMain] [user="" token=""] INFO  o.s.w.s.h.SimpleUrlHandlerMapping - Mapped URL path [/**/favicon.ico] onto handler of type [class org.springframework.web.servlet.resource.ResourceHttpRequestHandler] 
.12:29:44.017 [restartedMain] [user="" token=""] INFO  o.s.b.d.a.OptionalLiveReloadServer - LiveReload server is running on port 35729 
.12:29:44.101 [restartedMain] [user="" token=""] INFO  o.s.j.e.a.AnnotationMBeanExporter - Registering beans for JMX exposure on startup 
.12:29:44.158 [restartedMain] [user="" token=""] INFO  o.a.coyote.http11.Http11NioProtocol - Initializing ProtocolHandler ["http-nio-8080"] 
.12:29:44.190 [restartedMain] [user="" token=""] INFO  o.a.coyote.http11.Http11NioProtocol - Starting ProtocolHandler ["http-nio-8080"] 
.12:29:44.264 [restartedMain] [user="" token=""] INFO  o.a.tomcat.util.net.NioSelectorPool - Using a shared selector for servlet write/read 
.12:29:44.438 [restartedMain] [user="" token=""] INFO  o.s.b.c.e.t.TomcatEmbeddedServletContainer - Tomcat started on port(s): 8080 (http) 
.12:29:44.452 [restartedMain] [user="" token=""] INFO  c.kawarides.DeliverykawaApplication - Started DeliverykawaApplication in 13.095 seconds (JVM running for 14.201) 
.12:40:58.265 [http-nio-8080-exec-1] [user="" token=""] INFO  o.a.c.c.C.[.[.[/kawadelivery] - Initializing Spring FrameworkServlet 'dispatcherServlet' 
.12:40:58.265 [http-nio-8080-exec-1] [user="" token=""] INFO  o.s.web.servlet.DispatcherServlet - FrameworkServlet 'dispatcherServlet': initialization started 
.12:40:58.291 [http-nio-8080-exec-1] [user="" token=""] INFO  o.s.web.servlet.DispatcherServlet - FrameworkServlet 'dispatcherServlet': initialization completed in 25 ms 
.12:43:14.589 [Thread-7] [user="" token=""] INFO  o.s.b.c.e.AnnotationConfigEmbeddedWebApplicationContext - Closing org.springframework.boot.context.embedded.AnnotationConfigEmbeddedWebApplicationContext@15d26ac8: startup date [Sun Jul 16 12:29:31 PDT 2017]; root of context hierarchy 
.12:43:14.593 [Thread-7] [user="" token=""] INFO  o.s.j.e.a.AnnotationMBeanExporter - Unregistering JMX-exposed beans on shutdown 
.12:43:14.598 [Thread-7] [user="" token=""] INFO  o.s.o.j.LocalContainerEntityManagerFactoryBean - Closing JPA EntityManagerFactory for persistence unit 'default' 
.12:43:15.076 [restartedMain] [user="" token=""] INFO  c.kawarides.DeliverykawaApplication - Starting DeliverykawaApplication on DESKTOP-CM1UI3C with PID 9884 (C:\Users\nikil\workspace\deliverykawa\target\classes started by nikil in C:\Users\nikil\workspace\deliverykawa) 
.12:43:15.077 [restartedMain] [user="" token=""] INFO  c.kawarides.DeliverykawaApplication - No active profile set, falling back to default profiles: default 
.12:43:15.080 [restartedMain] [user="" token=""] INFO  o.s.b.c.e.AnnotationConfigEmbeddedWebApplicationContext - Refreshing org.springframework.boot.context.embedded.AnnotationConfigEmbeddedWebApplicationContext@65317a26: startup date [Sun Jul 16 12:43:15 PDT 2017]; root of context hierarchy 
.12:43:15.768 [restartedMain] [user="" token=""] INFO  o.s.b.c.e.t.TomcatEmbeddedServletContainer - Tomcat initialized with port(s): 8080 (http) 
.12:43:15.769 [restartedMain] [user="" token=""] INFO  o.a.catalina.core.StandardService - Starting service Tomcat 
.12:43:15.770 [restartedMain] [user="" token=""] INFO  o.a.catalina.core.StandardEngine - Starting Servlet Engine: Apache Tomcat/8.5.14 
.12:43:15.878 [localhost-startStop-1] [user="" token=""] INFO  org.apache.jasper.servlet.TldScanner - At least one JAR was scanned for TLDs yet contained no TLDs. Enable debug logging for this logger for a complete list of JARs that were scanned but no TLDs were found in them. Skipping unneeded JARs during scanning can improve startup time and JSP compilation time. 
.12:43:15.881 [localhost-startStop-1] [user="" token=""] INFO  o.a.c.c.C.[.[.[/kawadelivery] - Initializing Spring embedded WebApplicationContext 
.12:43:15.881 [localhost-startStop-1] [user="" token=""] INFO  o.s.web.context.ContextLoader - Root WebApplicationContext: initialization completed in 801 ms 
.12:43:16.000 [localhost-startStop-1] [user="" token=""] INFO  o.s.b.w.s.FilterRegistrationBean - Mapping filter: 'characterEncodingFilter' to: [/*] 
.12:43:16.001 [localhost-startStop-1] [user="" token=""] INFO  o.s.b.w.s.FilterRegistrationBean - Mapping filter: 'hiddenHttpMethodFilter' to: [/*] 
.12:43:16.002 [localhost-startStop-1] [user="" token=""] INFO  o.s.b.w.s.FilterRegistrationBean - Mapping filter: 'httpPutFormContentFilter' to: [/*] 
.12:43:16.002 [localhost-startStop-1] [user="" token=""] INFO  o.s.b.w.s.FilterRegistrationBean - Mapping filter: 'requestContextFilter' to: [/*] 
.12:43:16.002 [localhost-startStop-1] [user="" token=""] INFO  o.s.b.w.s.DelegatingFilterProxyRegistrationBean - Mapping filter: 'springSecurityFilterChain' to: [/*] 
.12:43:16.002 [localhost-startStop-1] [user="" token=""] INFO  o.s.b.w.s.ServletRegistrationBean - Mapping servlet: 'dispatcherServlet' to [/] 
.12:43:16.185 [restartedMain] [user="" token=""] INFO  o.s.o.j.LocalContainerEntityManagerFactoryBean - Building JPA container EntityManagerFactory for persistence unit 'default' 
.12:43:16.185 [restartedMain] [user="" token=""] INFO  o.h.jpa.internal.util.LogHelper - HHH000204: Processing PersistenceUnitInfo [
	name: default
	...] 
.12:43:16.200 [restartedMain] [user="" token=""] INFO  org.hibernate.dialect.Dialect - HHH000400: Using dialect: org.hibernate.dialect.MySQL5Dialect 
.12:43:16.298 [restartedMain] [user="" token=""] INFO  o.h.tool.hbm2ddl.SchemaUpdate - HHH000228: Running hbm2ddl schema update 
.12:43:16.964 [restartedMain] [user="" token=""] INFO  o.s.o.j.LocalContainerEntityManagerFactoryBean - Initialized JPA EntityManagerFactory for persistence unit 'default' 
.12:43:17.253 [restartedMain] [user="" token=""] INFO  o.h.h.i.QueryTranslatorFactoryInitiator - HHH000397: Using ASTQueryTranslatorFactory 
.12:43:17.837 [restartedMain] [user="" token=""] INFO  o.s.aop.framework.CglibAopProxy - Final method [protected final org.springframework.context.ApplicationContext org.springframework.security.config.annotation.web.configuration.WebSecurityConfigurerAdapter.getApplicationContext()] cannot get proxied via CGLIB: Calls to this method will NOT be routed to the target instance and might lead to NPEs against uninitialized fields in the proxy instance. 
.12:43:17.837 [restartedMain] [user="" token=""] INFO  o.s.aop.framework.CglibAopProxy - Final method [protected final org.springframework.security.config.annotation.web.builders.HttpSecurity org.springframework.security.config.annotation.web.configuration.WebSecurityConfigurerAdapter.getHttp() throws java.lang.Exception] cannot get proxied via CGLIB: Calls to this method will NOT be routed to the target instance and might lead to NPEs against uninitialized fields in the proxy instance. 
.12:43:17.964 [restartedMain] [user="" token=""] INFO  c.k.admin.aspect.LoggerAspect - SecurityConfiguration$$EnhancerBySpringCGLIB$$c3a310bc : configure 
.12:43:17.968 [restartedMain] [user="" token=""] INFO  o.s.s.web.DefaultSecurityFilterChain - Creating filter chain: Ant [pattern='/resources/**'], [] 
.12:43:18.047 [restartedMain] [user="" token=""] INFO  o.s.s.web.DefaultSecurityFilterChain - Creating filter chain: org.springframework.security.web.util.matcher.AnyRequestMatcher@1, [org.springframework.security.web.context.request.async.WebAsyncManagerIntegrationFilter@57e4905c, org.springframework.security.web.context.SecurityContextPersistenceFilter@1b6e03d9, org.springframework.security.web.header.HeaderWriterFilter@20711943, org.springframework.security.web.authentication.logout.LogoutFilter@22840513, org.springframework.security.web.authentication.UsernamePasswordAuthenticationFilter@6d86d30a, org.springframework.security.web.authentication.www.BasicAuthenticationFilter@299fe25c, org.springframework.security.web.savedrequest.RequestCacheAwareFilter@41e699fa, org.springframework.security.web.servletapi.SecurityContextHolderAwareRequestFilter@69753b84, org.springframework.security.web.authentication.AnonymousAuthenticationFilter@40ee347d, org.springframework.security.web.session.SessionManagementFilter@73f719a0, org.springframework.security.web.access.ExceptionTranslationFilter@d4af315, org.springframework.security.web.access.intercept.FilterSecurityInterceptor@2106c36e] 
.12:43:18.130 [restartedMain] [user="" token=""] INFO  o.s.w.s.m.m.a.RequestMappingHandlerAdapter - Looking for @ControllerAdvice: org.springframework.boot.context.embedded.AnnotationConfigEmbeddedWebApplicationContext@65317a26: startup date [Sun Jul 16 12:43:15 PDT 2017]; root of context hierarchy 
.12:43:18.177 [restartedMain] [user="" token=""] INFO  o.s.w.s.m.m.a.RequestMappingHandlerMapping - Mapped "{[/category/list]}" onto public java.util.List<com.kawarides.admin.model.Categories> com.kawarides.admin.controller.api.CategoriesController.listCategory() 
.12:43:18.177 [restartedMain] [user="" token=""] INFO  o.s.w.s.m.m.a.RequestMappingHandlerMapping - Mapped "{[/category/add]}" onto public com.kawarides.admin.model.Categories com.kawarides.admin.controller.api.CategoriesController.addCateogory(com.kawarides.admin.model.Categories) 
.12:43:18.178 [restartedMain] [user="" token=""] INFO  o.s.w.s.m.m.a.RequestMappingHandlerMapping - Mapped "{[/category/list/{catId}]}" onto public com.kawarides.admin.model.Categories com.kawarides.admin.controller.api.CategoriesController.findOne(java.lang.Long) 
.12:43:18.178 [restartedMain] [user="" token=""] INFO  o.s.w.s.m.m.a.RequestMappingHandlerMapping - Mapped "{[/order/add]}" onto public com.kawarides.admin.model.CustomerOrder com.kawarides.admin.controller.api.CustomerOrderController.addcustomerOrder(com.kawarides.admin.model.CustomerOrder) 
.12:43:18.179 [restartedMain] [user="" token=""] INFO  o.s.w.s.m.m.a.RequestMappingHandlerMapping - Mapped "{[/user/list]}" onto public java.util.List<com.kawarides.admin.model.User> com.kawarides.admin.controller.api.UserController.userList() 
.12:43:18.180 [restartedMain] [user="" token=""] INFO  o.s.w.s.m.m.a.RequestMappingHandlerMapping - Mapped "{[/user/add]}" onto public com.kawarides.admin.model.User com.kawarides.admin.controller.api.UserController.addUser(com.kawarides.admin.model.User) 
.12:43:18.180 [restartedMain] [user="" token=""] INFO  o.s.w.s.m.m.a.RequestMappingHandlerMapping - Mapped "{[/user/delete/{userId}]}" onto public java.lang.String com.kawarides.admin.controller.api.UserController.deleteUser(java.lang.Long) 
.12:43:18.180 [restartedMain] [user="" token=""] INFO  o.s.w.s.m.m.a.RequestMappingHandlerMapping - Mapped "{[/user/list/{userId}]}" onto public com.kawarides.admin.model.User com.kawarides.admin.controller.api.UserController.findOne(java.lang.Long) 
.12:43:18.186 [restartedMain] [user="" token=""] INFO  o.s.w.s.m.m.a.RequestMappingHandlerMapping - Mapped "{[/brandsview/list],methods=[GET]}" onto public java.lang.String com.kawarides.admin.controller.view.BrandViewController.brandList(org.springframework.ui.Model) 
.12:43:18.187 [restartedMain] [user="" token=""] INFO  o.s.w.s.m.m.a.RequestMappingHandlerMapping - Mapped "{[/brandsview/form],methods=[GET]}" onto public java.lang.String com.kawarides.admin.controller.view.BrandViewController.insertform(com.kawarides.admin.model.Brands,org.springframework.ui.Model) 
.12:43:18.187 [restartedMain] [user="" token=""] INFO  o.s.w.s.m.m.a.RequestMappingHandlerMapping - Mapped "{[/brandsview/updateform/{id}],methods=[GET]}" onto public java.lang.String com.kawarides.admin.controller.view.BrandViewController.updateBrand(java.lang.Long,org.springframework.ui.Model,com.kawarides.admin.model.Brands) 
.12:43:18.187 [restartedMain] [user="" token=""] INFO  o.s.w.s.m.m.a.RequestMappingHandlerMapping - Mapped "{[/brandsview/deletebrand/{id}]}" onto public java.lang.String com.kawarides.admin.controller.view.BrandViewController.deleteBrand(java.lang.Long) 
.12:43:18.187 [restartedMain] [user="" token=""] INFO  o.s.w.s.m.m.a.RequestMappingHandlerMapping - Mapped "{[/brandsview/save],methods=[POST]}" onto public java.lang.String com.kawarides.admin.controller.view.BrandViewController.saveBrand(com.kawarides.admin.model.Brands) 
.12:43:18.190 [restartedMain] [user="" token=""] INFO  o.s.w.s.m.m.a.RequestMappingHandlerMapping - Mapped "{[/categoryview/form],methods=[GET]}" onto public java.lang.String com.kawarides.admin.controller.view.CategoryViewController.insertform(com.kawarides.admin.model.Categories,org.springframework.ui.Model) 
.12:43:18.202 [restartedMain] [user="" token=""] INFO  o.s.w.s.m.m.a.RequestMappingHandlerMapping - Mapped "{[/categoryview/list],methods=[GET]}" onto public java.lang.String com.kawarides.admin.controller.view.CategoryViewController.categoryList(org.springframework.ui.Model) 
.12:43:18.202 [restartedMain] [user="" token=""] INFO  o.s.w.s.m.m.a.RequestMappingHandlerMapping - Mapped "{[/categoryview/updateform/{id}],methods=[GET]}" onto public java.lang.String com.kawarides.admin.controller.view.CategoryViewController.updateCategory(java.lang.Long,org.springframework.ui.Model,com.kawarides.admin.model.Categories) 
.12:43:18.202 [restartedMain] [user="" token=""] INFO  o.s.w.s.m.m.a.RequestMappingHandlerMapping - Mapped "{[/categoryview/deletecategory/{id}]}" onto public java.lang.String com.kawarides.admin.controller.view.CategoryViewController.deleteCategory(java.lang.Long) 
.12:43:18.202 [restartedMain] [user="" token=""] INFO  o.s.w.s.m.m.a.RequestMappingHandlerMapping - Mapped "{[/categoryview/save],methods=[POST]}" onto public java.lang.String com.kawarides.admin.controller.view.CategoryViewController.saveCategory(com.kawarides.admin.model.Categories) 
.12:43:18.203 [restartedMain] [user="" token=""] INFO  o.s.w.s.m.m.a.RequestMappingHandlerMapping - Mapped "{[/orderview/list]}" onto public java.lang.String com.kawarides.admin.controller.view.CustomerOrderViewController.customerOrderList(org.springframework.ui.Model,java.lang.Long) 
.12:43:18.208 [restartedMain] [user="" token=""] INFO  o.s.w.s.m.m.a.RequestMappingHandlerMapping - Mapped "{[/customers/list],methods=[GET]}" onto public java.lang.String com.kawarides.admin.controller.view.CustomersViewController.customersList(org.springframework.ui.Model) 
.12:43:18.209 [restartedMain] [user="" token=""] INFO  o.s.w.s.m.m.a.RequestMappingHandlerMapping - Mapped "{[/customers/deletecustomer/{customerId}]}" onto public java.lang.String com.kawarides.admin.controller.view.CustomersViewController.deleteCustomer(java.lang.Long) 
.12:43:18.210 [restartedMain] [user="" token=""] INFO  o.s.w.s.m.m.a.RequestMappingHandlerMapping - Mapped "{[/default/login],methods=[GET]}" onto public java.lang.String com.kawarides.admin.controller.view.DashboardController.login(org.springframework.ui.Model,java.lang.String,java.lang.String) 
.12:43:18.214 [restartedMain] [user="" token=""] INFO  o.s.w.s.m.m.a.RequestMappingHandlerMapping - Mapped "{[/productview/form],methods=[GET]}" onto public java.lang.String com.kawarides.admin.controller.view.ProductController.insertform(com.kawarides.admin.model.Products,org.springframework.ui.Model) 
.12:43:18.214 [restartedMain] [user="" token=""] INFO  o.s.w.s.m.m.a.RequestMappingHandlerMapping - Mapped "{[/productview/updateform/{productId}],methods=[GET]}" onto public java.lang.String com.kawarides.admin.controller.view.ProductController.updateCategory(java.lang.Long,org.springframework.ui.Model,com.kawarides.admin.model.Products) 
.12:43:18.214 [restartedMain] [user="" token=""] INFO  o.s.w.s.m.m.a.RequestMappingHandlerMapping - Mapped "{[/productview/list],methods=[GET]}" onto private java.lang.String com.kawarides.admin.controller.view.ProductController.productList(org.springframework.ui.Model) 
.12:43:18.214 [restartedMain] [user="" token=""] INFO  o.s.w.s.m.m.a.RequestMappingHandlerMapping - Mapped "{[/productview/save],methods=[POST]}" onto public java.lang.String com.kawarides.admin.controller.view.ProductController.saveProducts(com.kawarides.admin.model.Products,org.springframework.web.multipart.MultipartFile,org.springframework.web.servlet.mvc.support.RedirectAttributes) 
.12:43:18.214 [restartedMain] [user="" token=""] INFO  o.s.w.s.m.m.a.RequestMappingHandlerMapping - Mapped "{[/productview/deleteproduct/{productId}]}" onto public java.lang.String com.kawarides.admin.controller.view.ProductController.deleteProduct(java.lang.Long) 
.12:43:18.215 [restartedMain] [user="" token=""] INFO  o.s.w.s.m.m.a.RequestMappingHandlerMapping - Mapped "{[/userview/list],methods=[GET]}" onto public java.lang.String com.kawarides.admin.controller.view.UserViewController.userList(org.springframework.ui.Model) 
.12:43:18.216 [restartedMain] [user="" token=""] INFO  o.s.w.s.m.m.a.RequestMappingHandlerMapping - Mapped "{[/userview/deleteuser/{userId}]}" onto public java.lang.String com.kawarides.admin.controller.view.UserViewController.deleteUser(java.lang.Long) 
.12:43:18.216 [restartedMain] [user="" token=""] INFO  o.s.w.s.m.m.a.RequestMappingHandlerMapping - Mapped "{[/userview/form],methods=[GET]}" onto public java.lang.String com.kawarides.admin.controller.view.UserViewController.insertform(com.kawarides.admin.model.User,org.springframework.ui.Model) 
.12:43:18.216 [restartedMain] [user="" token=""] INFO  o.s.w.s.m.m.a.RequestMappingHandlerMapping - Mapped "{[/userview/updateform/{userId}],methods=[GET]}" onto public java.lang.String com.kawarides.admin.controller.view.UserViewController.updateUser(java.lang.Long,org.springframework.ui.Model,com.kawarides.admin.model.User) 
.12:43:18.216 [restartedMain] [user="" token=""] INFO  o.s.w.s.m.m.a.RequestMappingHandlerMapping - Mapped "{[/userview/save],methods=[POST]}" onto public java.lang.String com.kawarides.admin.controller.view.UserViewController.saveUser(com.kawarides.admin.model.User) 
.12:43:18.217 [restartedMain] [user="" token=""] INFO  o.s.w.s.m.m.a.RequestMappingHandlerMapping - Mapped "{[/api/category/list]}" onto public java.util.List<com.kawarides.admin.model.Categories> com.kawarides.app.controller.api.CategoriesclientController.listCategory() 
.12:43:18.217 [restartedMain] [user="" token=""] INFO  o.s.w.s.m.m.a.RequestMappingHandlerMapping - Mapped "{[/api/category/add]}" onto public com.kawarides.admin.model.Categories com.kawarides.app.controller.api.CategoriesclientController.addCateogory(com.kawarides.admin.model.Categories) 
.12:43:18.217 [restartedMain] [user="" token=""] INFO  o.s.w.s.m.m.a.RequestMappingHandlerMapping - Mapped "{[/api/category/list/{catId}]}" onto public com.kawarides.admin.model.Categories com.kawarides.app.controller.api.CategoriesclientController.findOne(java.lang.Long) 
.12:43:18.218 [restartedMain] [user="" token=""] INFO  o.s.w.s.m.m.a.RequestMappingHandlerMapping - Mapped "{[/api/product/form],methods=[GET]}" onto public java.lang.String com.kawarides.app.controller.api.ProductsclientController.insertform(com.kawarides.admin.model.Products,org.springframework.ui.Model) 
.12:43:18.218 [restartedMain] [user="" token=""] INFO  o.s.w.s.m.m.a.RequestMappingHandlerMapping - Mapped "{[/api/product/list],methods=[GET]}" onto private java.lang.String com.kawarides.app.controller.api.ProductsclientController.productList(org.springframework.ui.Model) 
.12:43:18.220 [restartedMain] [user="" token=""] INFO  o.s.w.s.m.m.a.RequestMappingHandlerMapping - Mapped "{[/error]}" onto public org.springframework.http.ResponseEntity<java.util.Map<java.lang.String, java.lang.Object>> org.springframework.boot.autoconfigure.web.BasicErrorController.error(javax.servlet.http.HttpServletRequest) 
.12:43:18.221 [restartedMain] [user="" token=""] INFO  o.s.w.s.m.m.a.RequestMappingHandlerMapping - Mapped "{[/error],produces=[text/html]}" onto public org.springframework.web.servlet.ModelAndView org.springframework.boot.autoconfigure.web.BasicErrorController.errorHtml(javax.servlet.http.HttpServletRequest,javax.servlet.http.HttpServletResponse) 
.12:43:18.290 [restartedMain] [user="" token=""] INFO  o.s.w.s.h.SimpleUrlHandlerMapping - Mapped URL path [/webjars/**] onto handler of type [class org.springframework.web.servlet.resource.ResourceHttpRequestHandler] 
.12:43:18.292 [restartedMain] [user="" token=""] INFO  o.s.w.s.h.SimpleUrlHandlerMapping - Mapped URL path [/**] onto handler of type [class org.springframework.web.servlet.resource.ResourceHttpRequestHandler] 
.12:43:18.382 [restartedMain] [user="" token=""] INFO  o.s.w.s.h.SimpleUrlHandlerMapping - Mapped URL path [/**/favicon.ico] onto handler of type [class org.springframework.web.servlet.resource.ResourceHttpRequestHandler] 
.12:43:18.597 [restartedMain] [user="" token=""] INFO  o.s.b.d.a.OptionalLiveReloadServer - LiveReload server is running on port 35729 
.12:43:18.664 [restartedMain] [user="" token=""] INFO  o.s.j.e.a.AnnotationMBeanExporter - Registering beans for JMX exposure on startup 
.12:43:18.671 [restartedMain] [user="" token=""] INFO  o.a.coyote.http11.Http11NioProtocol - Initializing ProtocolHandler ["http-nio-8080"] 
.12:43:18.671 [restartedMain] [user="" token=""] INFO  o.a.coyote.http11.Http11NioProtocol - Starting ProtocolHandler ["http-nio-8080"] 
.12:43:18.674 [restartedMain] [user="" token=""] INFO  o.a.tomcat.util.net.NioSelectorPool - Using a shared selector for servlet write/read 
.12:43:18.681 [restartedMain] [user="" token=""] INFO  o.s.b.c.e.t.TomcatEmbeddedServletContainer - Tomcat started on port(s): 8080 (http) 
.12:43:18.683 [restartedMain] [user="" token=""] INFO  c.kawarides.DeliverykawaApplication - Started DeliverykawaApplication in 3.657 seconds (JVM running for 828.433) 
.12:52:28.552 [http-nio-8080-exec-10] [user="" token=""] INFO  o.a.c.c.C.[.[.[/kawadelivery] - Initializing Spring FrameworkServlet 'dispatcherServlet' 
.12:52:28.552 [http-nio-8080-exec-10] [user="" token=""] INFO  o.s.web.servlet.DispatcherServlet - FrameworkServlet 'dispatcherServlet': initialization started 
.12:52:28.566 [http-nio-8080-exec-10] [user="" token=""] INFO  o.s.web.servlet.DispatcherServlet - FrameworkServlet 'dispatcherServlet': initialization completed in 14 ms 
.13:01:05.560 [Thread-11] [user="" token=""] INFO  o.s.b.c.e.AnnotationConfigEmbeddedWebApplicationContext - Closing org.springframework.boot.context.embedded.AnnotationConfigEmbeddedWebApplicationContext@65317a26: startup date [Sun Jul 16 12:43:15 PDT 2017]; root of context hierarchy 
.13:01:05.563 [Thread-11] [user="" token=""] INFO  o.s.j.e.a.AnnotationMBeanExporter - Unregistering JMX-exposed beans on shutdown 
.13:01:05.567 [Thread-11] [user="" token=""] INFO  o.s.o.j.LocalContainerEntityManagerFactoryBean - Closing JPA EntityManagerFactory for persistence unit 'default' 
.13:01:05.895 [restartedMain] [user="" token=""] INFO  c.kawarides.DeliverykawaApplication - Starting DeliverykawaApplication on DESKTOP-CM1UI3C with PID 9884 (C:\Users\nikil\workspace\deliverykawa\target\classes started by nikil in C:\Users\nikil\workspace\deliverykawa) 
.13:01:05.895 [restartedMain] [user="" token=""] INFO  c.kawarides.DeliverykawaApplication - No active profile set, falling back to default profiles: default 
.13:01:05.897 [restartedMain] [user="" token=""] INFO  o.s.b.c.e.AnnotationConfigEmbeddedWebApplicationContext - Refreshing org.springframework.boot.context.embedded.AnnotationConfigEmbeddedWebApplicationContext@7e37bdf7: startup date [Sun Jul 16 13:01:05 PDT 2017]; root of context hierarchy 
.13:01:06.540 [restartedMain] [user="" token=""] INFO  o.s.b.c.e.t.TomcatEmbeddedServletContainer - Tomcat initialized with port(s): 8080 (http) 
.13:01:06.540 [restartedMain] [user="" token=""] INFO  o.a.catalina.core.StandardService - Starting service Tomcat 
.13:01:06.541 [restartedMain] [user="" token=""] INFO  o.a.catalina.core.StandardEngine - Starting Servlet Engine: Apache Tomcat/8.5.14 
.13:01:06.611 [localhost-startStop-1] [user="" token=""] INFO  org.apache.jasper.servlet.TldScanner - At least one JAR was scanned for TLDs yet contained no TLDs. Enable debug logging for this logger for a complete list of JARs that were scanned but no TLDs were found in them. Skipping unneeded JARs during scanning can improve startup time and JSP compilation time. 
.13:01:06.614 [localhost-startStop-1] [user="" token=""] INFO  o.a.c.c.C.[.[.[/kawadelivery] - Initializing Spring embedded WebApplicationContext 
.13:01:06.614 [localhost-startStop-1] [user="" token=""] INFO  o.s.web.context.ContextLoader - Root WebApplicationContext: initialization completed in 717 ms 
.13:01:06.684 [localhost-startStop-1] [user="" token=""] INFO  o.s.b.w.s.FilterRegistrationBean - Mapping filter: 'characterEncodingFilter' to: [/*] 
.13:01:06.684 [localhost-startStop-1] [user="" token=""] INFO  o.s.b.w.s.FilterRegistrationBean - Mapping filter: 'hiddenHttpMethodFilter' to: [/*] 
.13:01:06.684 [localhost-startStop-1] [user="" token=""] INFO  o.s.b.w.s.FilterRegistrationBean - Mapping filter: 'httpPutFormContentFilter' to: [/*] 
.13:01:06.685 [localhost-startStop-1] [user="" token=""] INFO  o.s.b.w.s.FilterRegistrationBean - Mapping filter: 'requestContextFilter' to: [/*] 
.13:01:06.685 [localhost-startStop-1] [user="" token=""] INFO  o.s.b.w.s.DelegatingFilterProxyRegistrationBean - Mapping filter: 'springSecurityFilterChain' to: [/*] 
.13:01:06.685 [localhost-startStop-1] [user="" token=""] INFO  o.s.b.w.s.ServletRegistrationBean - Mapping servlet: 'dispatcherServlet' to [/] 
.13:01:06.840 [restartedMain] [user="" token=""] INFO  o.s.o.j.LocalContainerEntityManagerFactoryBean - Building JPA container EntityManagerFactory for persistence unit 'default' 
.13:01:06.840 [restartedMain] [user="" token=""] INFO  o.h.jpa.internal.util.LogHelper - HHH000204: Processing PersistenceUnitInfo [
	name: default
	...] 
.13:01:06.856 [restartedMain] [user="" token=""] INFO  org.hibernate.dialect.Dialect - HHH000400: Using dialect: org.hibernate.dialect.MySQL5Dialect 
.13:01:06.937 [restartedMain] [user="" token=""] INFO  o.h.tool.hbm2ddl.SchemaUpdate - HHH000228: Running hbm2ddl schema update 
.13:01:10.246 [restartedMain] [user="" token=""] INFO  o.s.o.j.LocalContainerEntityManagerFactoryBean - Initialized JPA EntityManagerFactory for persistence unit 'default' 
.13:01:10.537 [restartedMain] [user="" token=""] INFO  o.h.h.i.QueryTranslatorFactoryInitiator - HHH000397: Using ASTQueryTranslatorFactory 
.13:01:10.916 [restartedMain] [user="" token=""] INFO  o.s.aop.framework.CglibAopProxy - Final method [protected final org.springframework.context.ApplicationContext org.springframework.security.config.annotation.web.configuration.WebSecurityConfigurerAdapter.getApplicationContext()] cannot get proxied via CGLIB: Calls to this method will NOT be routed to the target instance and might lead to NPEs against uninitialized fields in the proxy instance. 
.13:01:10.916 [restartedMain] [user="" token=""] INFO  o.s.aop.framework.CglibAopProxy - Final method [protected final org.springframework.security.config.annotation.web.builders.HttpSecurity org.springframework.security.config.annotation.web.configuration.WebSecurityConfigurerAdapter.getHttp() throws java.lang.Exception] cannot get proxied via CGLIB: Calls to this method will NOT be routed to the target instance and might lead to NPEs against uninitialized fields in the proxy instance. 
.13:01:10.959 [restartedMain] [user="" token=""] INFO  c.k.admin.aspect.LoggerAspect - SecurityConfiguration$$EnhancerBySpringCGLIB$$c3a310bc : configure 
.13:01:10.959 [restartedMain] [user="" token=""] INFO  o.s.s.web.DefaultSecurityFilterChain - Creating filter chain: Ant [pattern='/resources/**'], [] 
.13:01:10.991 [restartedMain] [user="" token=""] INFO  o.s.s.web.DefaultSecurityFilterChain - Creating filter chain: org.springframework.security.web.util.matcher.AnyRequestMatcher@1, [org.springframework.security.web.context.request.async.WebAsyncManagerIntegrationFilter@a74ca48, org.springframework.security.web.context.SecurityContextPersistenceFilter@7cc657d8, org.springframework.security.web.header.HeaderWriterFilter@3b4951f9, org.springframework.security.web.authentication.logout.LogoutFilter@31dcb06f, org.springframework.security.web.authentication.UsernamePasswordAuthenticationFilter@5ce56cf7, org.springframework.security.web.authentication.www.BasicAuthenticationFilter@7c821cec, org.springframework.security.web.savedrequest.RequestCacheAwareFilter@5223d9cb, org.springframework.security.web.servletapi.SecurityContextHolderAwareRequestFilter@23149cef, org.springframework.security.web.authentication.AnonymousAuthenticationFilter@21a4b892, org.springframework.security.web.session.SessionManagementFilter@414a7210, org.springframework.security.web.access.ExceptionTranslationFilter@6059c241, org.springframework.security.web.access.intercept.FilterSecurityInterceptor@543fe89c] 
.13:01:11.036 [restartedMain] [user="" token=""] INFO  o.s.w.s.m.m.a.RequestMappingHandlerAdapter - Looking for @ControllerAdvice: org.springframework.boot.context.embedded.AnnotationConfigEmbeddedWebApplicationContext@7e37bdf7: startup date [Sun Jul 16 13:01:05 PDT 2017]; root of context hierarchy 
.13:01:11.062 [restartedMain] [user="" token=""] INFO  o.s.w.s.m.m.a.RequestMappingHandlerMapping - Mapped "{[/category/list]}" onto public java.util.List<com.kawarides.admin.model.Categories> com.kawarides.admin.controller.api.CategoriesController.listCategory() 
.13:01:11.062 [restartedMain] [user="" token=""] INFO  o.s.w.s.m.m.a.RequestMappingHandlerMapping - Mapped "{[/category/add]}" onto public com.kawarides.admin.model.Categories com.kawarides.admin.controller.api.CategoriesController.addCateogory(com.kawarides.admin.model.Categories) 
.13:01:11.062 [restartedMain] [user="" token=""] INFO  o.s.w.s.m.m.a.RequestMappingHandlerMapping - Mapped "{[/category/list/{catId}]}" onto public com.kawarides.admin.model.Categories com.kawarides.admin.controller.api.CategoriesController.findOne(java.lang.Long) 
.13:01:11.063 [restartedMain] [user="" token=""] INFO  o.s.w.s.m.m.a.RequestMappingHandlerMapping - Mapped "{[/order/add]}" onto public com.kawarides.admin.model.CustomerOrder com.kawarides.admin.controller.api.CustomerOrderController.addcustomerOrder(com.kawarides.admin.model.CustomerOrder) 
.13:01:11.063 [restartedMain] [user="" token=""] INFO  o.s.w.s.m.m.a.RequestMappingHandlerMapping - Mapped "{[/user/list]}" onto public java.util.List<com.kawarides.admin.model.User> com.kawarides.admin.controller.api.UserController.userList() 
.13:01:11.063 [restartedMain] [user="" token=""] INFO  o.s.w.s.m.m.a.RequestMappingHandlerMapping - Mapped "{[/user/add]}" onto public com.kawarides.admin.model.User com.kawarides.admin.controller.api.UserController.addUser(com.kawarides.admin.model.User) 
.13:01:11.064 [restartedMain] [user="" token=""] INFO  o.s.w.s.m.m.a.RequestMappingHandlerMapping - Mapped "{[/user/delete/{userId}]}" onto public java.lang.String com.kawarides.admin.controller.api.UserController.deleteUser(java.lang.Long) 
.13:01:11.064 [restartedMain] [user="" token=""] INFO  o.s.w.s.m.m.a.RequestMappingHandlerMapping - Mapped "{[/user/list/{userId}]}" onto public com.kawarides.admin.model.User com.kawarides.admin.controller.api.UserController.findOne(java.lang.Long) 
.13:01:11.065 [restartedMain] [user="" token=""] INFO  o.s.w.s.m.m.a.RequestMappingHandlerMapping - Mapped "{[/brandsview/list],methods=[GET]}" onto public java.lang.String com.kawarides.admin.controller.view.BrandViewController.brandList(org.springframework.ui.Model) 
.13:01:11.066 [restartedMain] [user="" token=""] INFO  o.s.w.s.m.m.a.RequestMappingHandlerMapping - Mapped "{[/brandsview/form],methods=[GET]}" onto public java.lang.String com.kawarides.admin.controller.view.BrandViewController.insertform(com.kawarides.admin.model.Brands,org.springframework.ui.Model) 
.13:01:11.066 [restartedMain] [user="" token=""] INFO  o.s.w.s.m.m.a.RequestMappingHandlerMapping - Mapped "{[/brandsview/updateform/{id}],methods=[GET]}" onto public java.lang.String com.kawarides.admin.controller.view.BrandViewController.updateBrand(java.lang.Long,org.springframework.ui.Model,com.kawarides.admin.model.Brands) 
.13:01:11.066 [restartedMain] [user="" token=""] INFO  o.s.w.s.m.m.a.RequestMappingHandlerMapping - Mapped "{[/brandsview/deletebrand/{id}]}" onto public java.lang.String com.kawarides.admin.controller.view.BrandViewController.deleteBrand(java.lang.Long) 
.13:01:11.067 [restartedMain] [user="" token=""] INFO  o.s.w.s.m.m.a.RequestMappingHandlerMapping - Mapped "{[/brandsview/save],methods=[POST]}" onto public java.lang.String com.kawarides.admin.controller.view.BrandViewController.saveBrand(com.kawarides.admin.model.Brands) 
.13:01:11.068 [restartedMain] [user="" token=""] INFO  o.s.w.s.m.m.a.RequestMappingHandlerMapping - Mapped "{[/categoryview/form],methods=[GET]}" onto public java.lang.String com.kawarides.admin.controller.view.CategoryViewController.insertform(com.kawarides.admin.model.Categories,org.springframework.ui.Model) 
.13:01:11.069 [restartedMain] [user="" token=""] INFO  o.s.w.s.m.m.a.RequestMappingHandlerMapping - Mapped "{[/categoryview/list],methods=[GET]}" onto public java.lang.String com.kawarides.admin.controller.view.CategoryViewController.categoryList(org.springframework.ui.Model) 
.13:01:11.069 [restartedMain] [user="" token=""] INFO  o.s.w.s.m.m.a.RequestMappingHandlerMapping - Mapped "{[/categoryview/updateform/{id}],methods=[GET]}" onto public java.lang.String com.kawarides.admin.controller.view.CategoryViewController.updateCategory(java.lang.Long,org.springframework.ui.Model,com.kawarides.admin.model.Categories) 
.13:01:11.069 [restartedMain] [user="" token=""] INFO  o.s.w.s.m.m.a.RequestMappingHandlerMapping - Mapped "{[/categoryview/deletecategory/{id}]}" onto public java.lang.String com.kawarides.admin.controller.view.CategoryViewController.deleteCategory(java.lang.Long) 
.13:01:11.069 [restartedMain] [user="" token=""] INFO  o.s.w.s.m.m.a.RequestMappingHandlerMapping - Mapped "{[/categoryview/save],methods=[POST]}" onto public java.lang.String com.kawarides.admin.controller.view.CategoryViewController.saveCategory(com.kawarides.admin.model.Categories) 
.13:01:11.069 [restartedMain] [user="" token=""] INFO  o.s.w.s.m.m.a.RequestMappingHandlerMapping - Mapped "{[/orderview/list]}" onto public java.lang.String com.kawarides.admin.controller.view.CustomerOrderViewController.customerOrderList(org.springframework.ui.Model,java.lang.Long) 
.13:01:11.070 [restartedMain] [user="" token=""] INFO  o.s.w.s.m.m.a.RequestMappingHandlerMapping - Mapped "{[/customers/list],methods=[GET]}" onto public java.lang.String com.kawarides.admin.controller.view.CustomersViewController.customersList(org.springframework.ui.Model) 
.13:01:11.070 [restartedMain] [user="" token=""] INFO  o.s.w.s.m.m.a.RequestMappingHandlerMapping - Mapped "{[/customers/deletecustomer/{customerId}]}" onto public java.lang.String com.kawarides.admin.controller.view.CustomersViewController.deleteCustomer(java.lang.Long) 
.13:01:11.070 [restartedMain] [user="" token=""] INFO  o.s.w.s.m.m.a.RequestMappingHandlerMapping - Mapped "{[/default/login],methods=[GET]}" onto public java.lang.String com.kawarides.admin.controller.view.DashboardController.login(org.springframework.ui.Model,java.lang.String,java.lang.String) 
.13:01:11.071 [restartedMain] [user="" token=""] INFO  o.s.w.s.m.m.a.RequestMappingHandlerMapping - Mapped "{[/productview/form],methods=[GET]}" onto public java.lang.String com.kawarides.admin.controller.view.ProductController.insertform(com.kawarides.admin.model.Products,org.springframework.ui.Model) 
.13:01:11.071 [restartedMain] [user="" token=""] INFO  o.s.w.s.m.m.a.RequestMappingHandlerMapping - Mapped "{[/productview/updateform/{productId}],methods=[GET]}" onto public java.lang.String com.kawarides.admin.controller.view.ProductController.updateCategory(java.lang.Long,org.springframework.ui.Model,com.kawarides.admin.model.Products) 
.13:01:11.072 [restartedMain] [user="" token=""] INFO  o.s.w.s.m.m.a.RequestMappingHandlerMapping - Mapped "{[/productview/list],methods=[GET]}" onto private java.lang.String com.kawarides.admin.controller.view.ProductController.productList(org.springframework.ui.Model) 
.13:01:11.072 [restartedMain] [user="" token=""] INFO  o.s.w.s.m.m.a.RequestMappingHandlerMapping - Mapped "{[/productview/save],methods=[POST]}" onto public java.lang.String com.kawarides.admin.controller.view.ProductController.saveProducts(com.kawarides.admin.model.Products,org.springframework.web.multipart.MultipartFile,org.springframework.web.servlet.mvc.support.RedirectAttributes) 
.13:01:11.072 [restartedMain] [user="" token=""] INFO  o.s.w.s.m.m.a.RequestMappingHandlerMapping - Mapped "{[/productview/deleteproduct/{productId}]}" onto public java.lang.String com.kawarides.admin.controller.view.ProductController.deleteProduct(java.lang.Long) 
.13:01:11.073 [restartedMain] [user="" token=""] INFO  o.s.w.s.m.m.a.RequestMappingHandlerMapping - Mapped "{[/userview/list],methods=[GET]}" onto public java.lang.String com.kawarides.admin.controller.view.UserViewController.userList(org.springframework.ui.Model) 
.13:01:11.073 [restartedMain] [user="" token=""] INFO  o.s.w.s.m.m.a.RequestMappingHandlerMapping - Mapped "{[/userview/deleteuser/{userId}]}" onto public java.lang.String com.kawarides.admin.controller.view.UserViewController.deleteUser(java.lang.Long) 
.13:01:11.074 [restartedMain] [user="" token=""] INFO  o.s.w.s.m.m.a.RequestMappingHandlerMapping - Mapped "{[/userview/form],methods=[GET]}" onto public java.lang.String com.kawarides.admin.controller.view.UserViewController.insertform(com.kawarides.admin.model.User,org.springframework.ui.Model) 
.13:01:11.074 [restartedMain] [user="" token=""] INFO  o.s.w.s.m.m.a.RequestMappingHandlerMapping - Mapped "{[/userview/updateform/{userId}],methods=[GET]}" onto public java.lang.String com.kawarides.admin.controller.view.UserViewController.updateUser(java.lang.Long,org.springframework.ui.Model,com.kawarides.admin.model.User) 
.13:01:11.074 [restartedMain] [user="" token=""] INFO  o.s.w.s.m.m.a.RequestMappingHandlerMapping - Mapped "{[/userview/save],methods=[POST]}" onto public java.lang.String com.kawarides.admin.controller.view.UserViewController.saveUser(com.kawarides.admin.model.User) 
.13:01:11.074 [restartedMain] [user="" token=""] INFO  o.s.w.s.m.m.a.RequestMappingHandlerMapping - Mapped "{[/api/category/list]}" onto public java.util.List<com.kawarides.admin.model.Categories> com.kawarides.app.controller.api.CategoriesclientController.listCategory() 
.13:01:11.075 [restartedMain] [user="" token=""] INFO  o.s.w.s.m.m.a.RequestMappingHandlerMapping - Mapped "{[/api/category/add]}" onto public com.kawarides.admin.model.Categories com.kawarides.app.controller.api.CategoriesclientController.addCateogory(com.kawarides.admin.model.Categories) 
.13:01:11.075 [restartedMain] [user="" token=""] INFO  o.s.w.s.m.m.a.RequestMappingHandlerMapping - Mapped "{[/api/category/list/{catId}]}" onto public com.kawarides.admin.model.Categories com.kawarides.app.controller.api.CategoriesclientController.findOne(java.lang.Long) 
.13:01:11.075 [restartedMain] [user="" token=""] INFO  o.s.w.s.m.m.a.RequestMappingHandlerMapping - Mapped "{[/api/product/form],methods=[GET]}" onto public java.lang.String com.kawarides.app.controller.api.ProductsclientController.insertform(com.kawarides.admin.model.Products,org.springframework.ui.Model) 
.13:01:11.075 [restartedMain] [user="" token=""] INFO  o.s.w.s.m.m.a.RequestMappingHandlerMapping - Mapped "{[/api/product/list],methods=[GET]}" onto private java.lang.String com.kawarides.app.controller.api.ProductsclientController.productList(org.springframework.ui.Model) 
.13:01:11.076 [restartedMain] [user="" token=""] INFO  o.s.w.s.m.m.a.RequestMappingHandlerMapping - Mapped "{[/error]}" onto public org.springframework.http.ResponseEntity<java.util.Map<java.lang.String, java.lang.Object>> org.springframework.boot.autoconfigure.web.BasicErrorController.error(javax.servlet.http.HttpServletRequest) 
.13:01:11.077 [restartedMain] [user="" token=""] INFO  o.s.w.s.m.m.a.RequestMappingHandlerMapping - Mapped "{[/error],produces=[text/html]}" onto public org.springframework.web.servlet.ModelAndView org.springframework.boot.autoconfigure.web.BasicErrorController.errorHtml(javax.servlet.http.HttpServletRequest,javax.servlet.http.HttpServletResponse) 
.13:01:11.108 [restartedMain] [user="" token=""] INFO  o.s.w.s.h.SimpleUrlHandlerMapping - Mapped URL path [/webjars/**] onto handler of type [class org.springframework.web.servlet.resource.ResourceHttpRequestHandler] 
.13:01:11.108 [restartedMain] [user="" token=""] INFO  o.s.w.s.h.SimpleUrlHandlerMapping - Mapped URL path [/**] onto handler of type [class org.springframework.web.servlet.resource.ResourceHttpRequestHandler] 
.13:01:11.141 [restartedMain] [user="" token=""] INFO  o.s.w.s.h.SimpleUrlHandlerMapping - Mapped URL path [/**/favicon.ico] onto handler of type [class org.springframework.web.servlet.resource.ResourceHttpRequestHandler] 
.13:01:11.282 [restartedMain] [user="" token=""] INFO  o.s.b.d.a.OptionalLiveReloadServer - LiveReload server is running on port 35729 
.13:01:11.315 [restartedMain] [user="" token=""] INFO  o.s.j.e.a.AnnotationMBeanExporter - Registering beans for JMX exposure on startup 
.13:01:11.322 [restartedMain] [user="" token=""] INFO  o.a.coyote.http11.Http11NioProtocol - Initializing ProtocolHandler ["http-nio-8080"] 
.13:01:11.323 [restartedMain] [user="" token=""] INFO  o.a.coyote.http11.Http11NioProtocol - Starting ProtocolHandler ["http-nio-8080"] 
.13:01:11.324 [restartedMain] [user="" token=""] INFO  o.a.tomcat.util.net.NioSelectorPool - Using a shared selector for servlet write/read 
.13:01:11.328 [restartedMain] [user="" token=""] INFO  o.s.b.c.e.t.TomcatEmbeddedServletContainer - Tomcat started on port(s): 8080 (http) 
.13:01:11.330 [restartedMain] [user="" token=""] INFO  c.kawarides.DeliverykawaApplication - Started DeliverykawaApplication in 5.485 seconds (JVM running for 1901.08) 
.13:32:54.149 [http-nio-8080-exec-1] [user="" token=""] INFO  o.a.c.c.C.[.[.[/kawadelivery] - Initializing Spring FrameworkServlet 'dispatcherServlet' 
.13:32:54.149 [http-nio-8080-exec-1] [user="" token=""] INFO  o.s.web.servlet.DispatcherServlet - FrameworkServlet 'dispatcherServlet': initialization started 
.13:32:54.155 [http-nio-8080-exec-1] [user="" token=""] INFO  o.s.web.servlet.DispatcherServlet - FrameworkServlet 'dispatcherServlet': initialization completed in 6 ms 
.14:22:07.213 [RMI TCP Connection(2)-127.0.0.1] [user="" token=""] INFO  o.s.b.a.SpringApplicationAdminMXBeanRegistrar$SpringApplicationAdmin - Application shutdown requested. 
.14:22:07.214 [RMI TCP Connection(2)-127.0.0.1] [user="" token=""] INFO  o.s.b.c.e.AnnotationConfigEmbeddedWebApplicationContext - Closing org.springframework.boot.context.embedded.AnnotationConfigEmbeddedWebApplicationContext@7e37bdf7: startup date [Sun Jul 16 13:01:05 PDT 2017]; root of context hierarchy 
.14:22:07.219 [RMI TCP Connection(2)-127.0.0.1] [user="" token=""] INFO  o.s.j.e.a.AnnotationMBeanExporter - Unregistering JMX-exposed beans on shutdown 
.14:22:07.221 [RMI TCP Connection(2)-127.0.0.1] [user="" token=""] INFO  o.s.o.j.LocalContainerEntityManagerFactoryBean - Closing JPA EntityManagerFactory for persistence unit 'default' 
