.13:49:44.084 [restartedMain] [user="" token=""] INFO  c.kawarides.DeliverykawaApplication - Starting DeliverykawaApplication on DESKTOP-CM1UI3C with PID 3340 (C:\Users\nikil\workspace\deliverykawa\target\classes started by nikil in C:\Users\nikil\workspace\deliverykawa) 
.13:49:44.086 [restartedMain] [user="" token=""] INFO  c.kawarides.DeliverykawaApplication - No active profile set, falling back to default profiles: default 
.13:49:44.149 [restartedMain] [user="" token=""] INFO  o.s.b.c.e.AnnotationConfigEmbeddedWebApplicationContext - Refreshing org.springframework.boot.context.embedded.AnnotationConfigEmbeddedWebApplicationContext@1e712d57: startup date [Thu Jul 27 13:49:44 PDT 2017]; root of context hierarchy 
.13:49:44.488 [background-preinit] [user="" token=""] INFO  o.h.validator.internal.util.Version - HV000001: Hibernate Validator 5.3.5.Final 
.13:49:46.637 [restartedMain] [user="" token=""] INFO  o.s.b.c.e.t.TomcatEmbeddedServletContainer - Tomcat initialized with port(s): 8080 (http) 
.13:49:46.649 [restartedMain] [user="" token=""] INFO  o.a.catalina.core.StandardService - Starting service Tomcat 
.13:49:46.650 [restartedMain] [user="" token=""] INFO  o.a.catalina.core.StandardEngine - Starting Servlet Engine: Apache Tomcat/8.5.14 
.13:49:46.905 [localhost-startStop-1] [user="" token=""] INFO  org.apache.jasper.servlet.TldScanner - At least one JAR was scanned for TLDs yet contained no TLDs. Enable debug logging for this logger for a complete list of JARs that were scanned but no TLDs were found in them. Skipping unneeded JARs during scanning can improve startup time and JSP compilation time. 
.13:49:46.910 [localhost-startStop-1] [user="" token=""] INFO  o.a.c.c.C.[.[.[/kawadelivery] - Initializing Spring embedded WebApplicationContext 
.13:49:46.910 [localhost-startStop-1] [user="" token=""] INFO  o.s.web.context.ContextLoader - Root WebApplicationContext: initialization completed in 2761 ms 
.13:49:47.209 [localhost-startStop-1] [user="" token=""] INFO  o.s.b.w.s.FilterRegistrationBean - Mapping filter: 'characterEncodingFilter' to: [/*] 
.13:49:47.210 [localhost-startStop-1] [user="" token=""] INFO  o.s.b.w.s.FilterRegistrationBean - Mapping filter: 'hiddenHttpMethodFilter' to: [/*] 
.13:49:47.210 [localhost-startStop-1] [user="" token=""] INFO  o.s.b.w.s.FilterRegistrationBean - Mapping filter: 'httpPutFormContentFilter' to: [/*] 
.13:49:47.210 [localhost-startStop-1] [user="" token=""] INFO  o.s.b.w.s.FilterRegistrationBean - Mapping filter: 'requestContextFilter' to: [/*] 
.13:49:47.211 [localhost-startStop-1] [user="" token=""] INFO  o.s.b.w.s.DelegatingFilterProxyRegistrationBean - Mapping filter: 'springSecurityFilterChain' to: [/*] 
.13:49:47.211 [localhost-startStop-1] [user="" token=""] INFO  o.s.b.w.s.ServletRegistrationBean - Mapping servlet: 'dispatcherServlet' to [/] 
.13:49:47.915 [restartedMain] [user="" token=""] INFO  o.s.o.j.LocalContainerEntityManagerFactoryBean - Building JPA container EntityManagerFactory for persistence unit 'default' 
.13:49:47.928 [restartedMain] [user="" token=""] INFO  o.h.jpa.internal.util.LogHelper - HHH000204: Processing PersistenceUnitInfo [
	name: default
	...] 
.13:49:47.991 [restartedMain] [user="" token=""] INFO  org.hibernate.Version - HHH000412: Hibernate Core {5.0.12.Final} 
.13:49:47.992 [restartedMain] [user="" token=""] INFO  org.hibernate.cfg.Environment - HHH000206: hibernate.properties not found 
.13:49:47.994 [restartedMain] [user="" token=""] INFO  org.hibernate.cfg.Environment - HHH000021: Bytecode provider name : javassist 
.13:49:48.033 [restartedMain] [user="" token=""] INFO  o.h.annotations.common.Version - HCANN000001: Hibernate Commons Annotations {5.0.1.Final} 
.13:49:48.158 [restartedMain] [user="" token=""] INFO  org.hibernate.dialect.Dialect - HHH000400: Using dialect: org.hibernate.dialect.MySQL5Dialect 
.13:49:48.665 [restartedMain] [user="" token=""] INFO  o.h.tool.hbm2ddl.SchemaUpdate - HHH000228: Running hbm2ddl schema update 
.13:49:50.865 [restartedMain] [user="" token=""] INFO  o.s.o.j.LocalContainerEntityManagerFactoryBean - Initialized JPA EntityManagerFactory for persistence unit 'default' 
.13:49:51.969 [restartedMain] [user="" token=""] INFO  o.h.h.i.QueryTranslatorFactoryInitiator - HHH000397: Using ASTQueryTranslatorFactory 
.13:49:53.455 [restartedMain] [user="" token=""] INFO  o.s.aop.framework.CglibAopProxy - Final method [protected final org.springframework.context.ApplicationContext org.springframework.security.config.annotation.web.configuration.WebSecurityConfigurerAdapter.getApplicationContext()] cannot get proxied via CGLIB: Calls to this method will NOT be routed to the target instance and might lead to NPEs against uninitialized fields in the proxy instance. 
.13:49:53.456 [restartedMain] [user="" token=""] INFO  o.s.aop.framework.CglibAopProxy - Final method [protected final org.springframework.security.config.annotation.web.builders.HttpSecurity org.springframework.security.config.annotation.web.configuration.WebSecurityConfigurerAdapter.getHttp() throws java.lang.Exception] cannot get proxied via CGLIB: Calls to this method will NOT be routed to the target instance and might lead to NPEs against uninitialized fields in the proxy instance. 
.13:49:53.751 [restartedMain] [user="" token=""] INFO  c.k.admin.aspect.LoggerAspect - SecurityConfiguration$$EnhancerBySpringCGLIB$$972a0250 : configure 
.13:49:53.752 [restartedMain] [user="" token=""] INFO  o.s.s.web.DefaultSecurityFilterChain - Creating filter chain: Ant [pattern='/resources/**'], [] 
.13:49:53.870 [restartedMain] [user="" token=""] INFO  o.s.s.web.DefaultSecurityFilterChain - Creating filter chain: org.springframework.security.web.util.matcher.AnyRequestMatcher@1, [org.springframework.security.web.context.request.async.WebAsyncManagerIntegrationFilter@45507fe5, org.springframework.security.web.context.SecurityContextPersistenceFilter@607423d7, org.springframework.security.web.header.HeaderWriterFilter@d7ef766, org.springframework.security.web.authentication.logout.LogoutFilter@6d2eee39, org.springframework.security.web.authentication.UsernamePasswordAuthenticationFilter@2acbc6aa, org.springframework.security.web.authentication.www.BasicAuthenticationFilter@342c481e, org.springframework.security.web.savedrequest.RequestCacheAwareFilter@77fa4491, org.springframework.security.web.servletapi.SecurityContextHolderAwareRequestFilter@6f891cf0, org.springframework.security.web.authentication.AnonymousAuthenticationFilter@79bfd483, org.springframework.security.web.session.SessionManagementFilter@22ce0292, org.springframework.security.web.access.ExceptionTranslationFilter@5f6b7318, org.springframework.security.web.access.intercept.FilterSecurityInterceptor@78be2ba8] 
.13:49:54.075 [restartedMain] [user="" token=""] INFO  o.s.w.s.m.m.a.RequestMappingHandlerAdapter - Looking for @ControllerAdvice: org.springframework.boot.context.embedded.AnnotationConfigEmbeddedWebApplicationContext@1e712d57: startup date [Thu Jul 27 13:49:44 PDT 2017]; root of context hierarchy 
.13:49:54.190 [restartedMain] [user="" token=""] INFO  o.s.w.s.m.m.a.RequestMappingHandlerMapping - Mapped "{[/category/list/{catId}]}" onto public com.kawarides.admin.model.Categories com.kawarides.admin.controller.api.CategoriesController.findOne(java.lang.Long) 
.13:49:54.191 [restartedMain] [user="" token=""] INFO  o.s.w.s.m.m.a.RequestMappingHandlerMapping - Mapped "{[/category/list]}" onto public java.util.List<com.kawarides.admin.model.Categories> com.kawarides.admin.controller.api.CategoriesController.listCategory() 
.13:49:54.191 [restartedMain] [user="" token=""] INFO  o.s.w.s.m.m.a.RequestMappingHandlerMapping - Mapped "{[/category/add]}" onto public com.kawarides.admin.model.Categories com.kawarides.admin.controller.api.CategoriesController.addCateogory(com.kawarides.admin.model.Categories) 
.13:49:54.192 [restartedMain] [user="" token=""] INFO  o.s.w.s.m.m.a.RequestMappingHandlerMapping - Mapped "{[/order/add]}" onto public com.kawarides.admin.model.CustomerOrder com.kawarides.admin.controller.api.CustomerOrderController.addcustomerOrder(com.kawarides.admin.model.CustomerOrder) 
.13:49:54.193 [restartedMain] [user="" token=""] INFO  o.s.w.s.m.m.a.RequestMappingHandlerMapping - Mapped "{[/user/list]}" onto public java.util.List<com.kawarides.admin.model.User> com.kawarides.admin.controller.api.UserController.userList() 
.13:49:54.193 [restartedMain] [user="" token=""] INFO  o.s.w.s.m.m.a.RequestMappingHandlerMapping - Mapped "{[/user/list/{userId}]}" onto public com.kawarides.admin.model.User com.kawarides.admin.controller.api.UserController.findOne(java.lang.Long) 
.13:49:54.193 [restartedMain] [user="" token=""] INFO  o.s.w.s.m.m.a.RequestMappingHandlerMapping - Mapped "{[/user/delete/{userId}]}" onto public java.lang.String com.kawarides.admin.controller.api.UserController.deleteUser(java.lang.Long) 
.13:49:54.193 [restartedMain] [user="" token=""] INFO  o.s.w.s.m.m.a.RequestMappingHandlerMapping - Mapped "{[/user/add]}" onto public com.kawarides.admin.model.User com.kawarides.admin.controller.api.UserController.addUser(com.kawarides.admin.model.User) 
.13:49:54.198 [restartedMain] [user="" token=""] INFO  o.s.w.s.m.m.a.RequestMappingHandlerMapping - Mapped "{[/brandsview/deletebrand/{id}]}" onto public java.lang.String com.kawarides.admin.controller.view.BrandViewController.deleteBrand(java.lang.Long) 
.13:49:54.198 [restartedMain] [user="" token=""] INFO  o.s.w.s.m.m.a.RequestMappingHandlerMapping - Mapped "{[/brandsview/list],methods=[GET]}" onto public java.lang.String com.kawarides.admin.controller.view.BrandViewController.brandList(org.springframework.ui.Model) 
.13:49:54.198 [restartedMain] [user="" token=""] INFO  o.s.w.s.m.m.a.RequestMappingHandlerMapping - Mapped "{[/brandsview/form],methods=[GET]}" onto public java.lang.String com.kawarides.admin.controller.view.BrandViewController.insertform(com.kawarides.admin.model.Brands,org.springframework.ui.Model) 
.13:49:54.199 [restartedMain] [user="" token=""] INFO  o.s.w.s.m.m.a.RequestMappingHandlerMapping - Mapped "{[/brandsview/updateform/{id}],methods=[GET]}" onto public java.lang.String com.kawarides.admin.controller.view.BrandViewController.updateBrand(java.lang.Long,org.springframework.ui.Model,com.kawarides.admin.model.Brands) 
.13:49:54.199 [restartedMain] [user="" token=""] INFO  o.s.w.s.m.m.a.RequestMappingHandlerMapping - Mapped "{[/brandsview/save],methods=[POST]}" onto public java.lang.String com.kawarides.admin.controller.view.BrandViewController.saveBrand(com.kawarides.admin.model.Brands) 
.13:49:54.200 [restartedMain] [user="" token=""] INFO  o.s.w.s.m.m.a.RequestMappingHandlerMapping - Mapped "{[/categoryview/updateform/{id}],methods=[GET]}" onto public java.lang.String com.kawarides.admin.controller.view.CategoryViewController.updateCategory(java.lang.Long,org.springframework.ui.Model,com.kawarides.admin.model.Categories) 
.13:49:54.201 [restartedMain] [user="" token=""] INFO  o.s.w.s.m.m.a.RequestMappingHandlerMapping - Mapped "{[/categoryview/list],methods=[GET]}" onto public java.lang.String com.kawarides.admin.controller.view.CategoryViewController.categoryList(org.springframework.ui.Model) 
.13:49:54.201 [restartedMain] [user="" token=""] INFO  o.s.w.s.m.m.a.RequestMappingHandlerMapping - Mapped "{[/categoryview/deletecategory/{id}]}" onto public java.lang.String com.kawarides.admin.controller.view.CategoryViewController.deleteCategory(java.lang.Long) 
.13:49:54.201 [restartedMain] [user="" token=""] INFO  o.s.w.s.m.m.a.RequestMappingHandlerMapping - Mapped "{[/categoryview/save],methods=[POST]}" onto public java.lang.String com.kawarides.admin.controller.view.CategoryViewController.saveCategory(com.kawarides.admin.model.Categories) 
.13:49:54.201 [restartedMain] [user="" token=""] INFO  o.s.w.s.m.m.a.RequestMappingHandlerMapping - Mapped "{[/categoryview/form],methods=[GET]}" onto public java.lang.String com.kawarides.admin.controller.view.CategoryViewController.insertform(com.kawarides.admin.model.Categories,org.springframework.ui.Model) 
.13:49:54.202 [restartedMain] [user="" token=""] INFO  o.s.w.s.m.m.a.RequestMappingHandlerMapping - Mapped "{[/orderview/list]}" onto public java.lang.String com.kawarides.admin.controller.view.CustomerOrderViewController.customerOrderList(org.springframework.ui.Model,java.lang.Long) 
.13:49:54.203 [restartedMain] [user="" token=""] INFO  o.s.w.s.m.m.a.RequestMappingHandlerMapping - Mapped "{[/customers/list],methods=[GET]}" onto public java.lang.String com.kawarides.admin.controller.view.CustomersViewController.customersList(org.springframework.ui.Model) 
.13:49:54.203 [restartedMain] [user="" token=""] INFO  o.s.w.s.m.m.a.RequestMappingHandlerMapping - Mapped "{[/customers/deletecustomer/{customerId}]}" onto public java.lang.String com.kawarides.admin.controller.view.CustomersViewController.deleteCustomer(java.lang.Long) 
.13:49:54.204 [restartedMain] [user="" token=""] INFO  o.s.w.s.m.m.a.RequestMappingHandlerMapping - Mapped "{[/default/login],methods=[GET]}" onto public java.lang.String com.kawarides.admin.controller.view.DashboardController.login(org.springframework.ui.Model,java.lang.String,java.lang.String) 
.13:49:54.205 [restartedMain] [user="" token=""] INFO  o.s.w.s.m.m.a.RequestMappingHandlerMapping - Mapped "{[/productview/updateform/{productId}],methods=[GET]}" onto public java.lang.String com.kawarides.admin.controller.view.ProductViewController.updateCategory(java.lang.Long,org.springframework.ui.Model,com.kawarides.admin.model.Products) 
.13:49:54.206 [restartedMain] [user="" token=""] INFO  o.s.w.s.m.m.a.RequestMappingHandlerMapping - Mapped "{[/productview/form],methods=[GET]}" onto public java.lang.String com.kawarides.admin.controller.view.ProductViewController.insertform(com.kawarides.admin.model.Products,org.springframework.ui.Model) 
.13:49:54.206 [restartedMain] [user="" token=""] INFO  o.s.w.s.m.m.a.RequestMappingHandlerMapping - Mapped "{[/productview/deleteproduct/{productId}]}" onto public java.lang.String com.kawarides.admin.controller.view.ProductViewController.deleteProduct(java.lang.Long) 
.13:49:54.206 [restartedMain] [user="" token=""] INFO  o.s.w.s.m.m.a.RequestMappingHandlerMapping - Mapped "{[/productview/save],methods=[POST]}" onto public java.lang.String com.kawarides.admin.controller.view.ProductViewController.saveProducts(com.kawarides.admin.model.Products,org.springframework.web.multipart.MultipartFile,org.springframework.web.servlet.mvc.support.RedirectAttributes) 
.13:49:54.206 [restartedMain] [user="" token=""] INFO  o.s.w.s.m.m.a.RequestMappingHandlerMapping - Mapped "{[/productview/search],methods=[GET]}" onto public java.lang.String com.kawarides.admin.controller.view.ProductViewController.Search(java.lang.String,org.springframework.ui.Model) 
.13:49:54.206 [restartedMain] [user="" token=""] INFO  o.s.w.s.m.m.a.RequestMappingHandlerMapping - Mapped "{[/productview/list],methods=[GET]}" onto private java.lang.String com.kawarides.admin.controller.view.ProductViewController.productList(org.springframework.ui.Model) 
.13:49:54.207 [restartedMain] [user="" token=""] INFO  o.s.w.s.m.m.a.RequestMappingHandlerMapping - Mapped "{[/store/form],methods=[GET]}" onto public java.lang.String com.kawarides.admin.controller.view.StoreViewController.addStore(com.kawarides.admin.model.Store,org.springframework.ui.Model) 
.13:49:54.208 [restartedMain] [user="" token=""] INFO  o.s.w.s.m.m.a.RequestMappingHandlerMapping - Mapped "{[/store/edit/{storeId}],methods=[GET]}" onto public java.lang.String com.kawarides.admin.controller.view.StoreViewController.updateStore(java.lang.Long,org.springframework.ui.Model,com.kawarides.admin.model.Store) 
.13:49:54.208 [restartedMain] [user="" token=""] INFO  o.s.w.s.m.m.a.RequestMappingHandlerMapping - Mapped "{[/store/list],methods=[GET]}" onto public java.lang.String com.kawarides.admin.controller.view.StoreViewController.listStore(org.springframework.ui.Model) 
.13:49:54.212 [restartedMain] [user="" token=""] INFO  o.s.w.s.m.m.a.RequestMappingHandlerMapping - Mapped "{[/userview/list],methods=[GET]}" onto public java.lang.String com.kawarides.admin.controller.view.UserViewController.userList(org.springframework.ui.Model) 
.13:49:54.212 [restartedMain] [user="" token=""] INFO  o.s.w.s.m.m.a.RequestMappingHandlerMapping - Mapped "{[/userview/deleteuser/{userId}]}" onto public java.lang.String com.kawarides.admin.controller.view.UserViewController.deleteUser(java.lang.Long) 
.13:49:54.213 [restartedMain] [user="" token=""] INFO  o.s.w.s.m.m.a.RequestMappingHandlerMapping - Mapped "{[/userview/form],methods=[GET]}" onto public java.lang.String com.kawarides.admin.controller.view.UserViewController.insertform(com.kawarides.admin.model.User,org.springframework.ui.Model) 
.13:49:54.213 [restartedMain] [user="" token=""] INFO  o.s.w.s.m.m.a.RequestMappingHandlerMapping - Mapped "{[/userview/save],methods=[POST]}" onto public java.lang.String com.kawarides.admin.controller.view.UserViewController.saveUser(com.kawarides.admin.model.User) 
.13:49:54.213 [restartedMain] [user="" token=""] INFO  o.s.w.s.m.m.a.RequestMappingHandlerMapping - Mapped "{[/userview/updateform/{userId}],methods=[GET]}" onto public java.lang.String com.kawarides.admin.controller.view.UserViewController.updateUser(java.lang.Long,org.springframework.ui.Model,com.kawarides.admin.model.User) 
.13:49:54.215 [restartedMain] [user="" token=""] INFO  o.s.w.s.m.m.a.RequestMappingHandlerMapping - Mapped "{[/api/category/list/{catId}]}" onto public com.kawarides.admin.model.Categories com.kawarides.app.controller.api.CategoriesclientController.findOne(java.lang.Long) 
.13:49:54.215 [restartedMain] [user="" token=""] INFO  o.s.w.s.m.m.a.RequestMappingHandlerMapping - Mapped "{[/api/category/list]}" onto public java.util.List<com.kawarides.admin.model.Categories> com.kawarides.app.controller.api.CategoriesclientController.listCategory() 
.13:49:54.215 [restartedMain] [user="" token=""] INFO  o.s.w.s.m.m.a.RequestMappingHandlerMapping - Mapped "{[/api/category/add]}" onto public com.kawarides.admin.model.Categories com.kawarides.app.controller.api.CategoriesclientController.addCateogory(com.kawarides.admin.model.Categories) 
.13:49:54.216 [restartedMain] [user="" token=""] INFO  o.s.w.s.m.m.a.RequestMappingHandlerMapping - Mapped "{[/api/product/form],methods=[GET]}" onto public java.lang.String com.kawarides.app.controller.api.ProductsclientController.insertform(com.kawarides.admin.model.Products,org.springframework.ui.Model) 
.13:49:54.216 [restartedMain] [user="" token=""] INFO  o.s.w.s.m.m.a.RequestMappingHandlerMapping - Mapped "{[/api/product/list],methods=[GET]}" onto private java.lang.String com.kawarides.app.controller.api.ProductsclientController.productList(org.springframework.ui.Model) 
.13:49:54.218 [restartedMain] [user="" token=""] INFO  o.s.w.s.m.m.a.RequestMappingHandlerMapping - Mapped "{[/error]}" onto public org.springframework.http.ResponseEntity<java.util.Map<java.lang.String, java.lang.Object>> org.springframework.boot.autoconfigure.web.BasicErrorController.error(javax.servlet.http.HttpServletRequest) 
.13:49:54.218 [restartedMain] [user="" token=""] INFO  o.s.w.s.m.m.a.RequestMappingHandlerMapping - Mapped "{[/error],produces=[text/html]}" onto public org.springframework.web.servlet.ModelAndView org.springframework.boot.autoconfigure.web.BasicErrorController.errorHtml(javax.servlet.http.HttpServletRequest,javax.servlet.http.HttpServletResponse) 
.13:49:54.284 [restartedMain] [user="" token=""] INFO  o.s.w.s.h.SimpleUrlHandlerMapping - Mapped URL path [/webjars/**] onto handler of type [class org.springframework.web.servlet.resource.ResourceHttpRequestHandler] 
.13:49:54.284 [restartedMain] [user="" token=""] INFO  o.s.w.s.h.SimpleUrlHandlerMapping - Mapped URL path [/**] onto handler of type [class org.springframework.web.servlet.resource.ResourceHttpRequestHandler] 
.13:49:54.355 [restartedMain] [user="" token=""] INFO  o.s.w.s.h.SimpleUrlHandlerMapping - Mapped URL path [/**/favicon.ico] onto handler of type [class org.springframework.web.servlet.resource.ResourceHttpRequestHandler] 
.13:49:54.863 [restartedMain] [user="" token=""] INFO  o.s.b.d.a.OptionalLiveReloadServer - LiveReload server is running on port 35729 
.13:49:54.930 [restartedMain] [user="" token=""] INFO  o.s.j.e.a.AnnotationMBeanExporter - Registering beans for JMX exposure on startup 
.13:49:54.983 [restartedMain] [user="" token=""] INFO  o.a.coyote.http11.Http11NioProtocol - Initializing ProtocolHandler ["http-nio-8080"] 
.13:49:55.029 [restartedMain] [user="" token=""] INFO  o.a.coyote.http11.Http11NioProtocol - Starting ProtocolHandler ["http-nio-8080"] 
.13:49:55.097 [restartedMain] [user="" token=""] INFO  o.a.tomcat.util.net.NioSelectorPool - Using a shared selector for servlet write/read 
.13:49:55.166 [restartedMain] [user="" token=""] INFO  o.s.b.c.e.t.TomcatEmbeddedServletContainer - Tomcat started on port(s): 8080 (http) 
.13:49:55.180 [restartedMain] [user="" token=""] INFO  c.kawarides.DeliverykawaApplication - Started DeliverykawaApplication in 11.343 seconds (JVM running for 12.154) 
.13:54:30.890 [RMI TCP Connection(2)-127.0.0.1] [user="" token=""] INFO  o.s.b.a.SpringApplicationAdminMXBeanRegistrar$SpringApplicationAdmin - Application shutdown requested. 
.13:54:30.891 [RMI TCP Connection(2)-127.0.0.1] [user="" token=""] INFO  o.s.b.c.e.AnnotationConfigEmbeddedWebApplicationContext - Closing org.springframework.boot.context.embedded.AnnotationConfigEmbeddedWebApplicationContext@1e712d57: startup date [Thu Jul 27 13:49:44 PDT 2017]; root of context hierarchy 
.13:54:30.903 [RMI TCP Connection(2)-127.0.0.1] [user="" token=""] INFO  o.s.j.e.a.AnnotationMBeanExporter - Unregistering JMX-exposed beans on shutdown 
.13:54:30.915 [RMI TCP Connection(2)-127.0.0.1] [user="" token=""] INFO  o.s.o.j.LocalContainerEntityManagerFactoryBean - Closing JPA EntityManagerFactory for persistence unit 'default' 
