.13:02:22.489 [restartedMain] [user="" token=""] INFO  c.kawarides.DeliverykawaApplication - Starting DeliverykawaApplication on DESKTOP-CM1UI3C with PID 5320 (C:\Users\nikil\workspace\deliverykawa\target\classes started by nikil in C:\Users\nikil\workspace\deliverykawa) 
.13:02:22.489 [restartedMain] [user="" token=""] INFO  c.kawarides.DeliverykawaApplication - No active profile set, falling back to default profiles: default 
.13:02:22.499 [restartedMain] [user="" token=""] INFO  o.s.b.c.e.AnnotationConfigEmbeddedWebApplicationContext - Refreshing org.springframework.boot.context.embedded.AnnotationConfigEmbeddedWebApplicationContext@5488533e: startup date [Thu Jun 01 13:02:22 PDT 2017]; root of context hierarchy 
.13:02:23.078 [restartedMain] [user="" token=""] INFO  o.s.b.c.e.t.TomcatEmbeddedServletContainer - Tomcat initialized with port(s): 8080 (http) 
.13:02:23.079 [restartedMain] [user="" token=""] INFO  o.a.catalina.core.StandardService - Starting service Tomcat 
.13:02:23.079 [restartedMain] [user="" token=""] INFO  o.a.catalina.core.StandardEngine - Starting Servlet Engine: Apache Tomcat/8.5.14 
.13:02:23.145 [localhost-startStop-1] [user="" token=""] INFO  org.apache.jasper.servlet.TldScanner - At least one JAR was scanned for TLDs yet contained no TLDs. Enable debug logging for this logger for a complete list of JARs that were scanned but no TLDs were found in them. Skipping unneeded JARs during scanning can improve startup time and JSP compilation time. 
.13:02:23.147 [localhost-startStop-1] [user="" token=""] INFO  o.a.c.c.C.[.[.[/kawadelivery] - Initializing Spring embedded WebApplicationContext 
.13:02:23.148 [localhost-startStop-1] [user="" token=""] INFO  o.s.web.context.ContextLoader - Root WebApplicationContext: initialization completed in 649 ms 
.13:02:23.250 [localhost-startStop-1] [user="" token=""] INFO  o.s.b.w.s.FilterRegistrationBean - Mapping filter: 'characterEncodingFilter' to: [/*] 
.13:02:23.252 [localhost-startStop-1] [user="" token=""] INFO  o.s.b.w.s.FilterRegistrationBean - Mapping filter: 'hiddenHttpMethodFilter' to: [/*] 
.13:02:23.252 [localhost-startStop-1] [user="" token=""] INFO  o.s.b.w.s.FilterRegistrationBean - Mapping filter: 'httpPutFormContentFilter' to: [/*] 
.13:02:23.252 [localhost-startStop-1] [user="" token=""] INFO  o.s.b.w.s.FilterRegistrationBean - Mapping filter: 'requestContextFilter' to: [/*] 
.13:02:23.253 [localhost-startStop-1] [user="" token=""] INFO  o.s.b.w.s.DelegatingFilterProxyRegistrationBean - Mapping filter: 'springSecurityFilterChain' to: [/*] 
.13:02:23.253 [localhost-startStop-1] [user="" token=""] INFO  o.s.b.w.s.ServletRegistrationBean - Mapping servlet: 'dispatcherServlet' to [/] 
.13:02:23.441 [restartedMain] [user="" token=""] INFO  o.s.o.j.LocalContainerEntityManagerFactoryBean - Building JPA container EntityManagerFactory for persistence unit 'default' 
.13:02:23.441 [restartedMain] [user="" token=""] INFO  o.h.jpa.internal.util.LogHelper - HHH000204: Processing PersistenceUnitInfo [
	name: default
	...] 
.13:02:23.451 [restartedMain] [user="" token=""] INFO  org.hibernate.dialect.Dialect - HHH000400: Using dialect: org.hibernate.dialect.MySQL5Dialect 
.13:02:23.481 [restartedMain] [user="" token=""] INFO  o.h.tool.hbm2ddl.SchemaUpdate - HHH000228: Running hbm2ddl schema update 
.13:02:23.593 [restartedMain] [user="" token=""] INFO  o.s.o.j.LocalContainerEntityManagerFactoryBean - Initialized JPA EntityManagerFactory for persistence unit 'default' 
.13:02:23.691 [restartedMain] [user="" token=""] INFO  o.h.h.i.QueryTranslatorFactoryInitiator - HHH000397: Using ASTQueryTranslatorFactory 
.13:02:23.972 [restartedMain] [user="" token=""] INFO  o.s.aop.framework.CglibAopProxy - Final method [protected final org.springframework.context.ApplicationContext org.springframework.security.config.annotation.web.configuration.WebSecurityConfigurerAdapter.getApplicationContext()] cannot get proxied via CGLIB: Calls to this method will NOT be routed to the target instance and might lead to NPEs against uninitialized fields in the proxy instance. 
.13:02:23.972 [restartedMain] [user="" token=""] INFO  o.s.aop.framework.CglibAopProxy - Final method [protected final org.springframework.security.config.annotation.web.builders.HttpSecurity org.springframework.security.config.annotation.web.configuration.WebSecurityConfigurerAdapter.getHttp() throws java.lang.Exception] cannot get proxied via CGLIB: Calls to this method will NOT be routed to the target instance and might lead to NPEs against uninitialized fields in the proxy instance. 
.13:02:24.013 [restartedMain] [user="" token=""] INFO  c.k.admin.aspect.LoggerAspect - SecurityConfiguration$$EnhancerBySpringCGLIB$$15e169e8 : configure 
.13:02:24.013 [restartedMain] [user="" token=""] INFO  o.s.s.web.DefaultSecurityFilterChain - Creating filter chain: Ant [pattern='/resources/**'], [] 
.13:02:24.040 [restartedMain] [user="" token=""] INFO  o.s.s.web.DefaultSecurityFilterChain - Creating filter chain: org.springframework.security.web.util.matcher.AnyRequestMatcher@1, [org.springframework.security.web.context.request.async.WebAsyncManagerIntegrationFilter@4c6dc79a, org.springframework.security.web.context.SecurityContextPersistenceFilter@1a5eeb, org.springframework.security.web.header.HeaderWriterFilter@4a2b288d, org.springframework.security.web.csrf.CsrfFilter@1100854, org.springframework.security.web.authentication.logout.LogoutFilter@2f1834ee, org.springframework.security.web.authentication.UsernamePasswordAuthenticationFilter@359910f0, org.springframework.security.web.authentication.www.BasicAuthenticationFilter@62633032, org.springframework.security.web.savedrequest.RequestCacheAwareFilter@70c03536, org.springframework.security.web.servletapi.SecurityContextHolderAwareRequestFilter@633c04e3, org.springframework.security.web.authentication.AnonymousAuthenticationFilter@6f2cadb9, org.springframework.security.web.session.SessionManagementFilter@149a43e, org.springframework.security.web.access.ExceptionTranslationFilter@45e6b99f, org.springframework.security.web.access.intercept.FilterSecurityInterceptor@58af79af] 
.13:02:24.090 [restartedMain] [user="" token=""] INFO  o.s.w.s.m.m.a.RequestMappingHandlerAdapter - Looking for @ControllerAdvice: org.springframework.boot.context.embedded.AnnotationConfigEmbeddedWebApplicationContext@5488533e: startup date [Thu Jun 01 13:02:22 PDT 2017]; root of context hierarchy 
.13:02:24.119 [restartedMain] [user="" token=""] INFO  o.s.w.s.m.m.a.RequestMappingHandlerMapping - Mapped "{[/user/list]}" onto public java.util.List<com.kawarides.admin.model.User> com.kawarides.admin.controller.api.UserController.userList() 
.13:02:24.119 [restartedMain] [user="" token=""] INFO  o.s.w.s.m.m.a.RequestMappingHandlerMapping - Mapped "{[/user/add]}" onto public com.kawarides.admin.model.User com.kawarides.admin.controller.api.UserController.addUser(com.kawarides.admin.model.User) 
.13:02:24.119 [restartedMain] [user="" token=""] INFO  o.s.w.s.m.m.a.RequestMappingHandlerMapping - Mapped "{[/user/delete/{userId}]}" onto public java.lang.String com.kawarides.admin.controller.api.UserController.deleteUser(java.lang.Long) 
.13:02:24.120 [restartedMain] [user="" token=""] INFO  o.s.w.s.m.m.a.RequestMappingHandlerMapping - Mapped "{[/user/list/{userId}]}" onto public com.kawarides.admin.model.User com.kawarides.admin.controller.api.UserController.findOne(java.lang.Long) 
.13:02:24.120 [restartedMain] [user="" token=""] INFO  o.s.w.s.m.m.a.RequestMappingHandlerMapping - Mapped "{[/default/login],methods=[GET]}" onto public java.lang.String com.kawarides.admin.controller.view.DashboardController.hello() 
.13:02:24.120 [restartedMain] [user="" token=""] INFO  o.s.w.s.m.m.a.RequestMappingHandlerMapping - Mapped "{[/userview/list],methods=[GET]}" onto public java.lang.String com.kawarides.admin.controller.view.UserViewController.userList(org.springframework.ui.Model) 
.13:02:24.122 [restartedMain] [user="" token=""] INFO  o.s.w.s.m.m.a.RequestMappingHandlerMapping - Mapped "{[/error]}" onto public org.springframework.http.ResponseEntity<java.util.Map<java.lang.String, java.lang.Object>> org.springframework.boot.autoconfigure.web.BasicErrorController.error(javax.servlet.http.HttpServletRequest) 
.13:02:24.122 [restartedMain] [user="" token=""] INFO  o.s.w.s.m.m.a.RequestMappingHandlerMapping - Mapped "{[/error],produces=[text/html]}" onto public org.springframework.web.servlet.ModelAndView org.springframework.boot.autoconfigure.web.BasicErrorController.errorHtml(javax.servlet.http.HttpServletRequest,javax.servlet.http.HttpServletResponse) 
.13:02:24.163 [restartedMain] [user="" token=""] INFO  o.s.w.s.h.SimpleUrlHandlerMapping - Mapped URL path [/webjars/**] onto handler of type [class org.springframework.web.servlet.resource.ResourceHttpRequestHandler] 
.13:02:24.163 [restartedMain] [user="" token=""] INFO  o.s.w.s.h.SimpleUrlHandlerMapping - Mapped URL path [/**] onto handler of type [class org.springframework.web.servlet.resource.ResourceHttpRequestHandler] 
.13:02:24.194 [restartedMain] [user="" token=""] INFO  o.s.w.s.h.SimpleUrlHandlerMapping - Mapped URL path [/**/favicon.ico] onto handler of type [class org.springframework.web.servlet.resource.ResourceHttpRequestHandler] 
.13:02:24.369 [restartedMain] [user="" token=""] INFO  o.s.b.d.a.OptionalLiveReloadServer - LiveReload server is running on port 35729 
.13:02:24.416 [restartedMain] [user="" token=""] INFO  o.s.j.e.a.AnnotationMBeanExporter - Registering beans for JMX exposure on startup 
.13:02:24.423 [restartedMain] [user="" token=""] INFO  o.a.coyote.http11.Http11NioProtocol - Initializing ProtocolHandler ["http-nio-8080"] 
.13:02:24.423 [restartedMain] [user="" token=""] INFO  o.a.coyote.http11.Http11NioProtocol - Starting ProtocolHandler ["http-nio-8080"] 
.13:02:24.425 [restartedMain] [user="" token=""] INFO  o.a.tomcat.util.net.NioSelectorPool - Using a shared selector for servlet write/read 
.13:02:24.428 [restartedMain] [user="" token=""] INFO  o.s.b.c.e.t.TomcatEmbeddedServletContainer - Tomcat started on port(s): 8080 (http) 
.13:02:24.431 [restartedMain] [user="" token=""] INFO  c.kawarides.DeliverykawaApplication - Started DeliverykawaApplication in 1.99 seconds (JVM running for 87.526) 
.13:08:18.531 [RMI TCP Connection(2)-127.0.0.1] [user="" token=""] INFO  o.s.b.a.SpringApplicationAdminMXBeanRegistrar$SpringApplicationAdmin - Application shutdown requested. 
.13:08:18.531 [RMI TCP Connection(2)-127.0.0.1] [user="" token=""] INFO  o.s.b.c.e.AnnotationConfigEmbeddedWebApplicationContext - Closing org.springframework.boot.context.embedded.AnnotationConfigEmbeddedWebApplicationContext@5488533e: startup date [Thu Jun 01 13:02:22 PDT 2017]; root of context hierarchy 
.13:08:18.533 [RMI TCP Connection(2)-127.0.0.1] [user="" token=""] INFO  o.s.j.e.a.AnnotationMBeanExporter - Unregistering JMX-exposed beans on shutdown 
.13:08:18.533 [RMI TCP Connection(2)-127.0.0.1] [user="" token=""] INFO  o.s.o.j.LocalContainerEntityManagerFactoryBean - Closing JPA EntityManagerFactory for persistence unit 'default' 
.13:08:21.150 [restartedMain] [user="" token=""] INFO  c.kawarides.DeliverykawaApplication - Starting DeliverykawaApplication on DESKTOP-CM1UI3C with PID 3148 (C:\Users\nikil\workspace\deliverykawa\target\classes started by nikil in C:\Users\nikil\workspace\deliverykawa) 
.13:08:21.153 [restartedMain] [user="" token=""] INFO  c.kawarides.DeliverykawaApplication - No active profile set, falling back to default profiles: default 
.13:08:21.209 [restartedMain] [user="" token=""] INFO  o.s.b.c.e.AnnotationConfigEmbeddedWebApplicationContext - Refreshing org.springframework.boot.context.embedded.AnnotationConfigEmbeddedWebApplicationContext@280a7e0a: startup date [Thu Jun 01 13:08:21 PDT 2017]; root of context hierarchy 
.13:08:21.512 [background-preinit] [user="" token=""] INFO  o.h.validator.internal.util.Version - HV000001: Hibernate Validator 5.3.5.Final 
.13:08:23.424 [restartedMain] [user="" token=""] INFO  o.s.b.c.e.t.TomcatEmbeddedServletContainer - Tomcat initialized with port(s): 8080 (http) 
.13:08:23.437 [restartedMain] [user="" token=""] INFO  o.a.catalina.core.StandardService - Starting service Tomcat 
.13:08:23.438 [restartedMain] [user="" token=""] INFO  o.a.catalina.core.StandardEngine - Starting Servlet Engine: Apache Tomcat/8.5.14 
.13:08:23.664 [localhost-startStop-1] [user="" token=""] INFO  org.apache.jasper.servlet.TldScanner - At least one JAR was scanned for TLDs yet contained no TLDs. Enable debug logging for this logger for a complete list of JARs that were scanned but no TLDs were found in them. Skipping unneeded JARs during scanning can improve startup time and JSP compilation time. 
.13:08:23.668 [localhost-startStop-1] [user="" token=""] INFO  o.a.c.c.C.[.[.[/kawadelivery] - Initializing Spring embedded WebApplicationContext 
.13:08:23.668 [localhost-startStop-1] [user="" token=""] INFO  o.s.web.context.ContextLoader - Root WebApplicationContext: initialization completed in 2459 ms 
.13:08:23.916 [localhost-startStop-1] [user="" token=""] INFO  o.s.b.w.s.FilterRegistrationBean - Mapping filter: 'characterEncodingFilter' to: [/*] 
.13:08:23.917 [localhost-startStop-1] [user="" token=""] INFO  o.s.b.w.s.FilterRegistrationBean - Mapping filter: 'hiddenHttpMethodFilter' to: [/*] 
.13:08:23.917 [localhost-startStop-1] [user="" token=""] INFO  o.s.b.w.s.FilterRegistrationBean - Mapping filter: 'httpPutFormContentFilter' to: [/*] 
.13:08:23.917 [localhost-startStop-1] [user="" token=""] INFO  o.s.b.w.s.FilterRegistrationBean - Mapping filter: 'requestContextFilter' to: [/*] 
.13:08:23.918 [localhost-startStop-1] [user="" token=""] INFO  o.s.b.w.s.DelegatingFilterProxyRegistrationBean - Mapping filter: 'springSecurityFilterChain' to: [/*] 
.13:08:23.918 [localhost-startStop-1] [user="" token=""] INFO  o.s.b.w.s.ServletRegistrationBean - Mapping servlet: 'dispatcherServlet' to [/] 
.13:08:24.605 [restartedMain] [user="" token=""] INFO  o.s.o.j.LocalContainerEntityManagerFactoryBean - Building JPA container EntityManagerFactory for persistence unit 'default' 
.13:08:24.628 [restartedMain] [user="" token=""] INFO  o.h.jpa.internal.util.LogHelper - HHH000204: Processing PersistenceUnitInfo [
	name: default
	...] 
.13:08:24.707 [restartedMain] [user="" token=""] INFO  org.hibernate.Version - HHH000412: Hibernate Core {5.0.12.Final} 
.13:08:24.709 [restartedMain] [user="" token=""] INFO  org.hibernate.cfg.Environment - HHH000206: hibernate.properties not found 
.13:08:24.712 [restartedMain] [user="" token=""] INFO  org.hibernate.cfg.Environment - HHH000021: Bytecode provider name : javassist 
.13:08:24.754 [restartedMain] [user="" token=""] INFO  o.h.annotations.common.Version - HCANN000001: Hibernate Commons Annotations {5.0.1.Final} 
.13:08:24.871 [restartedMain] [user="" token=""] INFO  org.hibernate.dialect.Dialect - HHH000400: Using dialect: org.hibernate.dialect.MySQL5Dialect 
.13:08:25.254 [restartedMain] [user="" token=""] INFO  o.h.tool.hbm2ddl.SchemaUpdate - HHH000228: Running hbm2ddl schema update 
.13:08:25.409 [restartedMain] [user="" token=""] INFO  o.s.o.j.LocalContainerEntityManagerFactoryBean - Initialized JPA EntityManagerFactory for persistence unit 'default' 
.13:08:25.755 [restartedMain] [user="" token=""] INFO  o.h.h.i.QueryTranslatorFactoryInitiator - HHH000397: Using ASTQueryTranslatorFactory 
.13:08:26.325 [restartedMain] [user="" token=""] INFO  o.s.aop.framework.CglibAopProxy - Final method [protected final org.springframework.context.ApplicationContext org.springframework.security.config.annotation.web.configuration.WebSecurityConfigurerAdapter.getApplicationContext()] cannot get proxied via CGLIB: Calls to this method will NOT be routed to the target instance and might lead to NPEs against uninitialized fields in the proxy instance. 
.13:08:26.325 [restartedMain] [user="" token=""] INFO  o.s.aop.framework.CglibAopProxy - Final method [protected final org.springframework.security.config.annotation.web.builders.HttpSecurity org.springframework.security.config.annotation.web.configuration.WebSecurityConfigurerAdapter.getHttp() throws java.lang.Exception] cannot get proxied via CGLIB: Calls to this method will NOT be routed to the target instance and might lead to NPEs against uninitialized fields in the proxy instance. 
.13:08:26.513 [restartedMain] [user="" token=""] INFO  c.k.admin.aspect.LoggerAspect - SecurityConfiguration$$EnhancerBySpringCGLIB$$785b47d0 : configure 
.13:08:26.514 [restartedMain] [user="" token=""] INFO  o.s.s.web.DefaultSecurityFilterChain - Creating filter chain: Ant [pattern='/resources/**'], [] 
.13:08:26.641 [restartedMain] [user="" token=""] INFO  o.s.s.web.DefaultSecurityFilterChain - Creating filter chain: org.springframework.security.web.util.matcher.AnyRequestMatcher@1, [org.springframework.security.web.context.request.async.WebAsyncManagerIntegrationFilter@1438782, org.springframework.security.web.context.SecurityContextPersistenceFilter@2e9d5dc6, org.springframework.security.web.header.HeaderWriterFilter@66dcb592, org.springframework.security.web.csrf.CsrfFilter@73e9da67, org.springframework.security.web.authentication.logout.LogoutFilter@427b3ccb, org.springframework.security.web.authentication.UsernamePasswordAuthenticationFilter@246f108d, org.springframework.security.web.authentication.www.BasicAuthenticationFilter@3da135cc, org.springframework.security.web.savedrequest.RequestCacheAwareFilter@19a2b38c, org.springframework.security.web.servletapi.SecurityContextHolderAwareRequestFilter@4fe1910f, org.springframework.security.web.authentication.AnonymousAuthenticationFilter@bbfeee0, org.springframework.security.web.session.SessionManagementFilter@42599b47, org.springframework.security.web.access.ExceptionTranslationFilter@28feba2b, org.springframework.security.web.access.intercept.FilterSecurityInterceptor@631570c6] 
.13:08:26.800 [restartedMain] [user="" token=""] INFO  o.s.w.s.m.m.a.RequestMappingHandlerAdapter - Looking for @ControllerAdvice: org.springframework.boot.context.embedded.AnnotationConfigEmbeddedWebApplicationContext@280a7e0a: startup date [Thu Jun 01 13:08:21 PDT 2017]; root of context hierarchy 
.13:08:26.899 [restartedMain] [user="" token=""] INFO  o.s.w.s.m.m.a.RequestMappingHandlerMapping - Mapped "{[/user/list]}" onto public java.util.List<com.kawarides.admin.model.User> com.kawarides.admin.controller.api.UserController.userList() 
.13:08:26.900 [restartedMain] [user="" token=""] INFO  o.s.w.s.m.m.a.RequestMappingHandlerMapping - Mapped "{[/user/add]}" onto public com.kawarides.admin.model.User com.kawarides.admin.controller.api.UserController.addUser(com.kawarides.admin.model.User) 
.13:08:26.900 [restartedMain] [user="" token=""] INFO  o.s.w.s.m.m.a.RequestMappingHandlerMapping - Mapped "{[/user/delete/{userId}]}" onto public java.lang.String com.kawarides.admin.controller.api.UserController.deleteUser(java.lang.Long) 
.13:08:26.900 [restartedMain] [user="" token=""] INFO  o.s.w.s.m.m.a.RequestMappingHandlerMapping - Mapped "{[/user/list/{userId}]}" onto public com.kawarides.admin.model.User com.kawarides.admin.controller.api.UserController.findOne(java.lang.Long) 
.13:08:26.902 [restartedMain] [user="" token=""] INFO  o.s.w.s.m.m.a.RequestMappingHandlerMapping - Mapped "{[/default/login],methods=[GET]}" onto public java.lang.String com.kawarides.admin.controller.view.DashboardController.hello() 
.13:08:26.903 [restartedMain] [user="" token=""] INFO  o.s.w.s.m.m.a.RequestMappingHandlerMapping - Mapped "{[/userview/list],methods=[GET]}" onto public java.lang.String com.kawarides.admin.controller.view.UserViewController.userList(org.springframework.ui.Model) 
.13:08:26.904 [restartedMain] [user="" token=""] INFO  o.s.w.s.m.m.a.RequestMappingHandlerMapping - Mapped "{[/error]}" onto public org.springframework.http.ResponseEntity<java.util.Map<java.lang.String, java.lang.Object>> org.springframework.boot.autoconfigure.web.BasicErrorController.error(javax.servlet.http.HttpServletRequest) 
.13:08:26.905 [restartedMain] [user="" token=""] INFO  o.s.w.s.m.m.a.RequestMappingHandlerMapping - Mapped "{[/error],produces=[text/html]}" onto public org.springframework.web.servlet.ModelAndView org.springframework.boot.autoconfigure.web.BasicErrorController.errorHtml(javax.servlet.http.HttpServletRequest,javax.servlet.http.HttpServletResponse) 
.13:08:26.979 [restartedMain] [user="" token=""] INFO  o.s.w.s.h.SimpleUrlHandlerMapping - Mapped URL path [/webjars/**] onto handler of type [class org.springframework.web.servlet.resource.ResourceHttpRequestHandler] 
.13:08:26.980 [restartedMain] [user="" token=""] INFO  o.s.w.s.h.SimpleUrlHandlerMapping - Mapped URL path [/**] onto handler of type [class org.springframework.web.servlet.resource.ResourceHttpRequestHandler] 
.13:08:27.028 [restartedMain] [user="" token=""] INFO  o.s.w.s.h.SimpleUrlHandlerMapping - Mapped URL path [/**/favicon.ico] onto handler of type [class org.springframework.web.servlet.resource.ResourceHttpRequestHandler] 
.13:08:27.388 [restartedMain] [user="" token=""] INFO  o.s.b.d.a.OptionalLiveReloadServer - LiveReload server is running on port 35729 
.13:08:27.424 [restartedMain] [user="" token=""] INFO  o.s.j.e.a.AnnotationMBeanExporter - Registering beans for JMX exposure on startup 
.13:08:27.444 [restartedMain] [user="" token=""] INFO  o.a.coyote.http11.Http11NioProtocol - Initializing ProtocolHandler ["http-nio-8080"] 
.13:08:27.457 [restartedMain] [user="" token=""] INFO  o.a.coyote.http11.Http11NioProtocol - Starting ProtocolHandler ["http-nio-8080"] 
.13:08:27.466 [restartedMain] [user="" token=""] INFO  o.a.tomcat.util.net.NioSelectorPool - Using a shared selector for servlet write/read 
.13:08:27.496 [restartedMain] [user="" token=""] INFO  o.s.b.c.e.t.TomcatEmbeddedServletContainer - Tomcat started on port(s): 8080 (http) 
.13:08:27.501 [restartedMain] [user="" token=""] INFO  c.kawarides.DeliverykawaApplication - Started DeliverykawaApplication in 6.587 seconds (JVM running for 7.172) 
.13:13:11.954 [Thread-7] [user="" token=""] INFO  o.s.b.c.e.AnnotationConfigEmbeddedWebApplicationContext - Closing org.springframework.boot.context.embedded.AnnotationConfigEmbeddedWebApplicationContext@280a7e0a: startup date [Thu Jun 01 13:08:21 PDT 2017]; root of context hierarchy 
.13:13:11.966 [Thread-7] [user="" token=""] INFO  o.s.j.e.a.AnnotationMBeanExporter - Unregistering JMX-exposed beans on shutdown 
.13:13:11.973 [Thread-7] [user="" token=""] INFO  o.s.o.j.LocalContainerEntityManagerFactoryBean - Closing JPA EntityManagerFactory for persistence unit 'default' 
.13:13:12.305 [restartedMain] [user="" token=""] INFO  c.kawarides.DeliverykawaApplication - Starting DeliverykawaApplication on DESKTOP-CM1UI3C with PID 3148 (C:\Users\nikil\workspace\deliverykawa\target\classes started by nikil in C:\Users\nikil\workspace\deliverykawa) 
.13:13:12.305 [restartedMain] [user="" token=""] INFO  c.kawarides.DeliverykawaApplication - No active profile set, falling back to default profiles: default 
.13:13:12.310 [restartedMain] [user="" token=""] INFO  o.s.b.c.e.AnnotationConfigEmbeddedWebApplicationContext - Refreshing org.springframework.boot.context.embedded.AnnotationConfigEmbeddedWebApplicationContext@5a6029d7: startup date [Thu Jun 01 13:13:12 PDT 2017]; root of context hierarchy 
.13:13:12.891 [restartedMain] [user="" token=""] INFO  o.s.b.c.e.t.TomcatEmbeddedServletContainer - Tomcat initialized with port(s): 8080 (http) 
.13:13:12.892 [restartedMain] [user="" token=""] INFO  o.a.catalina.core.StandardService - Starting service Tomcat 
.13:13:12.892 [restartedMain] [user="" token=""] INFO  o.a.catalina.core.StandardEngine - Starting Servlet Engine: Apache Tomcat/8.5.14 
.13:13:12.961 [localhost-startStop-1] [user="" token=""] INFO  org.apache.jasper.servlet.TldScanner - At least one JAR was scanned for TLDs yet contained no TLDs. Enable debug logging for this logger for a complete list of JARs that were scanned but no TLDs were found in them. Skipping unneeded JARs during scanning can improve startup time and JSP compilation time. 
.13:13:12.964 [localhost-startStop-1] [user="" token=""] INFO  o.a.c.c.C.[.[.[/kawadelivery] - Initializing Spring embedded WebApplicationContext 
.13:13:12.964 [localhost-startStop-1] [user="" token=""] INFO  o.s.web.context.ContextLoader - Root WebApplicationContext: initialization completed in 654 ms 
.13:13:13.066 [localhost-startStop-1] [user="" token=""] INFO  o.s.b.w.s.FilterRegistrationBean - Mapping filter: 'characterEncodingFilter' to: [/*] 
.13:13:13.067 [localhost-startStop-1] [user="" token=""] INFO  o.s.b.w.s.FilterRegistrationBean - Mapping filter: 'hiddenHttpMethodFilter' to: [/*] 
.13:13:13.067 [localhost-startStop-1] [user="" token=""] INFO  o.s.b.w.s.FilterRegistrationBean - Mapping filter: 'httpPutFormContentFilter' to: [/*] 
.13:13:13.067 [localhost-startStop-1] [user="" token=""] INFO  o.s.b.w.s.FilterRegistrationBean - Mapping filter: 'requestContextFilter' to: [/*] 
.13:13:13.067 [localhost-startStop-1] [user="" token=""] INFO  o.s.b.w.s.DelegatingFilterProxyRegistrationBean - Mapping filter: 'springSecurityFilterChain' to: [/*] 
.13:13:13.067 [localhost-startStop-1] [user="" token=""] INFO  o.s.b.w.s.ServletRegistrationBean - Mapping servlet: 'dispatcherServlet' to [/] 
.13:13:13.236 [restartedMain] [user="" token=""] INFO  o.s.o.j.LocalContainerEntityManagerFactoryBean - Building JPA container EntityManagerFactory for persistence unit 'default' 
.13:13:13.236 [restartedMain] [user="" token=""] INFO  o.h.jpa.internal.util.LogHelper - HHH000204: Processing PersistenceUnitInfo [
	name: default
	...] 
.13:13:13.248 [restartedMain] [user="" token=""] INFO  org.hibernate.dialect.Dialect - HHH000400: Using dialect: org.hibernate.dialect.MySQL5Dialect 
.13:13:13.278 [restartedMain] [user="" token=""] INFO  o.h.tool.hbm2ddl.SchemaUpdate - HHH000228: Running hbm2ddl schema update 
.13:13:13.408 [restartedMain] [user="" token=""] INFO  o.s.o.j.LocalContainerEntityManagerFactoryBean - Initialized JPA EntityManagerFactory for persistence unit 'default' 
.13:13:13.546 [restartedMain] [user="" token=""] INFO  o.h.h.i.QueryTranslatorFactoryInitiator - HHH000397: Using ASTQueryTranslatorFactory 
.13:13:13.834 [restartedMain] [user="" token=""] INFO  o.s.aop.framework.CglibAopProxy - Final method [protected final org.springframework.context.ApplicationContext org.springframework.security.config.annotation.web.configuration.WebSecurityConfigurerAdapter.getApplicationContext()] cannot get proxied via CGLIB: Calls to this method will NOT be routed to the target instance and might lead to NPEs against uninitialized fields in the proxy instance. 
.13:13:13.835 [restartedMain] [user="" token=""] INFO  o.s.aop.framework.CglibAopProxy - Final method [protected final org.springframework.security.config.annotation.web.builders.HttpSecurity org.springframework.security.config.annotation.web.configuration.WebSecurityConfigurerAdapter.getHttp() throws java.lang.Exception] cannot get proxied via CGLIB: Calls to this method will NOT be routed to the target instance and might lead to NPEs against uninitialized fields in the proxy instance. 
.13:13:13.882 [restartedMain] [user="" token=""] INFO  c.k.admin.aspect.LoggerAspect - SecurityConfiguration$$EnhancerBySpringCGLIB$$785b47d0 : configure 
.13:13:13.883 [restartedMain] [user="" token=""] INFO  o.s.s.web.DefaultSecurityFilterChain - Creating filter chain: Ant [pattern='/resources/**'], [] 
.13:13:13.911 [restartedMain] [user="" token=""] INFO  o.s.s.web.DefaultSecurityFilterChain - Creating filter chain: org.springframework.security.web.util.matcher.AnyRequestMatcher@1, [org.springframework.security.web.context.request.async.WebAsyncManagerIntegrationFilter@29d2919, org.springframework.security.web.context.SecurityContextPersistenceFilter@2ff0a05d, org.springframework.security.web.header.HeaderWriterFilter@1c76d726, org.springframework.security.web.csrf.CsrfFilter@5183aa78, org.springframework.security.web.authentication.logout.LogoutFilter@17889b47, org.springframework.security.web.authentication.UsernamePasswordAuthenticationFilter@56aad665, org.springframework.security.web.authentication.www.BasicAuthenticationFilter@1587f27a, org.springframework.security.web.savedrequest.RequestCacheAwareFilter@1a16e658, org.springframework.security.web.servletapi.SecurityContextHolderAwareRequestFilter@e3d6ee3, org.springframework.security.web.authentication.AnonymousAuthenticationFilter@150fae97, org.springframework.security.web.session.SessionManagementFilter@636c0622, org.springframework.security.web.access.ExceptionTranslationFilter@42031646, org.springframework.security.web.access.intercept.FilterSecurityInterceptor@2857ea4f] 
.13:13:13.957 [restartedMain] [user="" token=""] INFO  o.s.w.s.m.m.a.RequestMappingHandlerAdapter - Looking for @ControllerAdvice: org.springframework.boot.context.embedded.AnnotationConfigEmbeddedWebApplicationContext@5a6029d7: startup date [Thu Jun 01 13:13:12 PDT 2017]; root of context hierarchy 
.13:13:13.983 [restartedMain] [user="" token=""] INFO  o.s.w.s.m.m.a.RequestMappingHandlerMapping - Mapped "{[/user/list]}" onto public java.util.List<com.kawarides.admin.model.User> com.kawarides.admin.controller.api.UserController.userList() 
.13:13:13.983 [restartedMain] [user="" token=""] INFO  o.s.w.s.m.m.a.RequestMappingHandlerMapping - Mapped "{[/user/add]}" onto public com.kawarides.admin.model.User com.kawarides.admin.controller.api.UserController.addUser(com.kawarides.admin.model.User) 
.13:13:13.983 [restartedMain] [user="" token=""] INFO  o.s.w.s.m.m.a.RequestMappingHandlerMapping - Mapped "{[/user/delete/{userId}]}" onto public java.lang.String com.kawarides.admin.controller.api.UserController.deleteUser(java.lang.Long) 
.13:13:13.983 [restartedMain] [user="" token=""] INFO  o.s.w.s.m.m.a.RequestMappingHandlerMapping - Mapped "{[/user/list/{userId}]}" onto public com.kawarides.admin.model.User com.kawarides.admin.controller.api.UserController.findOne(java.lang.Long) 
.13:13:13.984 [restartedMain] [user="" token=""] INFO  o.s.w.s.m.m.a.RequestMappingHandlerMapping - Mapped "{[/default/login],methods=[GET]}" onto public java.lang.String com.kawarides.admin.controller.view.DashboardController.hello() 
.13:13:13.985 [restartedMain] [user="" token=""] INFO  o.s.w.s.m.m.a.RequestMappingHandlerMapping - Mapped "{[/userview/list],methods=[GET]}" onto public java.lang.String com.kawarides.admin.controller.view.UserViewController.userList(org.springframework.ui.Model) 
.13:13:13.987 [restartedMain] [user="" token=""] INFO  o.s.w.s.m.m.a.RequestMappingHandlerMapping - Mapped "{[/error]}" onto public org.springframework.http.ResponseEntity<java.util.Map<java.lang.String, java.lang.Object>> org.springframework.boot.autoconfigure.web.BasicErrorController.error(javax.servlet.http.HttpServletRequest) 
.13:13:13.987 [restartedMain] [user="" token=""] INFO  o.s.w.s.m.m.a.RequestMappingHandlerMapping - Mapped "{[/error],produces=[text/html]}" onto public org.springframework.web.servlet.ModelAndView org.springframework.boot.autoconfigure.web.BasicErrorController.errorHtml(javax.servlet.http.HttpServletRequest,javax.servlet.http.HttpServletResponse) 
.13:13:14.030 [restartedMain] [user="" token=""] INFO  o.s.w.s.h.SimpleUrlHandlerMapping - Mapped URL path [/webjars/**] onto handler of type [class org.springframework.web.servlet.resource.ResourceHttpRequestHandler] 
.13:13:14.031 [restartedMain] [user="" token=""] INFO  o.s.w.s.h.SimpleUrlHandlerMapping - Mapped URL path [/**] onto handler of type [class org.springframework.web.servlet.resource.ResourceHttpRequestHandler] 
.13:13:14.065 [restartedMain] [user="" token=""] INFO  o.s.w.s.h.SimpleUrlHandlerMapping - Mapped URL path [/**/favicon.ico] onto handler of type [class org.springframework.web.servlet.resource.ResourceHttpRequestHandler] 
.13:13:14.210 [restartedMain] [user="" token=""] INFO  o.s.b.d.a.OptionalLiveReloadServer - LiveReload server is running on port 35729 
.13:13:14.254 [restartedMain] [user="" token=""] INFO  o.s.j.e.a.AnnotationMBeanExporter - Registering beans for JMX exposure on startup 
.13:13:14.263 [restartedMain] [user="" token=""] INFO  o.a.coyote.http11.Http11NioProtocol - Initializing ProtocolHandler ["http-nio-8080"] 
.13:13:14.263 [restartedMain] [user="" token=""] INFO  o.a.coyote.http11.Http11NioProtocol - Starting ProtocolHandler ["http-nio-8080"] 
.13:13:14.264 [restartedMain] [user="" token=""] INFO  o.a.tomcat.util.net.NioSelectorPool - Using a shared selector for servlet write/read 
.13:13:14.269 [restartedMain] [user="" token=""] INFO  o.s.b.c.e.t.TomcatEmbeddedServletContainer - Tomcat started on port(s): 8080 (http) 
.13:13:14.271 [restartedMain] [user="" token=""] INFO  c.kawarides.DeliverykawaApplication - Started DeliverykawaApplication in 2.01 seconds (JVM running for 293.942) 
.13:13:23.008 [http-nio-8080-exec-8] [user="" token=""] INFO  o.a.c.c.C.[.[.[/kawadelivery] - Initializing Spring FrameworkServlet 'dispatcherServlet' 
.13:13:23.009 [http-nio-8080-exec-8] [user="" token=""] INFO  o.s.web.servlet.DispatcherServlet - FrameworkServlet 'dispatcherServlet': initialization started 
.13:13:23.108 [http-nio-8080-exec-8] [user="" token=""] INFO  o.s.web.servlet.DispatcherServlet - FrameworkServlet 'dispatcherServlet': initialization completed in 99 ms 
.16:15:48.765 [Thread-11] [user="" token=""] INFO  o.s.b.c.e.AnnotationConfigEmbeddedWebApplicationContext - Closing org.springframework.boot.context.embedded.AnnotationConfigEmbeddedWebApplicationContext@5a6029d7: startup date [Thu Jun 01 13:13:12 PDT 2017]; root of context hierarchy 
.16:15:48.791 [Thread-11] [user="" token=""] INFO  o.s.j.e.a.AnnotationMBeanExporter - Unregistering JMX-exposed beans on shutdown 
.16:15:48.793 [Thread-11] [user="" token=""] INFO  o.s.o.j.LocalContainerEntityManagerFactoryBean - Closing JPA EntityManagerFactory for persistence unit 'default' 
.16:15:49.551 [restartedMain] [user="" token=""] INFO  c.kawarides.DeliverykawaApplication - Starting DeliverykawaApplication on DESKTOP-CM1UI3C with PID 3148 (C:\Users\nikil\workspace\deliverykawa\target\classes started by nikil in C:\Users\nikil\workspace\deliverykawa) 
.16:15:49.551 [restartedMain] [user="" token=""] INFO  c.kawarides.DeliverykawaApplication - No active profile set, falling back to default profiles: default 
.16:15:49.556 [restartedMain] [user="" token=""] INFO  o.s.b.c.e.AnnotationConfigEmbeddedWebApplicationContext - Refreshing org.springframework.boot.context.embedded.AnnotationConfigEmbeddedWebApplicationContext@3a7f1bd9: startup date [Thu Jun 01 16:15:49 PDT 2017]; root of context hierarchy 
.16:15:51.420 [restartedMain] [user="" token=""] INFO  o.s.b.c.e.t.TomcatEmbeddedServletContainer - Tomcat initialized with port(s): 8080 (http) 
.16:15:51.421 [restartedMain] [user="" token=""] INFO  o.a.catalina.core.StandardService - Starting service Tomcat 
.16:15:51.421 [restartedMain] [user="" token=""] INFO  o.a.catalina.core.StandardEngine - Starting Servlet Engine: Apache Tomcat/8.5.14 
.16:15:51.498 [localhost-startStop-1] [user="" token=""] INFO  org.apache.jasper.servlet.TldScanner - At least one JAR was scanned for TLDs yet contained no TLDs. Enable debug logging for this logger for a complete list of JARs that were scanned but no TLDs were found in them. Skipping unneeded JARs during scanning can improve startup time and JSP compilation time. 
.16:15:51.501 [localhost-startStop-1] [user="" token=""] INFO  o.a.c.c.C.[.[.[/kawadelivery] - Initializing Spring embedded WebApplicationContext 
.16:15:51.501 [localhost-startStop-1] [user="" token=""] INFO  o.s.web.context.ContextLoader - Root WebApplicationContext: initialization completed in 1945 ms 
.16:15:51.669 [localhost-startStop-1] [user="" token=""] INFO  o.s.b.w.s.FilterRegistrationBean - Mapping filter: 'characterEncodingFilter' to: [/*] 
.16:15:51.669 [localhost-startStop-1] [user="" token=""] INFO  o.s.b.w.s.FilterRegistrationBean - Mapping filter: 'hiddenHttpMethodFilter' to: [/*] 
.16:15:51.669 [localhost-startStop-1] [user="" token=""] INFO  o.s.b.w.s.FilterRegistrationBean - Mapping filter: 'httpPutFormContentFilter' to: [/*] 
.16:15:51.670 [localhost-startStop-1] [user="" token=""] INFO  o.s.b.w.s.FilterRegistrationBean - Mapping filter: 'requestContextFilter' to: [/*] 
.16:15:51.670 [localhost-startStop-1] [user="" token=""] INFO  o.s.b.w.s.DelegatingFilterProxyRegistrationBean - Mapping filter: 'springSecurityFilterChain' to: [/*] 
.16:15:51.670 [localhost-startStop-1] [user="" token=""] INFO  o.s.b.w.s.ServletRegistrationBean - Mapping servlet: 'dispatcherServlet' to [/] 
.16:15:51.895 [restartedMain] [user="" token=""] INFO  o.s.o.j.LocalContainerEntityManagerFactoryBean - Building JPA container EntityManagerFactory for persistence unit 'default' 
.16:15:51.895 [restartedMain] [user="" token=""] INFO  o.h.jpa.internal.util.LogHelper - HHH000204: Processing PersistenceUnitInfo [
	name: default
	...] 
.16:15:51.905 [restartedMain] [user="" token=""] INFO  org.hibernate.dialect.Dialect - HHH000400: Using dialect: org.hibernate.dialect.MySQL5Dialect 
.16:15:51.947 [restartedMain] [user="" token=""] INFO  o.h.tool.hbm2ddl.SchemaUpdate - HHH000228: Running hbm2ddl schema update 
.16:15:52.113 [restartedMain] [user="" token=""] INFO  o.s.o.j.LocalContainerEntityManagerFactoryBean - Initialized JPA EntityManagerFactory for persistence unit 'default' 
.16:15:52.259 [restartedMain] [user="" token=""] INFO  o.h.h.i.QueryTranslatorFactoryInitiator - HHH000397: Using ASTQueryTranslatorFactory 
.16:15:52.576 [restartedMain] [user="" token=""] INFO  o.s.aop.framework.CglibAopProxy - Final method [protected final org.springframework.context.ApplicationContext org.springframework.security.config.annotation.web.configuration.WebSecurityConfigurerAdapter.getApplicationContext()] cannot get proxied via CGLIB: Calls to this method will NOT be routed to the target instance and might lead to NPEs against uninitialized fields in the proxy instance. 
.16:15:52.576 [restartedMain] [user="" token=""] INFO  o.s.aop.framework.CglibAopProxy - Final method [protected final org.springframework.security.config.annotation.web.builders.HttpSecurity org.springframework.security.config.annotation.web.configuration.WebSecurityConfigurerAdapter.getHttp() throws java.lang.Exception] cannot get proxied via CGLIB: Calls to this method will NOT be routed to the target instance and might lead to NPEs against uninitialized fields in the proxy instance. 
.16:15:52.636 [restartedMain] [user="" token=""] INFO  c.k.admin.aspect.LoggerAspect - SecurityConfiguration$$EnhancerBySpringCGLIB$$785b47d0 : configure 
.16:15:52.636 [restartedMain] [user="" token=""] INFO  o.s.s.web.DefaultSecurityFilterChain - Creating filter chain: Ant [pattern='/resources/**'], [] 
.16:15:52.685 [restartedMain] [user="" token=""] INFO  o.s.s.web.DefaultSecurityFilterChain - Creating filter chain: org.springframework.security.web.util.matcher.AnyRequestMatcher@1, [org.springframework.security.web.context.request.async.WebAsyncManagerIntegrationFilter@ae69bd5, org.springframework.security.web.context.SecurityContextPersistenceFilter@21f8edd, org.springframework.security.web.header.HeaderWriterFilter@32f96bac, org.springframework.security.web.csrf.CsrfFilter@5833cc6b, org.springframework.security.web.authentication.logout.LogoutFilter@f15766, org.springframework.security.web.authentication.UsernamePasswordAuthenticationFilter@3573fe01, org.springframework.security.web.authentication.www.BasicAuthenticationFilter@7290fedb, org.springframework.security.web.savedrequest.RequestCacheAwareFilter@5f514e6f, org.springframework.security.web.servletapi.SecurityContextHolderAwareRequestFilter@681d473b, org.springframework.security.web.authentication.AnonymousAuthenticationFilter@697dbfe7, org.springframework.security.web.session.SessionManagementFilter@448952b3, org.springframework.security.web.access.ExceptionTranslationFilter@6cad4a55, org.springframework.security.web.access.intercept.FilterSecurityInterceptor@6d51c533] 
.16:15:52.769 [restartedMain] [user="" token=""] INFO  o.s.w.s.m.m.a.RequestMappingHandlerAdapter - Looking for @ControllerAdvice: org.springframework.boot.context.embedded.AnnotationConfigEmbeddedWebApplicationContext@3a7f1bd9: startup date [Thu Jun 01 16:15:49 PDT 2017]; root of context hierarchy 
.16:15:52.796 [restartedMain] [user="" token=""] INFO  o.s.w.s.m.m.a.RequestMappingHandlerMapping - Mapped "{[/user/list]}" onto public java.util.List<com.kawarides.admin.model.User> com.kawarides.admin.controller.api.UserController.userList() 
.16:15:52.797 [restartedMain] [user="" token=""] INFO  o.s.w.s.m.m.a.RequestMappingHandlerMapping - Mapped "{[/user/add]}" onto public com.kawarides.admin.model.User com.kawarides.admin.controller.api.UserController.addUser(com.kawarides.admin.model.User) 
.16:15:52.797 [restartedMain] [user="" token=""] INFO  o.s.w.s.m.m.a.RequestMappingHandlerMapping - Mapped "{[/user/delete/{userId}]}" onto public java.lang.String com.kawarides.admin.controller.api.UserController.deleteUser(java.lang.Long) 
.16:15:52.797 [restartedMain] [user="" token=""] INFO  o.s.w.s.m.m.a.RequestMappingHandlerMapping - Mapped "{[/user/list/{userId}]}" onto public com.kawarides.admin.model.User com.kawarides.admin.controller.api.UserController.findOne(java.lang.Long) 
.16:15:52.798 [restartedMain] [user="" token=""] INFO  o.s.w.s.m.m.a.RequestMappingHandlerMapping - Mapped "{[/default/login],methods=[GET]}" onto public java.lang.String com.kawarides.admin.controller.view.DashboardController.hello() 
.16:15:52.798 [restartedMain] [user="" token=""] INFO  o.s.w.s.m.m.a.RequestMappingHandlerMapping - Mapped "{[/userview/list],methods=[GET]}" onto public java.lang.String com.kawarides.admin.controller.view.UserViewController.userList(org.springframework.ui.Model) 
.16:15:52.800 [restartedMain] [user="" token=""] INFO  o.s.w.s.m.m.a.RequestMappingHandlerMapping - Mapped "{[/error]}" onto public org.springframework.http.ResponseEntity<java.util.Map<java.lang.String, java.lang.Object>> org.springframework.boot.autoconfigure.web.BasicErrorController.error(javax.servlet.http.HttpServletRequest) 
.16:15:52.800 [restartedMain] [user="" token=""] INFO  o.s.w.s.m.m.a.RequestMappingHandlerMapping - Mapped "{[/error],produces=[text/html]}" onto public org.springframework.web.servlet.ModelAndView org.springframework.boot.autoconfigure.web.BasicErrorController.errorHtml(javax.servlet.http.HttpServletRequest,javax.servlet.http.HttpServletResponse) 
.16:15:52.861 [restartedMain] [user="" token=""] INFO  o.s.w.s.h.SimpleUrlHandlerMapping - Mapped URL path [/webjars/**] onto handler of type [class org.springframework.web.servlet.resource.ResourceHttpRequestHandler] 
.16:15:52.862 [restartedMain] [user="" token=""] INFO  o.s.w.s.h.SimpleUrlHandlerMapping - Mapped URL path [/**] onto handler of type [class org.springframework.web.servlet.resource.ResourceHttpRequestHandler] 
.16:15:52.916 [restartedMain] [user="" token=""] INFO  o.s.w.s.h.SimpleUrlHandlerMapping - Mapped URL path [/**/favicon.ico] onto handler of type [class org.springframework.web.servlet.resource.ResourceHttpRequestHandler] 
.16:15:53.139 [restartedMain] [user="" token=""] INFO  o.s.b.d.a.OptionalLiveReloadServer - LiveReload server is running on port 35729 
.16:15:53.180 [restartedMain] [user="" token=""] INFO  o.s.j.e.a.AnnotationMBeanExporter - Registering beans for JMX exposure on startup 
.16:15:53.187 [restartedMain] [user="" token=""] INFO  o.a.coyote.http11.Http11NioProtocol - Initializing ProtocolHandler ["http-nio-8080"] 
.16:15:53.188 [restartedMain] [user="" token=""] INFO  o.a.coyote.http11.Http11NioProtocol - Starting ProtocolHandler ["http-nio-8080"] 
.16:15:53.189 [restartedMain] [user="" token=""] INFO  o.a.tomcat.util.net.NioSelectorPool - Using a shared selector for servlet write/read 
.16:15:53.195 [restartedMain] [user="" token=""] INFO  o.s.b.c.e.t.TomcatEmbeddedServletContainer - Tomcat started on port(s): 8080 (http) 
.16:15:53.197 [restartedMain] [user="" token=""] INFO  c.kawarides.DeliverykawaApplication - Started DeliverykawaApplication in 3.876 seconds (JVM running for 11252.876) 
.16:28:54.787 [Thread-18] [user="" token=""] INFO  o.s.b.c.e.AnnotationConfigEmbeddedWebApplicationContext - Closing org.springframework.boot.context.embedded.AnnotationConfigEmbeddedWebApplicationContext@3a7f1bd9: startup date [Thu Jun 01 16:15:49 PDT 2017]; root of context hierarchy 
.16:28:54.798 [Thread-18] [user="" token=""] INFO  o.s.j.e.a.AnnotationMBeanExporter - Unregistering JMX-exposed beans on shutdown 
.16:28:54.799 [Thread-18] [user="" token=""] INFO  o.s.o.j.LocalContainerEntityManagerFactoryBean - Closing JPA EntityManagerFactory for persistence unit 'default' 
.16:28:55.161 [restartedMain] [user="" token=""] INFO  c.kawarides.DeliverykawaApplication - Starting DeliverykawaApplication on DESKTOP-CM1UI3C with PID 3148 (C:\Users\nikil\workspace\deliverykawa\target\classes started by nikil in C:\Users\nikil\workspace\deliverykawa) 
.16:28:55.161 [restartedMain] [user="" token=""] INFO  c.kawarides.DeliverykawaApplication - No active profile set, falling back to default profiles: default 
.16:28:55.163 [restartedMain] [user="" token=""] INFO  o.s.b.c.e.AnnotationConfigEmbeddedWebApplicationContext - Refreshing org.springframework.boot.context.embedded.AnnotationConfigEmbeddedWebApplicationContext@68f19661: startup date [Thu Jun 01 16:28:55 PDT 2017]; root of context hierarchy 
.16:28:55.755 [restartedMain] [user="" token=""] INFO  o.s.b.c.e.t.TomcatEmbeddedServletContainer - Tomcat initialized with port(s): 8080 (http) 
.16:28:55.756 [restartedMain] [user="" token=""] INFO  o.a.catalina.core.StandardService - Starting service Tomcat 
.16:28:55.756 [restartedMain] [user="" token=""] INFO  o.a.catalina.core.StandardEngine - Starting Servlet Engine: Apache Tomcat/8.5.14 
.16:28:55.836 [localhost-startStop-1] [user="" token=""] INFO  org.apache.jasper.servlet.TldScanner - At least one JAR was scanned for TLDs yet contained no TLDs. Enable debug logging for this logger for a complete list of JARs that were scanned but no TLDs were found in them. Skipping unneeded JARs during scanning can improve startup time and JSP compilation time. 
.16:28:55.838 [localhost-startStop-1] [user="" token=""] INFO  o.a.c.c.C.[.[.[/kawadelivery] - Initializing Spring embedded WebApplicationContext 
.16:28:55.838 [localhost-startStop-1] [user="" token=""] INFO  o.s.web.context.ContextLoader - Root WebApplicationContext: initialization completed in 675 ms 
.16:28:55.900 [localhost-startStop-1] [user="" token=""] INFO  o.s.b.w.s.FilterRegistrationBean - Mapping filter: 'characterEncodingFilter' to: [/*] 
.16:28:55.900 [localhost-startStop-1] [user="" token=""] INFO  o.s.b.w.s.FilterRegistrationBean - Mapping filter: 'hiddenHttpMethodFilter' to: [/*] 
.16:28:55.900 [localhost-startStop-1] [user="" token=""] INFO  o.s.b.w.s.FilterRegistrationBean - Mapping filter: 'httpPutFormContentFilter' to: [/*] 
.16:28:55.900 [localhost-startStop-1] [user="" token=""] INFO  o.s.b.w.s.FilterRegistrationBean - Mapping filter: 'requestContextFilter' to: [/*] 
.16:28:55.900 [localhost-startStop-1] [user="" token=""] INFO  o.s.b.w.s.DelegatingFilterProxyRegistrationBean - Mapping filter: 'springSecurityFilterChain' to: [/*] 
.16:28:55.900 [localhost-startStop-1] [user="" token=""] INFO  o.s.b.w.s.ServletRegistrationBean - Mapping servlet: 'dispatcherServlet' to [/] 
.16:28:56.042 [restartedMain] [user="" token=""] INFO  o.s.o.j.LocalContainerEntityManagerFactoryBean - Building JPA container EntityManagerFactory for persistence unit 'default' 
.16:28:56.042 [restartedMain] [user="" token=""] INFO  o.h.jpa.internal.util.LogHelper - HHH000204: Processing PersistenceUnitInfo [
	name: default
	...] 
.16:28:56.050 [restartedMain] [user="" token=""] INFO  org.hibernate.dialect.Dialect - HHH000400: Using dialect: org.hibernate.dialect.MySQL5Dialect 
.16:28:56.065 [restartedMain] [user="" token=""] WARN  o.s.b.c.e.AnnotationConfigEmbeddedWebApplicationContext - Exception encountered during context initialization - cancelling refresh attempt: org.springframework.beans.factory.BeanCreationException: Error creating bean with name 'entityManagerFactory' defined in class path resource [org/springframework/boot/autoconfigure/orm/jpa/HibernateJpaAutoConfiguration.class]: Invocation of init method failed; nested exception is org.hibernate.AnnotationException: @Temporal should only be set on a java.util.Date or java.util.Calendar property: com.kawarides.admin.model.Categories.addedDate 
.16:28:56.067 [restartedMain] [user="" token=""] INFO  o.a.catalina.core.StandardService - Stopping service Tomcat 
.16:28:56.074 [restartedMain] [user="" token=""] WARN  o.s.boot.SpringApplication - Error handling failed (Error creating bean with name 'delegatingApplicationListener' defined in class path resource [org/springframework/security/config/annotation/web/configuration/WebSecurityConfiguration.class]: BeanPostProcessor before instantiation of bean failed; nested exception is org.springframework.beans.factory.BeanCreationException: Error creating bean with name 'metaDataSourceAdvisor': Cannot resolve reference to bean 'methodSecurityMetadataSource' while setting constructor argument; nested exception is org.springframework.beans.factory.BeanCreationException: Error creating bean with name 'org.springframework.security.config.annotation.method.configuration.GlobalMethodSecurityConfiguration': Initialization of bean failed; nested exception is org.springframework.beans.factory.NoSuchBeanDefinitionException: No bean named 'org.springframework.context.annotation.ConfigurationClassPostProcessor.importRegistry' available) 
.16:28:56.079 [restartedMain] [user="" token=""] ERROR o.s.boot.SpringApplication - Application startup failed 
org.springframework.beans.factory.BeanCreationException: Error creating bean with name 'entityManagerFactory' defined in class path resource [org/springframework/boot/autoconfigure/orm/jpa/HibernateJpaAutoConfiguration.class]: Invocation of init method failed; nested exception is org.hibernate.AnnotationException: @Temporal should only be set on a java.util.Date or java.util.Calendar property: com.kawarides.admin.model.Categories.addedDate
	at org.springframework.beans.factory.support.AbstractAutowireCapableBeanFactory.initializeBean(AbstractAutowireCapableBeanFactory.java:1628)
	at org.springframework.beans.factory.support.AbstractAutowireCapableBeanFactory.doCreateBean(AbstractAutowireCapableBeanFactory.java:555)
	at org.springframework.beans.factory.support.AbstractAutowireCapableBeanFactory.createBean(AbstractAutowireCapableBeanFactory.java:483)
	at org.springframework.beans.factory.support.AbstractBeanFactory$1.getObject(AbstractBeanFactory.java:306)
	at org.springframework.beans.factory.support.DefaultSingletonBeanRegistry.getSingleton(DefaultSingletonBeanRegistry.java:230)
	at org.springframework.beans.factory.support.AbstractBeanFactory.doGetBean(AbstractBeanFactory.java:302)
	at org.springframework.beans.factory.support.AbstractBeanFactory.getBean(AbstractBeanFactory.java:197)
	at org.springframework.context.support.AbstractApplicationContext.getBean(AbstractApplicationContext.java:1081)
	at org.springframework.context.support.AbstractApplicationContext.finishBeanFactoryInitialization(AbstractApplicationContext.java:856)
	at org.springframework.context.support.AbstractApplicationContext.refresh(AbstractApplicationContext.java:542)
	at org.springframework.boot.context.embedded.EmbeddedWebApplicationContext.refresh(EmbeddedWebApplicationContext.java:122)
	at org.springframework.boot.SpringApplication.refresh(SpringApplication.java:737)
	at org.springframework.boot.SpringApplication.refreshContext(SpringApplication.java:370)
	at org.springframework.boot.SpringApplication.run(SpringApplication.java:314)
	at org.springframework.boot.SpringApplication.run(SpringApplication.java:1162)
	at org.springframework.boot.SpringApplication.run(SpringApplication.java:1151)
	at com.kawarides.DeliverykawaApplication.main(DeliverykawaApplication.java:10)
	at sun.reflect.NativeMethodAccessorImpl.invoke0(Native Method)
	at sun.reflect.NativeMethodAccessorImpl.invoke(Unknown Source)
	at sun.reflect.DelegatingMethodAccessorImpl.invoke(Unknown Source)
	at java.lang.reflect.Method.invoke(Unknown Source)
	at org.springframework.boot.devtools.restart.RestartLauncher.run(RestartLauncher.java:49)
Caused by: org.hibernate.AnnotationException: @Temporal should only be set on a java.util.Date or java.util.Calendar property: com.kawarides.admin.model.Categories.addedDate
	at org.hibernate.cfg.annotations.SimpleValueBinder.setType(SimpleValueBinder.java:183)
	at org.hibernate.cfg.annotations.PropertyBinder.makePropertyAndValue(PropertyBinder.java:179)
	at org.hibernate.cfg.annotations.PropertyBinder.makePropertyValueAndBind(PropertyBinder.java:199)
	at org.hibernate.cfg.AnnotationBinder.processElementAnnotations(AnnotationBinder.java:2225)
	at org.hibernate.cfg.AnnotationBinder.processIdPropertiesIfNotAlready(AnnotationBinder.java:911)
	at org.hibernate.cfg.AnnotationBinder.bindClass(AnnotationBinder.java:738)
	at org.hibernate.boot.model.source.internal.annotations.AnnotationMetadataSourceProcessorImpl.processEntityHierarchies(AnnotationMetadataSourceProcessorImpl.java:245)
	at org.hibernate.boot.model.process.spi.MetadataBuildingProcess$1.processEntityHierarchies(MetadataBuildingProcess.java:222)
	at org.hibernate.boot.model.process.spi.MetadataBuildingProcess.complete(MetadataBuildingProcess.java:265)
	at org.hibernate.jpa.boot.internal.EntityManagerFactoryBuilderImpl.metadata(EntityManagerFactoryBuilderImpl.java:847)
	at org.hibernate.jpa.boot.internal.EntityManagerFactoryBuilderImpl.build(EntityManagerFactoryBuilderImpl.java:874)
	at org.springframework.orm.jpa.vendor.SpringHibernateJpaPersistenceProvider.createContainerEntityManagerFactory(SpringHibernateJpaPersistenceProvider.java:60)
	at org.springframework.orm.jpa.LocalContainerEntityManagerFactoryBean.createNativeEntityManagerFactory(LocalContainerEntityManagerFactoryBean.java:353)
	at org.springframework.orm.jpa.AbstractEntityManagerFactoryBean.buildNativeEntityManagerFactory(AbstractEntityManagerFactoryBean.java:370)
	at org.springframework.orm.jpa.AbstractEntityManagerFactoryBean.afterPropertiesSet(AbstractEntityManagerFactoryBean.java:359)
	at org.springframework.beans.factory.support.AbstractAutowireCapableBeanFactory.invokeInitMethods(AbstractAutowireCapableBeanFactory.java:1687)
	at org.springframework.beans.factory.support.AbstractAutowireCapableBeanFactory.initializeBean(AbstractAutowireCapableBeanFactory.java:1624)
	... 21 common frames omitted
.16:29:53.082 [restartedMain] [user="" token=""] INFO  c.kawarides.DeliverykawaApplication - Starting DeliverykawaApplication on DESKTOP-CM1UI3C with PID 3148 (C:\Users\nikil\workspace\deliverykawa\target\classes started by nikil in C:\Users\nikil\workspace\deliverykawa) 
.16:29:53.082 [restartedMain] [user="" token=""] INFO  c.kawarides.DeliverykawaApplication - No active profile set, falling back to default profiles: default 
.16:29:53.087 [restartedMain] [user="" token=""] INFO  o.s.b.c.e.AnnotationConfigEmbeddedWebApplicationContext - Refreshing org.springframework.boot.context.embedded.AnnotationConfigEmbeddedWebApplicationContext@190e662f: startup date [Thu Jun 01 16:29:53 PDT 2017]; root of context hierarchy 
.16:29:53.574 [restartedMain] [user="" token=""] INFO  o.s.b.c.e.t.TomcatEmbeddedServletContainer - Tomcat initialized with port(s): 8080 (http) 
.16:29:53.575 [restartedMain] [user="" token=""] INFO  o.a.catalina.core.StandardService - Starting service Tomcat 
.16:29:53.575 [restartedMain] [user="" token=""] INFO  o.a.catalina.core.StandardEngine - Starting Servlet Engine: Apache Tomcat/8.5.14 
.16:29:53.748 [localhost-startStop-1] [user="" token=""] INFO  org.apache.jasper.servlet.TldScanner - At least one JAR was scanned for TLDs yet contained no TLDs. Enable debug logging for this logger for a complete list of JARs that were scanned but no TLDs were found in them. Skipping unneeded JARs during scanning can improve startup time and JSP compilation time. 
.16:29:53.751 [localhost-startStop-1] [user="" token=""] INFO  o.a.c.c.C.[.[.[/kawadelivery] - Initializing Spring embedded WebApplicationContext 
.16:29:53.751 [localhost-startStop-1] [user="" token=""] INFO  o.s.web.context.ContextLoader - Root WebApplicationContext: initialization completed in 664 ms 
.16:29:53.917 [localhost-startStop-1] [user="" token=""] INFO  o.s.b.w.s.FilterRegistrationBean - Mapping filter: 'characterEncodingFilter' to: [/*] 
.16:29:53.918 [localhost-startStop-1] [user="" token=""] INFO  o.s.b.w.s.FilterRegistrationBean - Mapping filter: 'hiddenHttpMethodFilter' to: [/*] 
.16:29:53.918 [localhost-startStop-1] [user="" token=""] INFO  o.s.b.w.s.FilterRegistrationBean - Mapping filter: 'httpPutFormContentFilter' to: [/*] 
.16:29:53.918 [localhost-startStop-1] [user="" token=""] INFO  o.s.b.w.s.FilterRegistrationBean - Mapping filter: 'requestContextFilter' to: [/*] 
.16:29:53.918 [localhost-startStop-1] [user="" token=""] INFO  o.s.b.w.s.DelegatingFilterProxyRegistrationBean - Mapping filter: 'springSecurityFilterChain' to: [/*] 
.16:29:53.918 [localhost-startStop-1] [user="" token=""] INFO  o.s.b.w.s.ServletRegistrationBean - Mapping servlet: 'dispatcherServlet' to [/] 
.16:29:54.162 [restartedMain] [user="" token=""] INFO  o.s.o.j.LocalContainerEntityManagerFactoryBean - Building JPA container EntityManagerFactory for persistence unit 'default' 
.16:29:54.162 [restartedMain] [user="" token=""] INFO  o.h.jpa.internal.util.LogHelper - HHH000204: Processing PersistenceUnitInfo [
	name: default
	...] 
.16:29:54.171 [restartedMain] [user="" token=""] INFO  org.hibernate.dialect.Dialect - HHH000400: Using dialect: org.hibernate.dialect.MySQL5Dialect 
.16:29:54.205 [restartedMain] [user="" token=""] INFO  o.h.tool.hbm2ddl.SchemaUpdate - HHH000228: Running hbm2ddl schema update 
.16:29:54.206 [restartedMain] [user="" token=""] INFO  o.h.t.s.e.i.InformationExtractorJdbcDatabaseMetaDataImpl - HHH000262: Table not found: categories 
.16:29:54.207 [restartedMain] [user="" token=""] INFO  o.h.t.s.e.i.InformationExtractorJdbcDatabaseMetaDataImpl - HHH000262: Table not found: categories 
.16:29:54.842 [restartedMain] [user="" token=""] INFO  o.s.o.j.LocalContainerEntityManagerFactoryBean - Initialized JPA EntityManagerFactory for persistence unit 'default' 
.16:29:54.946 [restartedMain] [user="" token=""] INFO  o.h.h.i.QueryTranslatorFactoryInitiator - HHH000397: Using ASTQueryTranslatorFactory 
.16:29:55.363 [restartedMain] [user="" token=""] INFO  o.s.aop.framework.CglibAopProxy - Final method [protected final org.springframework.context.ApplicationContext org.springframework.security.config.annotation.web.configuration.WebSecurityConfigurerAdapter.getApplicationContext()] cannot get proxied via CGLIB: Calls to this method will NOT be routed to the target instance and might lead to NPEs against uninitialized fields in the proxy instance. 
.16:29:55.363 [restartedMain] [user="" token=""] INFO  o.s.aop.framework.CglibAopProxy - Final method [protected final org.springframework.security.config.annotation.web.builders.HttpSecurity org.springframework.security.config.annotation.web.configuration.WebSecurityConfigurerAdapter.getHttp() throws java.lang.Exception] cannot get proxied via CGLIB: Calls to this method will NOT be routed to the target instance and might lead to NPEs against uninitialized fields in the proxy instance. 
.16:29:55.415 [restartedMain] [user="" token=""] INFO  c.k.admin.aspect.LoggerAspect - SecurityConfiguration$$EnhancerBySpringCGLIB$$785b47d0 : configure 
.16:29:55.416 [restartedMain] [user="" token=""] INFO  o.s.s.web.DefaultSecurityFilterChain - Creating filter chain: Ant [pattern='/resources/**'], [] 
.16:29:55.456 [restartedMain] [user="" token=""] INFO  o.s.s.web.DefaultSecurityFilterChain - Creating filter chain: org.springframework.security.web.util.matcher.AnyRequestMatcher@1, [org.springframework.security.web.context.request.async.WebAsyncManagerIntegrationFilter@78c5aefd, org.springframework.security.web.context.SecurityContextPersistenceFilter@214dde0b, org.springframework.security.web.header.HeaderWriterFilter@43324a3e, org.springframework.security.web.csrf.CsrfFilter@1ab3567d, org.springframework.security.web.authentication.logout.LogoutFilter@2f359d14, org.springframework.security.web.authentication.UsernamePasswordAuthenticationFilter@4bb89e7b, org.springframework.security.web.authentication.www.BasicAuthenticationFilter@8cbd898, org.springframework.security.web.savedrequest.RequestCacheAwareFilter@34689c3b, org.springframework.security.web.servletapi.SecurityContextHolderAwareRequestFilter@13e8c5af, org.springframework.security.web.authentication.AnonymousAuthenticationFilter@7ebb0802, org.springframework.security.web.session.SessionManagementFilter@214d64e1, org.springframework.security.web.access.ExceptionTranslationFilter@278ff80e, org.springframework.security.web.access.intercept.FilterSecurityInterceptor@2d7571a6] 
.16:29:55.504 [restartedMain] [user="" token=""] INFO  o.s.w.s.m.m.a.RequestMappingHandlerAdapter - Looking for @ControllerAdvice: org.springframework.boot.context.embedded.AnnotationConfigEmbeddedWebApplicationContext@190e662f: startup date [Thu Jun 01 16:29:53 PDT 2017]; root of context hierarchy 
.16:29:55.536 [restartedMain] [user="" token=""] INFO  o.s.w.s.m.m.a.RequestMappingHandlerMapping - Mapped "{[/user/list]}" onto public java.util.List<com.kawarides.admin.model.User> com.kawarides.admin.controller.api.UserController.userList() 
.16:29:55.536 [restartedMain] [user="" token=""] INFO  o.s.w.s.m.m.a.RequestMappingHandlerMapping - Mapped "{[/user/add]}" onto public com.kawarides.admin.model.User com.kawarides.admin.controller.api.UserController.addUser(com.kawarides.admin.model.User) 
.16:29:55.536 [restartedMain] [user="" token=""] INFO  o.s.w.s.m.m.a.RequestMappingHandlerMapping - Mapped "{[/user/delete/{userId}]}" onto public java.lang.String com.kawarides.admin.controller.api.UserController.deleteUser(java.lang.Long) 
.16:29:55.537 [restartedMain] [user="" token=""] INFO  o.s.w.s.m.m.a.RequestMappingHandlerMapping - Mapped "{[/user/list/{userId}]}" onto public com.kawarides.admin.model.User com.kawarides.admin.controller.api.UserController.findOne(java.lang.Long) 
.16:29:55.537 [restartedMain] [user="" token=""] INFO  o.s.w.s.m.m.a.RequestMappingHandlerMapping - Mapped "{[/default/login],methods=[GET]}" onto public java.lang.String com.kawarides.admin.controller.view.DashboardController.hello() 
.16:29:55.538 [restartedMain] [user="" token=""] INFO  o.s.w.s.m.m.a.RequestMappingHandlerMapping - Mapped "{[/userview/list],methods=[GET]}" onto public java.lang.String com.kawarides.admin.controller.view.UserViewController.userList(org.springframework.ui.Model) 
.16:29:55.540 [restartedMain] [user="" token=""] INFO  o.s.w.s.m.m.a.RequestMappingHandlerMapping - Mapped "{[/error]}" onto public org.springframework.http.ResponseEntity<java.util.Map<java.lang.String, java.lang.Object>> org.springframework.boot.autoconfigure.web.BasicErrorController.error(javax.servlet.http.HttpServletRequest) 
.16:29:55.541 [restartedMain] [user="" token=""] INFO  o.s.w.s.m.m.a.RequestMappingHandlerMapping - Mapped "{[/error],produces=[text/html]}" onto public org.springframework.web.servlet.ModelAndView org.springframework.boot.autoconfigure.web.BasicErrorController.errorHtml(javax.servlet.http.HttpServletRequest,javax.servlet.http.HttpServletResponse) 
.16:29:55.582 [restartedMain] [user="" token=""] INFO  o.s.w.s.h.SimpleUrlHandlerMapping - Mapped URL path [/webjars/**] onto handler of type [class org.springframework.web.servlet.resource.ResourceHttpRequestHandler] 
.16:29:55.583 [restartedMain] [user="" token=""] INFO  o.s.w.s.h.SimpleUrlHandlerMapping - Mapped URL path [/**] onto handler of type [class org.springframework.web.servlet.resource.ResourceHttpRequestHandler] 
.16:29:55.612 [restartedMain] [user="" token=""] INFO  o.s.w.s.h.SimpleUrlHandlerMapping - Mapped URL path [/**/favicon.ico] onto handler of type [class org.springframework.web.servlet.resource.ResourceHttpRequestHandler] 
.16:29:55.746 [restartedMain] [user="" token=""] INFO  o.s.b.d.a.OptionalLiveReloadServer - LiveReload server is running on port 35729 
.16:29:55.774 [restartedMain] [user="" token=""] INFO  o.s.j.e.a.AnnotationMBeanExporter - Registering beans for JMX exposure on startup 
.16:29:55.786 [restartedMain] [user="" token=""] INFO  o.a.coyote.http11.Http11NioProtocol - Initializing ProtocolHandler ["http-nio-8080"] 
.16:29:55.786 [restartedMain] [user="" token=""] INFO  o.a.coyote.http11.Http11NioProtocol - Starting ProtocolHandler ["http-nio-8080"] 
.16:29:55.788 [restartedMain] [user="" token=""] INFO  o.a.tomcat.util.net.NioSelectorPool - Using a shared selector for servlet write/read 
.16:29:55.792 [restartedMain] [user="" token=""] INFO  o.s.b.c.e.t.TomcatEmbeddedServletContainer - Tomcat started on port(s): 8080 (http) 
.16:29:55.797 [restartedMain] [user="" token=""] INFO  c.kawarides.DeliverykawaApplication - Started DeliverykawaApplication in 2.747 seconds (JVM running for 12095.476) 
.17:09:20.149 [RMI TCP Connection(2)-127.0.0.1] [user="" token=""] INFO  o.s.b.a.SpringApplicationAdminMXBeanRegistrar$SpringApplicationAdmin - Application shutdown requested. 
.17:09:20.150 [RMI TCP Connection(2)-127.0.0.1] [user="" token=""] INFO  o.s.b.c.e.AnnotationConfigEmbeddedWebApplicationContext - Closing org.springframework.boot.context.embedded.AnnotationConfigEmbeddedWebApplicationContext@190e662f: startup date [Thu Jun 01 16:29:53 PDT 2017]; root of context hierarchy 
.17:09:20.154 [RMI TCP Connection(2)-127.0.0.1] [user="" token=""] INFO  o.s.j.e.a.AnnotationMBeanExporter - Unregistering JMX-exposed beans on shutdown 
.17:09:20.154 [RMI TCP Connection(2)-127.0.0.1] [user="" token=""] INFO  o.s.o.j.LocalContainerEntityManagerFactoryBean - Closing JPA EntityManagerFactory for persistence unit 'default' 
