.15:14:09.793 [restartedMain] [user="" token=""] INFO  c.kawarides.DeliverykawaApplication - Starting DeliverykawaApplication on DESKTOP-CM1UI3C with PID 6096 (C:\Users\nikil\workspace\deliverykawa\target\classes started by nikil in C:\Users\nikil\workspace\deliverykawa) 
.15:14:09.795 [restartedMain] [user="" token=""] INFO  c.kawarides.DeliverykawaApplication - No active profile set, falling back to default profiles: default 
.15:14:09.850 [restartedMain] [user="" token=""] INFO  o.s.b.c.e.AnnotationConfigEmbeddedWebApplicationContext - Refreshing org.springframework.boot.context.embedded.AnnotationConfigEmbeddedWebApplicationContext@2fc34d5: startup date [Thu Jun 15 15:14:09 PDT 2017]; root of context hierarchy 
.15:14:10.183 [background-preinit] [user="" token=""] INFO  o.h.validator.internal.util.Version - HV000001: Hibernate Validator 5.3.5.Final 
.15:14:12.033 [restartedMain] [user="" token=""] INFO  o.s.b.c.e.t.TomcatEmbeddedServletContainer - Tomcat initialized with port(s): 8080 (http) 
.15:14:12.045 [restartedMain] [user="" token=""] INFO  o.a.catalina.core.StandardService - Starting service Tomcat 
.15:14:12.047 [restartedMain] [user="" token=""] INFO  o.a.catalina.core.StandardEngine - Starting Servlet Engine: Apache Tomcat/8.5.14 
.15:14:12.303 [localhost-startStop-1] [user="" token=""] INFO  org.apache.jasper.servlet.TldScanner - At least one JAR was scanned for TLDs yet contained no TLDs. Enable debug logging for this logger for a complete list of JARs that were scanned but no TLDs were found in them. Skipping unneeded JARs during scanning can improve startup time and JSP compilation time. 
.15:14:12.307 [localhost-startStop-1] [user="" token=""] INFO  o.a.c.c.C.[.[.[/kawadelivery] - Initializing Spring embedded WebApplicationContext 
.15:14:12.307 [localhost-startStop-1] [user="" token=""] INFO  o.s.web.context.ContextLoader - Root WebApplicationContext: initialization completed in 2457 ms 
.15:14:12.569 [localhost-startStop-1] [user="" token=""] INFO  o.s.b.w.s.FilterRegistrationBean - Mapping filter: 'characterEncodingFilter' to: [/*] 
.15:14:12.570 [localhost-startStop-1] [user="" token=""] INFO  o.s.b.w.s.FilterRegistrationBean - Mapping filter: 'hiddenHttpMethodFilter' to: [/*] 
.15:14:12.570 [localhost-startStop-1] [user="" token=""] INFO  o.s.b.w.s.FilterRegistrationBean - Mapping filter: 'httpPutFormContentFilter' to: [/*] 
.15:14:12.570 [localhost-startStop-1] [user="" token=""] INFO  o.s.b.w.s.FilterRegistrationBean - Mapping filter: 'requestContextFilter' to: [/*] 
.15:14:12.572 [localhost-startStop-1] [user="" token=""] INFO  o.s.b.w.s.DelegatingFilterProxyRegistrationBean - Mapping filter: 'springSecurityFilterChain' to: [/*] 
.15:14:12.572 [localhost-startStop-1] [user="" token=""] INFO  o.s.b.w.s.ServletRegistrationBean - Mapping servlet: 'dispatcherServlet' to [/] 
.15:14:13.340 [restartedMain] [user="" token=""] INFO  o.s.o.j.LocalContainerEntityManagerFactoryBean - Building JPA container EntityManagerFactory for persistence unit 'default' 
.15:14:13.354 [restartedMain] [user="" token=""] INFO  o.h.jpa.internal.util.LogHelper - HHH000204: Processing PersistenceUnitInfo [
	name: default
	...] 
.15:14:13.418 [restartedMain] [user="" token=""] INFO  org.hibernate.Version - HHH000412: Hibernate Core {5.0.12.Final} 
.15:14:13.419 [restartedMain] [user="" token=""] INFO  org.hibernate.cfg.Environment - HHH000206: hibernate.properties not found 
.15:14:13.421 [restartedMain] [user="" token=""] INFO  org.hibernate.cfg.Environment - HHH000021: Bytecode provider name : javassist 
.15:14:13.463 [restartedMain] [user="" token=""] INFO  o.h.annotations.common.Version - HCANN000001: Hibernate Commons Annotations {5.0.1.Final} 
.15:14:13.581 [restartedMain] [user="" token=""] INFO  org.hibernate.dialect.Dialect - HHH000400: Using dialect: org.hibernate.dialect.MySQL5Dialect 
.15:14:14.008 [restartedMain] [user="" token=""] INFO  o.h.tool.hbm2ddl.SchemaUpdate - HHH000228: Running hbm2ddl schema update 
.15:14:14.447 [restartedMain] [user="" token=""] INFO  o.s.o.j.LocalContainerEntityManagerFactoryBean - Initialized JPA EntityManagerFactory for persistence unit 'default' 
.15:14:14.938 [restartedMain] [user="" token=""] INFO  o.h.h.i.QueryTranslatorFactoryInitiator - HHH000397: Using ASTQueryTranslatorFactory 
.15:14:15.578 [restartedMain] [user="" token=""] INFO  o.s.aop.framework.CglibAopProxy - Final method [protected final org.springframework.context.ApplicationContext org.springframework.security.config.annotation.web.configuration.WebSecurityConfigurerAdapter.getApplicationContext()] cannot get proxied via CGLIB: Calls to this method will NOT be routed to the target instance and might lead to NPEs against uninitialized fields in the proxy instance. 
.15:14:15.578 [restartedMain] [user="" token=""] INFO  o.s.aop.framework.CglibAopProxy - Final method [protected final org.springframework.security.config.annotation.web.builders.HttpSecurity org.springframework.security.config.annotation.web.configuration.WebSecurityConfigurerAdapter.getHttp() throws java.lang.Exception] cannot get proxied via CGLIB: Calls to this method will NOT be routed to the target instance and might lead to NPEs against uninitialized fields in the proxy instance. 
.15:14:15.744 [restartedMain] [user="" token=""] INFO  c.k.admin.aspect.LoggerAspect - SecurityConfiguration$$EnhancerBySpringCGLIB$$9cfb9458 : configure 
.15:14:15.746 [restartedMain] [user="" token=""] INFO  o.s.s.web.DefaultSecurityFilterChain - Creating filter chain: Ant [pattern='/resources/**'], [] 
.15:14:15.863 [restartedMain] [user="" token=""] INFO  o.s.s.web.DefaultSecurityFilterChain - Creating filter chain: org.springframework.security.web.util.matcher.AnyRequestMatcher@1, [org.springframework.security.web.context.request.async.WebAsyncManagerIntegrationFilter@485a2747, org.springframework.security.web.context.SecurityContextPersistenceFilter@5d08a07, org.springframework.security.web.header.HeaderWriterFilter@7cd395c7, org.springframework.security.web.csrf.CsrfFilter@1cc02220, org.springframework.security.web.authentication.logout.LogoutFilter@34a8e468, org.springframework.security.web.authentication.UsernamePasswordAuthenticationFilter@61e9d25, org.springframework.security.web.authentication.www.BasicAuthenticationFilter@479c4a98, org.springframework.security.web.savedrequest.RequestCacheAwareFilter@7d55f098, org.springframework.security.web.servletapi.SecurityContextHolderAwareRequestFilter@7214592a, org.springframework.security.web.authentication.AnonymousAuthenticationFilter@1007a4d0, org.springframework.security.web.session.SessionManagementFilter@57f06b6a, org.springframework.security.web.access.ExceptionTranslationFilter@31773b70, org.springframework.security.web.access.intercept.FilterSecurityInterceptor@4fe41dbb] 
.15:14:16.000 [restartedMain] [user="" token=""] INFO  o.s.w.s.m.m.a.RequestMappingHandlerAdapter - Looking for @ControllerAdvice: org.springframework.boot.context.embedded.AnnotationConfigEmbeddedWebApplicationContext@2fc34d5: startup date [Thu Jun 15 15:14:09 PDT 2017]; root of context hierarchy 
.15:14:16.083 [restartedMain] [user="" token=""] INFO  o.s.w.s.m.m.a.RequestMappingHandlerMapping - Mapped "{[/cat/list/{catId}]}" onto public com.kawarides.admin.model.Categories com.kawarides.admin.controller.api.CategoriesController.findOne(java.lang.Long) 
.15:14:16.084 [restartedMain] [user="" token=""] INFO  o.s.w.s.m.m.a.RequestMappingHandlerMapping - Mapped "{[/cat/list]}" onto public java.util.List<com.kawarides.admin.model.Categories> com.kawarides.admin.controller.api.CategoriesController.listCategory() 
.15:14:16.084 [restartedMain] [user="" token=""] INFO  o.s.w.s.m.m.a.RequestMappingHandlerMapping - Mapped "{[/cat/add]}" onto public com.kawarides.admin.model.Categories com.kawarides.admin.controller.api.CategoriesController.addCateogory(com.kawarides.admin.model.Categories) 
.15:14:16.085 [restartedMain] [user="" token=""] INFO  o.s.w.s.m.m.a.RequestMappingHandlerMapping - Mapped "{[/user/list]}" onto public java.util.List<com.kawarides.admin.model.User> com.kawarides.admin.controller.api.UserController.userList() 
.15:14:16.085 [restartedMain] [user="" token=""] INFO  o.s.w.s.m.m.a.RequestMappingHandlerMapping - Mapped "{[/user/list/{userId}]}" onto public com.kawarides.admin.model.User com.kawarides.admin.controller.api.UserController.findOne(java.lang.Long) 
.15:14:16.085 [restartedMain] [user="" token=""] INFO  o.s.w.s.m.m.a.RequestMappingHandlerMapping - Mapped "{[/user/delete/{userId}]}" onto public java.lang.String com.kawarides.admin.controller.api.UserController.deleteUser(java.lang.Long) 
.15:14:16.085 [restartedMain] [user="" token=""] INFO  o.s.w.s.m.m.a.RequestMappingHandlerMapping - Mapped "{[/user/add]}" onto public com.kawarides.admin.model.User com.kawarides.admin.controller.api.UserController.addUser(com.kawarides.admin.model.User) 
.15:14:16.089 [restartedMain] [user="" token=""] INFO  o.s.w.s.m.m.a.RequestMappingHandlerMapping - Mapped "{[/brandsview/form],methods=[GET]}" onto public java.lang.String com.kawarides.admin.controller.view.BrandViewController.insertform(com.kawarides.admin.model.Brands,org.springframework.ui.Model) 
.15:14:16.090 [restartedMain] [user="" token=""] INFO  o.s.w.s.m.m.a.RequestMappingHandlerMapping - Mapped "{[/brandsview/updateform/{id}],methods=[GET]}" onto public java.lang.String com.kawarides.admin.controller.view.BrandViewController.updateBrand(java.lang.Long,org.springframework.ui.Model,com.kawarides.admin.model.Brands) 
.15:14:16.090 [restartedMain] [user="" token=""] INFO  o.s.w.s.m.m.a.RequestMappingHandlerMapping - Mapped "{[/brandsview/list],methods=[GET]}" onto public java.lang.String com.kawarides.admin.controller.view.BrandViewController.brandList(org.springframework.ui.Model) 
.15:14:16.090 [restartedMain] [user="" token=""] INFO  o.s.w.s.m.m.a.RequestMappingHandlerMapping - Mapped "{[/brandsview/save],methods=[POST]}" onto public java.lang.String com.kawarides.admin.controller.view.BrandViewController.saveBrand(com.kawarides.admin.model.Brands) 
.15:14:16.090 [restartedMain] [user="" token=""] INFO  o.s.w.s.m.m.a.RequestMappingHandlerMapping - Mapped "{[/brandsview/deletebrand/{id}]}" onto public java.lang.String com.kawarides.admin.controller.view.BrandViewController.deleteBrand(java.lang.Long) 
.15:14:16.091 [restartedMain] [user="" token=""] INFO  o.s.w.s.m.m.a.RequestMappingHandlerMapping - Mapped "{[/categoryview/form],methods=[GET]}" onto public java.lang.String com.kawarides.admin.controller.view.CategoryViewController.insertform(com.kawarides.admin.model.User,org.springframework.ui.Model) 
.15:14:16.091 [restartedMain] [user="" token=""] INFO  o.s.w.s.m.m.a.RequestMappingHandlerMapping - Mapped "{[/categoryview/updateform/{id}],methods=[GET]}" onto public java.lang.String com.kawarides.admin.controller.view.CategoryViewController.updateUser(java.lang.Long,org.springframework.ui.Model,com.kawarides.admin.model.Categories) 
.15:14:16.092 [restartedMain] [user="" token=""] INFO  o.s.w.s.m.m.a.RequestMappingHandlerMapping - Mapped "{[/categoryview/save],methods=[POST]}" onto public java.lang.String com.kawarides.admin.controller.view.CategoryViewController.saveUser(com.kawarides.admin.model.Categories) 
.15:14:16.092 [restartedMain] [user="" token=""] INFO  o.s.w.s.m.m.a.RequestMappingHandlerMapping - Mapped "{[/categoryview/list],methods=[GET]}" onto public java.lang.String com.kawarides.admin.controller.view.CategoryViewController.categoryList(org.springframework.ui.Model) 
.15:14:16.092 [restartedMain] [user="" token=""] INFO  o.s.w.s.m.m.a.RequestMappingHandlerMapping - Mapped "{[/categoryview/deletecategory/{id}]}" onto public java.lang.String com.kawarides.admin.controller.view.CategoryViewController.deleteUser(java.lang.Long) 
.15:14:16.093 [restartedMain] [user="" token=""] INFO  o.s.w.s.m.m.a.RequestMappingHandlerMapping - Mapped "{[/default/login],methods=[GET]}" onto public java.lang.String com.kawarides.admin.controller.view.DashboardController.hello() 
.15:14:16.095 [restartedMain] [user="" token=""] INFO  o.s.w.s.m.m.a.RequestMappingHandlerMapping - Mapped "{[/userview/list],methods=[GET]}" onto public java.lang.String com.kawarides.admin.controller.view.UserViewController.userList(org.springframework.ui.Model) 
.15:14:16.096 [restartedMain] [user="" token=""] INFO  o.s.w.s.m.m.a.RequestMappingHandlerMapping - Mapped "{[/userview/form],methods=[GET]}" onto public java.lang.String com.kawarides.admin.controller.view.UserViewController.insertform(com.kawarides.admin.model.User,org.springframework.ui.Model) 
.15:14:16.096 [restartedMain] [user="" token=""] INFO  o.s.w.s.m.m.a.RequestMappingHandlerMapping - Mapped "{[/userview/updateform/{userId}],methods=[GET]}" onto public java.lang.String com.kawarides.admin.controller.view.UserViewController.updateUser(java.lang.Long,org.springframework.ui.Model,com.kawarides.admin.model.User) 
.15:14:16.096 [restartedMain] [user="" token=""] INFO  o.s.w.s.m.m.a.RequestMappingHandlerMapping - Mapped "{[/userview/save],methods=[POST]}" onto public java.lang.String com.kawarides.admin.controller.view.UserViewController.saveUser(com.kawarides.admin.model.User) 
.15:14:16.096 [restartedMain] [user="" token=""] INFO  o.s.w.s.m.m.a.RequestMappingHandlerMapping - Mapped "{[/userview/deleteuser/{userId}]}" onto public java.lang.String com.kawarides.admin.controller.view.UserViewController.deleteUser(java.lang.Long) 
.15:14:16.098 [restartedMain] [user="" token=""] INFO  o.s.w.s.m.m.a.RequestMappingHandlerMapping - Mapped "{[/error]}" onto public org.springframework.http.ResponseEntity<java.util.Map<java.lang.String, java.lang.Object>> org.springframework.boot.autoconfigure.web.BasicErrorController.error(javax.servlet.http.HttpServletRequest) 
.15:14:16.099 [restartedMain] [user="" token=""] INFO  o.s.w.s.m.m.a.RequestMappingHandlerMapping - Mapped "{[/error],produces=[text/html]}" onto public org.springframework.web.servlet.ModelAndView org.springframework.boot.autoconfigure.web.BasicErrorController.errorHtml(javax.servlet.http.HttpServletRequest,javax.servlet.http.HttpServletResponse) 
.15:14:16.172 [restartedMain] [user="" token=""] INFO  o.s.w.s.h.SimpleUrlHandlerMapping - Mapped URL path [/webjars/**] onto handler of type [class org.springframework.web.servlet.resource.ResourceHttpRequestHandler] 
.15:14:16.172 [restartedMain] [user="" token=""] INFO  o.s.w.s.h.SimpleUrlHandlerMapping - Mapped URL path [/**] onto handler of type [class org.springframework.web.servlet.resource.ResourceHttpRequestHandler] 
.15:14:16.228 [restartedMain] [user="" token=""] INFO  o.s.w.s.h.SimpleUrlHandlerMapping - Mapped URL path [/**/favicon.ico] onto handler of type [class org.springframework.web.servlet.resource.ResourceHttpRequestHandler] 
.15:14:16.619 [restartedMain] [user="" token=""] INFO  o.s.b.d.a.OptionalLiveReloadServer - LiveReload server is running on port 35729 
.15:14:16.677 [restartedMain] [user="" token=""] INFO  o.s.j.e.a.AnnotationMBeanExporter - Registering beans for JMX exposure on startup 
.15:14:16.735 [restartedMain] [user="" token=""] INFO  o.a.coyote.http11.Http11NioProtocol - Initializing ProtocolHandler ["http-nio-8080"] 
.15:14:16.749 [restartedMain] [user="" token=""] INFO  o.a.coyote.http11.Http11NioProtocol - Starting ProtocolHandler ["http-nio-8080"] 
.15:14:16.801 [restartedMain] [user="" token=""] INFO  o.a.tomcat.util.net.NioSelectorPool - Using a shared selector for servlet write/read 
.15:14:16.845 [restartedMain] [user="" token=""] INFO  o.s.b.c.e.t.TomcatEmbeddedServletContainer - Tomcat started on port(s): 8080 (http) 
.15:14:16.856 [restartedMain] [user="" token=""] INFO  c.kawarides.DeliverykawaApplication - Started DeliverykawaApplication in 7.29 seconds (JVM running for 7.985) 
.15:14:27.783 [http-nio-8080-exec-1] [user="" token=""] INFO  o.a.c.c.C.[.[.[/kawadelivery] - Initializing Spring FrameworkServlet 'dispatcherServlet' 
.15:14:27.784 [http-nio-8080-exec-1] [user="" token=""] INFO  o.s.web.servlet.DispatcherServlet - FrameworkServlet 'dispatcherServlet': initialization started 
.15:14:27.808 [http-nio-8080-exec-1] [user="" token=""] INFO  o.s.web.servlet.DispatcherServlet - FrameworkServlet 'dispatcherServlet': initialization completed in 24 ms 
.17:42:14.100 [Thread-7] [user="" token=""] INFO  o.s.b.c.e.AnnotationConfigEmbeddedWebApplicationContext - Closing org.springframework.boot.context.embedded.AnnotationConfigEmbeddedWebApplicationContext@2fc34d5: startup date [Thu Jun 15 15:14:09 PDT 2017]; root of context hierarchy 
.17:42:14.133 [Thread-7] [user="" token=""] INFO  o.s.j.e.a.AnnotationMBeanExporter - Unregistering JMX-exposed beans on shutdown 
.17:42:14.159 [Thread-7] [user="" token=""] INFO  o.s.o.j.LocalContainerEntityManagerFactoryBean - Closing JPA EntityManagerFactory for persistence unit 'default' 
.17:42:14.805 [restartedMain] [user="" token=""] INFO  c.kawarides.DeliverykawaApplication - Starting DeliverykawaApplication on DESKTOP-CM1UI3C with PID 6096 (C:\Users\nikil\workspace\deliverykawa\target\classes started by nikil in C:\Users\nikil\workspace\deliverykawa) 
.17:42:14.806 [restartedMain] [user="" token=""] INFO  c.kawarides.DeliverykawaApplication - No active profile set, falling back to default profiles: default 
.17:42:14.812 [restartedMain] [user="" token=""] INFO  o.s.b.c.e.AnnotationConfigEmbeddedWebApplicationContext - Refreshing org.springframework.boot.context.embedded.AnnotationConfigEmbeddedWebApplicationContext@66586826: startup date [Thu Jun 15 17:42:14 PDT 2017]; root of context hierarchy 
.17:42:16.715 [restartedMain] [user="" token=""] INFO  o.s.b.c.e.t.TomcatEmbeddedServletContainer - Tomcat initialized with port(s): 8080 (http) 
.17:42:16.716 [restartedMain] [user="" token=""] INFO  o.a.catalina.core.StandardService - Starting service Tomcat 
.17:42:16.716 [restartedMain] [user="" token=""] INFO  o.a.catalina.core.StandardEngine - Starting Servlet Engine: Apache Tomcat/8.5.14 
.17:42:16.904 [localhost-startStop-1] [user="" token=""] INFO  org.apache.jasper.servlet.TldScanner - At least one JAR was scanned for TLDs yet contained no TLDs. Enable debug logging for this logger for a complete list of JARs that were scanned but no TLDs were found in them. Skipping unneeded JARs during scanning can improve startup time and JSP compilation time. 
.17:42:16.910 [localhost-startStop-1] [user="" token=""] INFO  o.a.c.c.C.[.[.[/kawadelivery] - Initializing Spring embedded WebApplicationContext 
.17:42:16.912 [localhost-startStop-1] [user="" token=""] INFO  o.s.web.context.ContextLoader - Root WebApplicationContext: initialization completed in 2101 ms 
.17:42:17.428 [localhost-startStop-1] [user="" token=""] INFO  o.s.b.w.s.FilterRegistrationBean - Mapping filter: 'characterEncodingFilter' to: [/*] 
.17:42:17.429 [localhost-startStop-1] [user="" token=""] INFO  o.s.b.w.s.FilterRegistrationBean - Mapping filter: 'hiddenHttpMethodFilter' to: [/*] 
.17:42:17.430 [localhost-startStop-1] [user="" token=""] INFO  o.s.b.w.s.FilterRegistrationBean - Mapping filter: 'httpPutFormContentFilter' to: [/*] 
.17:42:17.430 [localhost-startStop-1] [user="" token=""] INFO  o.s.b.w.s.FilterRegistrationBean - Mapping filter: 'requestContextFilter' to: [/*] 
.17:42:17.431 [localhost-startStop-1] [user="" token=""] INFO  o.s.b.w.s.DelegatingFilterProxyRegistrationBean - Mapping filter: 'springSecurityFilterChain' to: [/*] 
.17:42:17.431 [localhost-startStop-1] [user="" token=""] INFO  o.s.b.w.s.ServletRegistrationBean - Mapping servlet: 'dispatcherServlet' to [/] 
.17:42:18.321 [restartedMain] [user="" token=""] INFO  o.s.o.j.LocalContainerEntityManagerFactoryBean - Building JPA container EntityManagerFactory for persistence unit 'default' 
.17:42:18.322 [restartedMain] [user="" token=""] INFO  o.h.jpa.internal.util.LogHelper - HHH000204: Processing PersistenceUnitInfo [
	name: default
	...] 
.17:42:18.340 [restartedMain] [user="" token=""] INFO  org.hibernate.dialect.Dialect - HHH000400: Using dialect: org.hibernate.dialect.MySQL5Dialect 
.17:42:18.569 [restartedMain] [user="" token=""] INFO  o.h.tool.hbm2ddl.SchemaUpdate - HHH000228: Running hbm2ddl schema update 
.17:42:19.112 [restartedMain] [user="" token=""] INFO  o.s.o.j.LocalContainerEntityManagerFactoryBean - Initialized JPA EntityManagerFactory for persistence unit 'default' 
.17:42:19.416 [restartedMain] [user="" token=""] INFO  o.h.h.i.QueryTranslatorFactoryInitiator - HHH000397: Using ASTQueryTranslatorFactory 
.17:42:19.993 [restartedMain] [user="" token=""] INFO  o.s.aop.framework.CglibAopProxy - Final method [protected final org.springframework.context.ApplicationContext org.springframework.security.config.annotation.web.configuration.WebSecurityConfigurerAdapter.getApplicationContext()] cannot get proxied via CGLIB: Calls to this method will NOT be routed to the target instance and might lead to NPEs against uninitialized fields in the proxy instance. 
.17:42:19.993 [restartedMain] [user="" token=""] INFO  o.s.aop.framework.CglibAopProxy - Final method [protected final org.springframework.security.config.annotation.web.builders.HttpSecurity org.springframework.security.config.annotation.web.configuration.WebSecurityConfigurerAdapter.getHttp() throws java.lang.Exception] cannot get proxied via CGLIB: Calls to this method will NOT be routed to the target instance and might lead to NPEs against uninitialized fields in the proxy instance. 
.17:42:20.056 [restartedMain] [user="" token=""] INFO  c.k.admin.aspect.LoggerAspect - SecurityConfiguration$$EnhancerBySpringCGLIB$$9cfb9458 : configure 
.17:42:20.057 [restartedMain] [user="" token=""] INFO  o.s.s.web.DefaultSecurityFilterChain - Creating filter chain: Ant [pattern='/resources/**'], [] 
.17:42:20.147 [restartedMain] [user="" token=""] INFO  o.s.s.web.DefaultSecurityFilterChain - Creating filter chain: org.springframework.security.web.util.matcher.AnyRequestMatcher@1, [org.springframework.security.web.context.request.async.WebAsyncManagerIntegrationFilter@2cdec263, org.springframework.security.web.context.SecurityContextPersistenceFilter@1afd2c24, org.springframework.security.web.header.HeaderWriterFilter@7111c324, org.springframework.security.web.csrf.CsrfFilter@1e1bbe5a, org.springframework.security.web.authentication.logout.LogoutFilter@14e037ff, org.springframework.security.web.authentication.UsernamePasswordAuthenticationFilter@757ad695, org.springframework.security.web.authentication.www.BasicAuthenticationFilter@6d6b4909, org.springframework.security.web.savedrequest.RequestCacheAwareFilter@790f4067, org.springframework.security.web.servletapi.SecurityContextHolderAwareRequestFilter@382672fd, org.springframework.security.web.authentication.AnonymousAuthenticationFilter@6e1a6ab0, org.springframework.security.web.session.SessionManagementFilter@59d7a02a, org.springframework.security.web.access.ExceptionTranslationFilter@110aa0b2, org.springframework.security.web.access.intercept.FilterSecurityInterceptor@2f9da373] 
.17:42:20.211 [restartedMain] [user="" token=""] INFO  o.s.w.s.m.m.a.RequestMappingHandlerAdapter - Looking for @ControllerAdvice: org.springframework.boot.context.embedded.AnnotationConfigEmbeddedWebApplicationContext@66586826: startup date [Thu Jun 15 17:42:14 PDT 2017]; root of context hierarchy 
.17:42:20.254 [restartedMain] [user="" token=""] INFO  o.s.w.s.m.m.a.RequestMappingHandlerMapping - Mapped "{[/cat/list/{catId}]}" onto public com.kawarides.admin.model.Categories com.kawarides.admin.controller.api.CategoriesController.findOne(java.lang.Long) 
.17:42:20.255 [restartedMain] [user="" token=""] INFO  o.s.w.s.m.m.a.RequestMappingHandlerMapping - Mapped "{[/cat/list]}" onto public java.util.List<com.kawarides.admin.model.Categories> com.kawarides.admin.controller.api.CategoriesController.listCategory() 
.17:42:20.255 [restartedMain] [user="" token=""] INFO  o.s.w.s.m.m.a.RequestMappingHandlerMapping - Mapped "{[/cat/add]}" onto public com.kawarides.admin.model.Categories com.kawarides.admin.controller.api.CategoriesController.addCateogory(com.kawarides.admin.model.Categories) 
.17:42:20.264 [restartedMain] [user="" token=""] INFO  o.s.w.s.m.m.a.RequestMappingHandlerMapping - Mapped "{[/user/list]}" onto public java.util.List<com.kawarides.admin.model.User> com.kawarides.admin.controller.api.UserController.userList() 
.17:42:20.265 [restartedMain] [user="" token=""] INFO  o.s.w.s.m.m.a.RequestMappingHandlerMapping - Mapped "{[/user/list/{userId}]}" onto public com.kawarides.admin.model.User com.kawarides.admin.controller.api.UserController.findOne(java.lang.Long) 
.17:42:20.265 [restartedMain] [user="" token=""] INFO  o.s.w.s.m.m.a.RequestMappingHandlerMapping - Mapped "{[/user/delete/{userId}]}" onto public java.lang.String com.kawarides.admin.controller.api.UserController.deleteUser(java.lang.Long) 
.17:42:20.265 [restartedMain] [user="" token=""] INFO  o.s.w.s.m.m.a.RequestMappingHandlerMapping - Mapped "{[/user/add]}" onto public com.kawarides.admin.model.User com.kawarides.admin.controller.api.UserController.addUser(com.kawarides.admin.model.User) 
.17:42:20.270 [restartedMain] [user="" token=""] INFO  o.s.w.s.m.m.a.RequestMappingHandlerMapping - Mapped "{[/brandsview/form],methods=[GET]}" onto public java.lang.String com.kawarides.admin.controller.view.BrandViewController.insertform(com.kawarides.admin.model.Brands,org.springframework.ui.Model) 
.17:42:20.270 [restartedMain] [user="" token=""] INFO  o.s.w.s.m.m.a.RequestMappingHandlerMapping - Mapped "{[/brandsview/updateform/{id}],methods=[GET]}" onto public java.lang.String com.kawarides.admin.controller.view.BrandViewController.updateBrand(java.lang.Long,org.springframework.ui.Model,com.kawarides.admin.model.Brands) 
.17:42:20.270 [restartedMain] [user="" token=""] INFO  o.s.w.s.m.m.a.RequestMappingHandlerMapping - Mapped "{[/brandsview/list],methods=[GET]}" onto public java.lang.String com.kawarides.admin.controller.view.BrandViewController.brandList(org.springframework.ui.Model) 
.17:42:20.271 [restartedMain] [user="" token=""] INFO  o.s.w.s.m.m.a.RequestMappingHandlerMapping - Mapped "{[/brandsview/save],methods=[POST]}" onto public java.lang.String com.kawarides.admin.controller.view.BrandViewController.saveBrand(com.kawarides.admin.model.Brands) 
.17:42:20.271 [restartedMain] [user="" token=""] INFO  o.s.w.s.m.m.a.RequestMappingHandlerMapping - Mapped "{[/brandsview/deletebrand/{id}]}" onto public java.lang.String com.kawarides.admin.controller.view.BrandViewController.deleteBrand(java.lang.Long) 
.17:42:20.273 [restartedMain] [user="" token=""] INFO  o.s.w.s.m.m.a.RequestMappingHandlerMapping - Mapped "{[/categoryview/form],methods=[GET]}" onto public java.lang.String com.kawarides.admin.controller.view.CategoryViewController.insertform(com.kawarides.admin.model.User,org.springframework.ui.Model) 
.17:42:20.273 [restartedMain] [user="" token=""] INFO  o.s.w.s.m.m.a.RequestMappingHandlerMapping - Mapped "{[/categoryview/updateform/{id}],methods=[GET]}" onto public java.lang.String com.kawarides.admin.controller.view.CategoryViewController.updateUser(java.lang.Long,org.springframework.ui.Model,com.kawarides.admin.model.Categories) 
.17:42:20.273 [restartedMain] [user="" token=""] INFO  o.s.w.s.m.m.a.RequestMappingHandlerMapping - Mapped "{[/categoryview/save],methods=[POST]}" onto public java.lang.String com.kawarides.admin.controller.view.CategoryViewController.saveUser(com.kawarides.admin.model.Categories) 
.17:42:20.273 [restartedMain] [user="" token=""] INFO  o.s.w.s.m.m.a.RequestMappingHandlerMapping - Mapped "{[/categoryview/list],methods=[GET]}" onto public java.lang.String com.kawarides.admin.controller.view.CategoryViewController.categoryList(org.springframework.ui.Model) 
.17:42:20.274 [restartedMain] [user="" token=""] INFO  o.s.w.s.m.m.a.RequestMappingHandlerMapping - Mapped "{[/categoryview/deletecategory/{id}]}" onto public java.lang.String com.kawarides.admin.controller.view.CategoryViewController.deleteUser(java.lang.Long) 
.17:42:20.281 [restartedMain] [user="" token=""] INFO  o.s.w.s.m.m.a.RequestMappingHandlerMapping - Mapped "{[/default/login],methods=[GET]}" onto public java.lang.String com.kawarides.admin.controller.view.DashboardController.hello() 
.17:42:20.284 [restartedMain] [user="" token=""] INFO  o.s.w.s.m.m.a.RequestMappingHandlerMapping - Mapped "{[/userview/list],methods=[GET]}" onto public java.lang.String com.kawarides.admin.controller.view.UserViewController.userList(org.springframework.ui.Model) 
.17:42:20.285 [restartedMain] [user="" token=""] INFO  o.s.w.s.m.m.a.RequestMappingHandlerMapping - Mapped "{[/userview/form],methods=[GET]}" onto public java.lang.String com.kawarides.admin.controller.view.UserViewController.insertform(com.kawarides.admin.model.User,org.springframework.ui.Model) 
.17:42:20.285 [restartedMain] [user="" token=""] INFO  o.s.w.s.m.m.a.RequestMappingHandlerMapping - Mapped "{[/userview/updateform/{userId}],methods=[GET]}" onto public java.lang.String com.kawarides.admin.controller.view.UserViewController.updateUser(java.lang.Long,org.springframework.ui.Model,com.kawarides.admin.model.User) 
.17:42:20.285 [restartedMain] [user="" token=""] INFO  o.s.w.s.m.m.a.RequestMappingHandlerMapping - Mapped "{[/userview/save],methods=[POST]}" onto public java.lang.String com.kawarides.admin.controller.view.UserViewController.saveUser(com.kawarides.admin.model.User) 
.17:42:20.286 [restartedMain] [user="" token=""] INFO  o.s.w.s.m.m.a.RequestMappingHandlerMapping - Mapped "{[/userview/deleteuser/{userId}]}" onto public java.lang.String com.kawarides.admin.controller.view.UserViewController.deleteUser(java.lang.Long) 
.17:42:20.288 [restartedMain] [user="" token=""] INFO  o.s.w.s.m.m.a.RequestMappingHandlerMapping - Mapped "{[/error]}" onto public org.springframework.http.ResponseEntity<java.util.Map<java.lang.String, java.lang.Object>> org.springframework.boot.autoconfigure.web.BasicErrorController.error(javax.servlet.http.HttpServletRequest) 
.17:42:20.288 [restartedMain] [user="" token=""] INFO  o.s.w.s.m.m.a.RequestMappingHandlerMapping - Mapped "{[/error],produces=[text/html]}" onto public org.springframework.web.servlet.ModelAndView org.springframework.boot.autoconfigure.web.BasicErrorController.errorHtml(javax.servlet.http.HttpServletRequest,javax.servlet.http.HttpServletResponse) 
.17:42:20.351 [restartedMain] [user="" token=""] INFO  o.s.w.s.h.SimpleUrlHandlerMapping - Mapped URL path [/webjars/**] onto handler of type [class org.springframework.web.servlet.resource.ResourceHttpRequestHandler] 
.17:42:20.351 [restartedMain] [user="" token=""] INFO  o.s.w.s.h.SimpleUrlHandlerMapping - Mapped URL path [/**] onto handler of type [class org.springframework.web.servlet.resource.ResourceHttpRequestHandler] 
.17:42:20.389 [restartedMain] [user="" token=""] INFO  o.s.w.s.h.SimpleUrlHandlerMapping - Mapped URL path [/**/favicon.ico] onto handler of type [class org.springframework.web.servlet.resource.ResourceHttpRequestHandler] 
.17:42:20.638 [restartedMain] [user="" token=""] INFO  o.s.b.d.a.OptionalLiveReloadServer - LiveReload server is running on port 35729 
.17:42:20.685 [restartedMain] [user="" token=""] INFO  o.s.j.e.a.AnnotationMBeanExporter - Registering beans for JMX exposure on startup 
.17:42:20.693 [restartedMain] [user="" token=""] INFO  o.a.coyote.http11.Http11NioProtocol - Initializing ProtocolHandler ["http-nio-8080"] 
.17:42:20.694 [restartedMain] [user="" token=""] INFO  o.a.coyote.http11.Http11NioProtocol - Starting ProtocolHandler ["http-nio-8080"] 
.17:42:20.695 [restartedMain] [user="" token=""] INFO  o.a.tomcat.util.net.NioSelectorPool - Using a shared selector for servlet write/read 
.17:42:20.699 [restartedMain] [user="" token=""] INFO  o.s.b.c.e.t.TomcatEmbeddedServletContainer - Tomcat started on port(s): 8080 (http) 
.17:42:20.702 [restartedMain] [user="" token=""] INFO  c.kawarides.DeliverykawaApplication - Started DeliverykawaApplication in 6.038 seconds (JVM running for 8891.832) 
.17:42:21.520 [RMI TCP Connection(2)-127.0.0.1] [user="" token=""] INFO  o.s.b.a.SpringApplicationAdminMXBeanRegistrar$SpringApplicationAdmin - Application shutdown requested. 
.17:42:21.520 [RMI TCP Connection(2)-127.0.0.1] [user="" token=""] INFO  o.s.b.c.e.AnnotationConfigEmbeddedWebApplicationContext - Closing org.springframework.boot.context.embedded.AnnotationConfigEmbeddedWebApplicationContext@66586826: startup date [Thu Jun 15 17:42:14 PDT 2017]; root of context hierarchy 
.17:42:21.523 [RMI TCP Connection(2)-127.0.0.1] [user="" token=""] INFO  o.s.j.e.a.AnnotationMBeanExporter - Unregistering JMX-exposed beans on shutdown 
.17:42:21.526 [RMI TCP Connection(2)-127.0.0.1] [user="" token=""] INFO  o.s.o.j.LocalContainerEntityManagerFactoryBean - Closing JPA EntityManagerFactory for persistence unit 'default' 
